Using pre-set license
Built from '2020.3/release' branch; Version is '2020.3.2f1 (8fd9074bf66c) revision 9427207'; Using compiler version '192528614'; Build Type 'Release'
OS: 'Windows 10 Pro for Workstations; OS build 18362.1256; Version 1903; 64bit' Language: 'fr' Physical Memory: 16103 MB
BatchMode: 1, IsHumanControllingUs: 0, StartBugReporterOnCrash: 0, Is64bit: 1, IsPro: 0

 COMMAND LINE ARGUMENTS:
C:\Program Files\Unity\Hub\Editor\2020.3.2f1\Editor\Unity.exe
-adb2
-batchMode
-noUpm
-name
AssetImportWorker14
-projectPath
C:/Users/game2/Documents/GitHub/Yuggoth
-logFile
Logs/AssetImportWorker14.log
-srvPort
62514
Successfully changed project path to: C:/Users/game2/Documents/GitHub/Yuggoth
C:/Users/game2/Documents/GitHub/Yuggoth
Using Asset Import Pipeline V2.
Refreshing native plugins compatible for Editor in 8669.56 ms, found 0 plugins.
Preloading 0 native plugins for Editor in 0.00 ms.
Initialize engine version: 2020.3.2f1 (8fd9074bf66c)
[Subsystems] Discovering subsystems at path C:/Program Files/Unity/Hub/Editor/2020.3.2f1/Editor/Data/Resources/UnitySubsystems
[Subsystems] Discovering subsystems at path C:/Users/game2/Documents/GitHub/Yuggoth/Assets
GfxDevice: creating device client; threaded=0
Direct3D:
    Version:  Direct3D 11.0 [level 11.1]
    Renderer: NVIDIA GeForce GTX 1070 (ID=0x1b81)
    Vendor:   
    VRAM:     8088 MB
    Driver:   27.21.14.5671
Shader 'Universal Render Pipeline/Particles/Lit': fallback shader 'Universal Render Pipeline/Particles/SimpleLit' not found
Initialize mono
Mono path[0] = 'C:/Program Files/Unity/Hub/Editor/2020.3.2f1/Editor/Data/Managed'
Mono path[1] = 'C:/Program Files/Unity/Hub/Editor/2020.3.2f1/Editor/Data/MonoBleedingEdge/lib/mono/unityjit'
Mono config path = 'C:/Program Files/Unity/Hub/Editor/2020.3.2f1/Editor/Data/MonoBleedingEdge/etc'
Using monoOptions --debugger-agent=transport=dt_socket,embedding=1,server=y,suspend=n,address=127.0.0.1:56284
Begin MonoManager ReloadAssembly
Registering precompiled unity dll's ...
Register platform support module: C:/Program Files/Unity/Hub/Editor/2020.3.2f1/Editor/Data/PlaybackEngines/WindowsStandaloneSupport/UnityEditor.WindowsStandalone.Extensions.dll
Registered in 0.001035 seconds.
Native extension for WindowsStandalone target not found
Refreshing native plugins compatible for Editor in 61.66 ms, found 0 plugins.
Preloading 0 native plugins for Editor in 0.00 ms.
Invoked RoslynAnalysisRunner static constructor.
RoslynAnalysisRunner will not be running.
RoslynAnalysisRunner has terminated.
Mono: successfully reloaded assembly
- Completed reload, in  5.953 seconds
Platform modules already initialized, skipping
Registering precompiled user dll's ...
Registered in 0.001853 seconds.
Begin MonoManager ReloadAssembly
Native extension for WindowsStandalone target not found
Refreshing native plugins compatible for Editor in 80.01 ms, found 0 plugins.
Preloading 0 native plugins for Editor in 0.00 ms.
Invoked RoslynAnalysisRunner static constructor.
RoslynAnalysisRunner will not be running.
RoslynAnalysisRunner has terminated.
Mono: successfully reloaded assembly
- Completed reload, in  1.303 seconds
Platform modules already initialized, skipping
========================================================================
Worker process is ready to serve import requests
Shader 'Universal Render Pipeline/Particles/Lit': fallback shader 'Universal Render Pipeline/Particles/SimpleLit' not found
Launched and connected shader compiler UnityShaderCompiler.exe after 0.21 seconds
Refreshing native plugins compatible for Editor in 0.70 ms, found 0 plugins.
Preloading 0 native plugins for Editor in 0.00 ms.
Unloading 2969 Unused Serialized files (Serialized files now loaded: 0)
System memory in use before: 144.2 MB.
System memory in use after: 144.3 MB.

Unloading 96 unused Assets to reduce memory usage. Loaded Objects now: 3405.
Total: 4.485700 ms (FindLiveObjects: 0.553500 ms CreateObjectMapping: 0.209400 ms MarkObjects: 3.480500 ms  DeleteObjects: 0.240500 ms)

========================================================================
Received Import Request.
  path: Assets/Scenes/Prototype/Blockout_V4.unity
  artifactKey: Guid(bc7194bb92352c64ebc058090a1dfc26) Importer(815301076,1909f56bfc062723c751e8b465ee728b)
Start importing Assets/Scenes/Prototype/Blockout_V4.unity using Guid(bc7194bb92352c64ebc058090a1dfc26) Importer(815301076,1909f56bfc062723c751e8b465ee728b)  -> (artifact id: '1f957c26f71e2ae2ab27d30f3dabe32e') in 0.009702 seconds
  Import took 0.015671 seconds .

========================================================================
Received Import Request.
  Time since last request: 0.000212 seconds.
  path: Assets/Scenes/Prototype/Blockout_V2.unity
  artifactKey: Guid(c441459a15c76a540879ec5cc95aa96a) Importer(815301076,1909f56bfc062723c751e8b465ee728b)
Start importing Assets/Scenes/Prototype/Blockout_V2.unity using Guid(c441459a15c76a540879ec5cc95aa96a) Importer(815301076,1909f56bfc062723c751e8b465ee728b)  -> (artifact id: 'c258550dd63c14a632be3561bf0be4e4') in 0.003562 seconds
  Import took 0.009605 seconds .

========================================================================
Received Import Request.
  Time since last request: 0.000181 seconds.
  path: Assets/Scenes/Prototype/Blockout_V5.unity
  artifactKey: Guid(1367a027aad448b449b3fc32e9cb4709) Importer(815301076,1909f56bfc062723c751e8b465ee728b)
Start importing Assets/Scenes/Prototype/Blockout_V5.unity using Guid(1367a027aad448b449b3fc32e9cb4709) Importer(815301076,1909f56bfc062723c751e8b465ee728b)  -> (artifact id: '9c3313c0ab588ffea1da0ce5a336e86a') in 0.003529 seconds
  Import took 0.010070 seconds .

========================================================================
Received Import Request.
  Time since last request: 0.000228 seconds.
  path: Assets/Scenes/Prototype/Lvl_1.unity
  artifactKey: Guid(1bea07906e46ced4aa5c9fc6b78fffed) Importer(815301076,1909f56bfc062723c751e8b465ee728b)
Start importing Assets/Scenes/Prototype/Lvl_1.unity using Guid(1bea07906e46ced4aa5c9fc6b78fffed) Importer(815301076,1909f56bfc062723c751e8b465ee728b)  -> (artifact id: 'c9ae91d749fd0e767a3deeb673458d15') in 0.003930 seconds
  Import took 0.010325 seconds .

========================================================================
Received Import Request.
  Time since last request: 0.000215 seconds.
  path: Assets/Scenes/Prototype/Blockout_V3.unity
  artifactKey: Guid(b988cb146d6018f4fa8a0a64c678a2cc) Importer(815301076,1909f56bfc062723c751e8b465ee728b)
Start importing Assets/Scenes/Prototype/Blockout_V3.unity using Guid(b988cb146d6018f4fa8a0a64c678a2cc) Importer(815301076,1909f56bfc062723c751e8b465ee728b)  -> (artifact id: 'b80e4764cedbc6e43e9330ade062ad00') in 0.004395 seconds
  Import took 0.010408 seconds .

========================================================================
Received Prepare
Shader 'Universal Render Pipeline/Particles/Lit': fallback shader 'Universal Render Pipeline/Particles/SimpleLit' not found
Refreshing native plugins compatible for Editor in 2.79 ms, found 0 plugins.
Preloading 0 native plugins for Editor in 0.00 ms.
Unloading 4 Unused Serialized files (Serialized files now loaded: 0)
System memory in use before: 76.2 MB.
System memory in use after: 76.4 MB.

Unloading 4 unused Assets to reduce memory usage. Loaded Objects now: 3405.
Total: 33.125500 ms (FindLiveObjects: 4.494400 ms CreateObjectMapping: 0.447900 ms MarkObjects: 28.018700 ms  DeleteObjects: 0.160000 ms)

========================================================================
Received Import Request.
  Time since last request: 565.780148 seconds.
  path: Assets/Scenes/Puzzles/PER_Miroirs_LVL3.unity
  artifactKey: Guid(8fe7eaeb24f401e49882f23c10029da7) Importer(815301076,1909f56bfc062723c751e8b465ee728b)
Start importing Assets/Scenes/Puzzles/PER_Miroirs_LVL3.unity using Guid(8fe7eaeb24f401e49882f23c10029da7) Importer(815301076,1909f56bfc062723c751e8b465ee728b)  -> (artifact id: '7699223e9a92f6db603723f44f564b36') in 0.212253 seconds
  Import took 0.553597 seconds .

========================================================================
Received Import Request.
  Time since last request: 9.544425 seconds.
  path: Assets/ProBuilder Data
  artifactKey: Guid(bb19b1b125a7c024f8e716787b8ee78f) Importer(815301076,1909f56bfc062723c751e8b465ee728b)
Start importing Assets/ProBuilder Data using Guid(bb19b1b125a7c024f8e716787b8ee78f) Importer(815301076,1909f56bfc062723c751e8b465ee728b)  -> (artifact id: '5d0b8d7c4eeffc84921fe382491ac3c0') in 0.153155 seconds
  Import took 0.708804 seconds .

========================================================================
Received Import Request.
  Time since last request: 0.199673 seconds.
  path: Assets/ProBuilder Data/Default Color Palette.asset
  artifactKey: Guid(9c12034829130d24fbe30c7e684cd566) Importer(815301076,1909f56bfc062723c751e8b465ee728b)
Start importing Assets/ProBuilder Data/Default Color Palette.asset using Guid(9c12034829130d24fbe30c7e684cd566) Importer(815301076,1909f56bfc062723c751e8b465ee728b)  -> (artifact id: '890ca134f4a8f92f47c36c433bbda996') in 2.610363 seconds
  Import took 2.728616 seconds .

========================================================================
Received Import Request.
  Time since last request: 11.001572 seconds.
  path: Assets/Scenes/Merge_puzzles
  artifactKey: Guid(08f862ef797a7674c94fde9ae5952615) Importer(815301076,1909f56bfc062723c751e8b465ee728b)
Start importing Assets/Scenes/Merge_puzzles using Guid(08f862ef797a7674c94fde9ae5952615) Importer(815301076,1909f56bfc062723c751e8b465ee728b)  -> (artifact id: 'e13391b35d67f9d8dd1a93590a001fc0') in 0.953595 seconds
  Import took 2.219342 seconds .

========================================================================
Received Import Request.
  Time since last request: 0.333985 seconds.
  path: Assets/Scenes/Prototype/Blockout_V5.unity
  artifactKey: Guid(1367a027aad448b449b3fc32e9cb4709) Importer(815301076,1909f56bfc062723c751e8b465ee728b)
Start importing Assets/Scenes/Prototype/Blockout_V5.unity using Guid(1367a027aad448b449b3fc32e9cb4709) Importer(815301076,1909f56bfc062723c751e8b465ee728b)  -> (artifact id: 'afcc6a1a3998f7c68118693e6ddd4df7') in 0.280161 seconds
  Import took 0.842799 seconds .

========================================================================
Received Import Request.
  Time since last request: 12771.417408 seconds.
  path: Assets/Scenes/Prototype/Lvl_1.unity
  artifactKey: Guid(1bea07906e46ced4aa5c9fc6b78fffed) Importer(815301076,1909f56bfc062723c751e8b465ee728b)
Start importing Assets/Scenes/Prototype/Lvl_1.unity using Guid(1bea07906e46ced4aa5c9fc6b78fffed) Importer(815301076,1909f56bfc062723c751e8b465ee728b)  -> (artifact id: 'c2499364f33a61a178f18268f262d8f4') in 0.110880 seconds
  Import took 0.312763 seconds .

========================================================================
Received Import Request.
  Time since last request: 24.006150 seconds.
  path: Assets/Scenes/Merge_puzzles/Merge_puzzles.unity
  artifactKey: Guid(8ae180fab7516114e92b9264aef5bf47) Importer(815301076,1909f56bfc062723c751e8b465ee728b)
Start importing Assets/Scenes/Merge_puzzles/Merge_puzzles.unity using Guid(8ae180fab7516114e92b9264aef5bf47) Importer(815301076,1909f56bfc062723c751e8b465ee728b)  -> (artifact id: '5eb3893b99ad40dbc45365e80062cd19') in 0.009718 seconds
  Import took 0.023306 seconds .

========================================================================
Received Import Request.
  Time since last request: 0.001940 seconds.
  path: Assets/Scenes/Merge_puzzles/Merge_puzzles.unity
  artifactKey: Guid(8ae180fab7516114e92b9264aef5bf47) Importer(815301076,1909f56bfc062723c751e8b465ee728b)
Start importing Assets/Scenes/Merge_puzzles/Merge_puzzles.unity using Guid(8ae180fab7516114e92b9264aef5bf47) Importer(815301076,1909f56bfc062723c751e8b465ee728b)  -> (artifact id: '5eb3893b99ad40dbc45365e80062cd19') in 0.005945 seconds
  Import took 0.034868 seconds .

========================================================================
Received Import Request.
  Time since last request: 12.403324 seconds.
  path: Assets/Scenes/Puzzles/Merge_puzzles.unity
  artifactKey: Guid(8fee240623b8a9441a8f6659dfe12174) Importer(815301076,1909f56bfc062723c751e8b465ee728b)
Start importing Assets/Scenes/Puzzles/Merge_puzzles.unity using Guid(8fee240623b8a9441a8f6659dfe12174) Importer(815301076,1909f56bfc062723c751e8b465ee728b)  -> (artifact id: '50a4be845f1ee40ad063e9bb5c52353d') in 0.014928 seconds
  Import took 0.026535 seconds .

========================================================================
Received Import Request.
  Time since last request: 462.091632 seconds.
  path: Assets/Scenes/Prototype/Lvl_1.unity
  artifactKey: Guid(1bea07906e46ced4aa5c9fc6b78fffed) Importer(815301076,1909f56bfc062723c751e8b465ee728b)
Start importing Assets/Scenes/Prototype/Lvl_1.unity using Guid(1bea07906e46ced4aa5c9fc6b78fffed) Importer(815301076,1909f56bfc062723c751e8b465ee728b)  -> (artifact id: 'b7d5ca9eccd50399445f54678cffef8b') in 0.023618 seconds
  Import took 0.037708 seconds .

========================================================================
Received Prepare
Registering precompiled user dll's ...
Registered in 0.009784 seconds.
Begin MonoManager ReloadAssembly
Native extension for WindowsStandalone target not found
Refreshing native plugins compatible for Editor in 1.51 ms, found 0 plugins.
Preloading 0 native plugins for Editor in 0.00 ms.
Warning: Annotation not found!
UnityEngine.StackTraceUtility:ExtractStackTrace ()
UnityEditor.ProBuilder.EditorUtility:SetGizmoIconEnabled (System.Type,bool) (at Library/PackageCache/com.unity.probuilder@4.5.0/Editor/EditorCore/EditorUtility.cs:593)
UnityEditor.ProBuilder.HierarchyListener:.cctor () (at Library/PackageCache/com.unity.probuilder@4.5.0/Editor/EditorCore/HierarchyListener.cs:21)
System.Runtime.CompilerServices.RuntimeHelpers:RunClassConstructor (System.RuntimeTypeHandle)
UnityEditor.EditorAssemblies:ProcessInitializeOnLoadAttributes (System.Type[])

[Library/PackageCache/com.unity.probuilder@4.5.0/Editor/EditorCore/EditorUtility.cs line 593]

Invoked RoslynAnalysisRunner static constructor.
RoslynAnalysisRunner will not be running.
RoslynAnalysisRunner has terminated.
Mono: successfully reloaded assembly
- Completed reload, in  2.478 seconds
Platform modules already initialized, skipping
Shader 'Universal Render Pipeline/Particles/Lit': fallback shader 'Universal Render Pipeline/Particles/SimpleLit' not found
Refreshing native plugins compatible for Editor in 1.65 ms, found 0 plugins.
Preloading 0 native plugins for Editor in 0.00 ms.
Unloading 2798 Unused Serialized files (Serialized files now loaded: 0)
System memory in use before: 131.7 MB.
System memory in use after: 131.9 MB.

Unloading 9 unused Assets to reduce memory usage. Loaded Objects now: 3408.
Total: 7.532100 ms (FindLiveObjects: 0.899500 ms CreateObjectMapping: 0.847900 ms MarkObjects: 5.553000 ms  DeleteObjects: 0.227700 ms)

AssetImportWorkerClient::OnTransportError - code=2 error=End of file
