Using pre-set license
Built from '2020.3/release' branch; Version is '2020.3.2f1 (8fd9074bf66c) revision 9427207'; Using compiler version '192528614'; Build Type 'Release'
OS: 'Windows 10 Pro for Workstations; OS build 18362.1256; Version 1903; 64bit' Language: 'fr' Physical Memory: 16103 MB
BatchMode: 1, IsHumanControllingUs: 0, StartBugReporterOnCrash: 0, Is64bit: 1, IsPro: 0

 COMMAND LINE ARGUMENTS:
C:\Program Files\Unity\Hub\Editor\2020.3.2f1\Editor\Unity.exe
-adb2
-batchMode
-noUpm
-name
AssetImportWorker10
-projectPath
C:/Users/game2/Documents/GitHub/Yuggoth
-logFile
Logs/AssetImportWorker10.log
-srvPort
62514
Successfully changed project path to: C:/Users/game2/Documents/GitHub/Yuggoth
C:/Users/game2/Documents/GitHub/Yuggoth
Using Asset Import Pipeline V2.
Refreshing native plugins compatible for Editor in 11143.99 ms, found 0 plugins.
Preloading 0 native plugins for Editor in 0.00 ms.
Initialize engine version: 2020.3.2f1 (8fd9074bf66c)
[Subsystems] Discovering subsystems at path C:/Program Files/Unity/Hub/Editor/2020.3.2f1/Editor/Data/Resources/UnitySubsystems
[Subsystems] Discovering subsystems at path C:/Users/game2/Documents/GitHub/Yuggoth/Assets
GfxDevice: creating device client; threaded=0
