Using pre-set license
Built from '2020.3/release' branch; Version is '2020.3.2f1 (8fd9074bf66c) revision 9427207'; Using compiler version '192528614'; Build Type 'Release'
OS: 'Windows 10 Pro for Workstations; OS build 18363.1440; Version 1909; 64bit' Language: 'fr' Physical Memory: 16111 MB
BatchMode: 1, IsHumanControllingUs: 0, StartBugReporterOnCrash: 0, Is64bit: 1, IsPro: 0

 COMMAND LINE ARGUMENTS:
E:\Unity Editors\2020.3.2f1\Editor\Unity.exe
-adb2
-batchMode
-noUpm
-name
AssetImportWorker0
-projectPath
C:/Users/game2/Desktop/Yuggoth
-logFile
Logs/AssetImportWorker0.log
-srvPort
63000
Successfully changed project path to: C:/Users/game2/Desktop/Yuggoth
C:/Users/game2/Desktop/Yuggoth
Using Asset Import Pipeline V2.
Refreshing native plugins compatible for Editor in 58.59 ms, found 0 plugins.
Preloading 0 native plugins for Editor in 0.00 ms.
Initialize engine version: 2020.3.2f1 (8fd9074bf66c)
[Subsystems] Discovering subsystems at path E:/Unity Editors/2020.3.2f1/Editor/Data/Resources/UnitySubsystems
[Subsystems] Discovering subsystems at path C:/Users/game2/Desktop/Yuggoth/Assets
GfxDevice: creating device client; threaded=0
Direct3D:
    Version:  Direct3D 11.0 [level 11.1]
    Renderer: NVIDIA GeForce GTX 1070 (ID=0x1b81)
    Vendor:   
    VRAM:     8088 MB
    Driver:   27.21.14.5671
Shader 'Universal Render Pipeline/Particles/Lit': fallback shader 'Universal Render Pipeline/Particles/SimpleLit' not found
Initialize mono
Mono path[0] = 'E:/Unity Editors/2020.3.2f1/Editor/Data/Managed'
Mono path[1] = 'E:/Unity Editors/2020.3.2f1/Editor/Data/MonoBleedingEdge/lib/mono/unityjit'
Mono config path = 'E:/Unity Editors/2020.3.2f1/Editor/Data/MonoBleedingEdge/etc'
Using monoOptions --debugger-agent=transport=dt_socket,embedding=1,server=y,suspend=n,address=127.0.0.1:56956
Begin MonoManager ReloadAssembly
Registering precompiled unity dll's ...
Register platform support module: E:/Unity Editors/2020.3.2f1/Editor/Data/PlaybackEngines/WindowsStandaloneSupport/UnityEditor.WindowsStandalone.Extensions.dll
Registered in 0.000673 seconds.
Native extension for WindowsStandalone target not found
Refreshing native plugins compatible for Editor in 51.32 ms, found 0 plugins.
Preloading 0 native plugins for Editor in 0.00 ms.
Invoked RoslynAnalysisRunner static constructor.
RoslynAnalysisRunner will not be running.
RoslynAnalysisRunner has terminated.
Mono: successfully reloaded assembly
- Completed reload, in  0.799 seconds
Platform modules already initialized, skipping
Registering precompiled user dll's ...
Registered in 0.002609 seconds.
Begin MonoManager ReloadAssembly
Native extension for WindowsStandalone target not found
Refreshing native plugins compatible for Editor in 101.97 ms, found 0 plugins.
Preloading 0 native plugins for Editor in 0.00 ms.
Invoked RoslynAnalysisRunner static constructor.
RoslynAnalysisRunner will not be running.
RoslynAnalysisRunner has terminated.
Mono: successfully reloaded assembly
- Completed reload, in  1.162 seconds
Platform modules already initialized, skipping
========================================================================
Worker process is ready to serve import requests
Shader 'Universal Render Pipeline/Particles/Lit': fallback shader 'Universal Render Pipeline/Particles/SimpleLit' not found
Launched and connected shader compiler UnityShaderCompiler.exe after 0.17 seconds
Refreshing native plugins compatible for Editor in 0.60 ms, found 0 plugins.
Preloading 0 native plugins for Editor in 0.00 ms.
Unloading 2946 Unused Serialized files (Serialized files now loaded: 0)
System memory in use before: 139.8 MB.
System memory in use after: 140.0 MB.

Unloading 94 unused Assets to reduce memory usage. Loaded Objects now: 3384.
Total: 6.759200 ms (FindLiveObjects: 0.612600 ms CreateObjectMapping: 0.379800 ms MarkObjects: 5.386500 ms  DeleteObjects: 0.377800 ms)

========================================================================
Received Import Request.
  path: Assets/UniversalRenderPipelineAsset_Renderer.asset
  artifactKey: Guid(71f36a432c6963242afa1816e458414c) Importer(815301076,1909f56bfc062723c751e8b465ee728b)
Start importing Assets/UniversalRenderPipelineAsset_Renderer.asset using Guid(71f36a432c6963242afa1816e458414c) Importer(815301076,1909f56bfc062723c751e8b465ee728b)  -> (artifact id: '9676fe75f5959540b1dca311910d297c') in 0.031926 seconds
  Import took 0.037342 seconds .

========================================================================
Received Import Request.
  Time since last request: 0.000264 seconds.
  path: Assets/New Terrain 1.asset
  artifactKey: Guid(fa24d004ffe258841883a98912d59ca0) Importer(815301076,1909f56bfc062723c751e8b465ee728b)
Start importing Assets/New Terrain 1.asset using Guid(fa24d004ffe258841883a98912d59ca0) Importer(815301076,1909f56bfc062723c751e8b465ee728b)  -> (artifact id: '2964bbe254bfa767336f72139271b586') in 0.031827 seconds
  Import took 0.041072 seconds .

========================================================================
Received Import Request.
  Time since last request: 0.000276 seconds.
  path: Assets/UniversalRenderPipelineAsset.asset
  artifactKey: Guid(dfc0c820b8dae15429a555cc43ef1788) Importer(815301076,1909f56bfc062723c751e8b465ee728b)
Start importing Assets/UniversalRenderPipelineAsset.asset using Guid(dfc0c820b8dae15429a555cc43ef1788) Importer(815301076,1909f56bfc062723c751e8b465ee728b)  -> (artifact id: '9339548d51cb2070ecd4c4ee84abf0d0') in 0.004945 seconds
  Import took 0.011045 seconds .

========================================================================
Received Import Request.
  Time since last request: 0.000186 seconds.
  path: Assets/New Terrain.asset
  artifactKey: Guid(4a1c5c024a4abcf4ea59e12c8154f9f9) Importer(815301076,1909f56bfc062723c751e8b465ee728b)
Start importing Assets/New Terrain.asset using Guid(4a1c5c024a4abcf4ea59e12c8154f9f9) Importer(815301076,1909f56bfc062723c751e8b465ee728b)  -> (artifact id: '8df75aa1a09d8f496307a36933dbb09a') in 0.035949 seconds
  Import took 0.041131 seconds .

========================================================================
Received Import Request.
  Time since last request: 16.172806 seconds.
  path: Assets/Scenes
  artifactKey: Guid(d8eaf56f0ee2e644f818b847fd2373e0) Importer(815301076,1909f56bfc062723c751e8b465ee728b)
Start importing Assets/Scenes using Guid(d8eaf56f0ee2e644f818b847fd2373e0) Importer(815301076,1909f56bfc062723c751e8b465ee728b)  -> (artifact id: 'd74a061a34a4af073869a3f2a9a88716') in 0.004043 seconds
  Import took 0.010921 seconds .

========================================================================
Received Import Request.
  Time since last request: 0.001907 seconds.
  path: Assets/Scenes
  artifactKey: Guid(d8eaf56f0ee2e644f818b847fd2373e0) Importer(815301076,1909f56bfc062723c751e8b465ee728b)
Start importing Assets/Scenes using Guid(d8eaf56f0ee2e644f818b847fd2373e0) Importer(815301076,1909f56bfc062723c751e8b465ee728b)  -> (artifact id: 'd74a061a34a4af073869a3f2a9a88716') in 0.004495 seconds
  Import took 0.011119 seconds .

========================================================================
Received Import Request.
  Time since last request: 3.366724 seconds.
  path: Assets/Scenes/Level magetisme new.unity
  artifactKey: Guid(e94bd8401b7343b43b5af7381bcd13dc) Importer(815301076,1909f56bfc062723c751e8b465ee728b)
Start importing Assets/Scenes/Level magetisme new.unity using Guid(e94bd8401b7343b43b5af7381bcd13dc) Importer(815301076,1909f56bfc062723c751e8b465ee728b)  -> (artifact id: '331758cdf327e434400c21cffbc86e78') in 0.005014 seconds
  Import took 0.011312 seconds .

========================================================================
Received Import Request.
  Time since last request: 1.843530 seconds.
  path: Assets/Scenes/Merge_puzzles.unity
  artifactKey: Guid(8fee240623b8a9441a8f6659dfe12174) Importer(815301076,1909f56bfc062723c751e8b465ee728b)
Start importing Assets/Scenes/Merge_puzzles.unity using Guid(8fee240623b8a9441a8f6659dfe12174) Importer(815301076,1909f56bfc062723c751e8b465ee728b)  -> (artifact id: '8a70d850ec8c5a9cb8fe4b4c97f0d38b') in 0.003940 seconds
  Import took 0.009701 seconds .

========================================================================
Received Import Request.
  Time since last request: 2.870090 seconds.
  path: Assets/Scenes/Test_Dev_CharaController.unity
  artifactKey: Guid(0c5aac6a803dade40926e69810a51475) Importer(815301076,1909f56bfc062723c751e8b465ee728b)
Start importing Assets/Scenes/Test_Dev_CharaController.unity using Guid(0c5aac6a803dade40926e69810a51475) Importer(815301076,1909f56bfc062723c751e8b465ee728b)  -> (artifact id: '243dfc621ac1a53190f454a7370a3119') in 0.003931 seconds
  Import took 0.010156 seconds .

========================================================================
Received Import Request.
  Time since last request: 76.801565 seconds.
  path: Assets/Prefabs
  artifactKey: Guid(349593c425a8686408b5e8a9bc261afd) Importer(815301076,1909f56bfc062723c751e8b465ee728b)
Start importing Assets/Prefabs using Guid(349593c425a8686408b5e8a9bc261afd) Importer(815301076,1909f56bfc062723c751e8b465ee728b)  -> (artifact id: '6cf0f06648b8eb395b916e458362b543') in 0.003452 seconds
  Import took 0.009319 seconds .

========================================================================
Received Import Request.
  Time since last request: 0.037985 seconds.
  path: Assets/Prefabs/Activator Cube Color Change.prefab
  artifactKey: Guid(a0977838d760cb84ea8d14dd1c832c30) Importer(815301076,1909f56bfc062723c751e8b465ee728b)
Start importing Assets/Prefabs/Activator Cube Color Change.prefab using Guid(a0977838d760cb84ea8d14dd1c832c30) Importer(815301076,1909f56bfc062723c751e8b465ee728b)  -> (artifact id: 'b44c51e18801a174b384b55fe186da49') in 0.214195 seconds
  Import took 0.222696 seconds .

========================================================================
Received Import Request.
  Time since last request: 0.000301 seconds.
  path: Assets/Prefabs/Player.prefab
  artifactKey: Guid(bc03fcdb560185d4fb4aed49d8f250fb) Importer(815301076,1909f56bfc062723c751e8b465ee728b)
Start importing Assets/Prefabs/Player.prefab using Guid(bc03fcdb560185d4fb4aed49d8f250fb) Importer(815301076,1909f56bfc062723c751e8b465ee728b)  -> (artifact id: '392d855d4f453dd411098817572266d6') in 0.029098 seconds
  Import took 0.040954 seconds .

========================================================================
Received Import Request.
  Time since last request: 0.000221 seconds.
  path: Assets/Prefabs/Duplicator.prefab
  artifactKey: Guid(150036261e3eccf449bc2a174a95acc3) Importer(815301076,1909f56bfc062723c751e8b465ee728b)
Start importing Assets/Prefabs/Duplicator.prefab using Guid(150036261e3eccf449bc2a174a95acc3) Importer(815301076,1909f56bfc062723c751e8b465ee728b)  -> (artifact id: '521a054e5f2028b04e186f9cf4474164') in 0.018019 seconds
  Import took 0.024548 seconds .

========================================================================
Received Import Request.
  Time since last request: 0.000163 seconds.
  path: Assets/Prefabs/source.prefab
  artifactKey: Guid(74aa268f019f4f04ea56d9f598cafac1) Importer(815301076,1909f56bfc062723c751e8b465ee728b)
Start importing Assets/Prefabs/source.prefab using Guid(74aa268f019f4f04ea56d9f598cafac1) Importer(815301076,1909f56bfc062723c751e8b465ee728b)  -> (artifact id: '92fe72d792c65c67788854462f456cc8') in 0.014953 seconds
  Import took 0.021005 seconds .

========================================================================
Received Import Request.
  Time since last request: 0.000159 seconds.
  path: Assets/Prefabs/PickupableCube.prefab
  artifactKey: Guid(6f384a25ccf6f714eb50a13e6c12a72e) Importer(815301076,1909f56bfc062723c751e8b465ee728b)
Start importing Assets/Prefabs/PickupableCube.prefab using Guid(6f384a25ccf6f714eb50a13e6c12a72e) Importer(815301076,1909f56bfc062723c751e8b465ee728b)  -> (artifact id: '2d010dfd2fdb8a5c85743089f489dc86') in 0.012660 seconds
  Import took 0.018361 seconds .

========================================================================
Received Import Request.
  Time since last request: 0.000172 seconds.
  path: Assets/Prefabs/UI 2.prefab
  artifactKey: Guid(296be5a3d8435764b95e2480bfde169e) Importer(815301076,1909f56bfc062723c751e8b465ee728b)
Start importing Assets/Prefabs/UI 2.prefab using Guid(296be5a3d8435764b95e2480bfde169e) Importer(815301076,1909f56bfc062723c751e8b465ee728b)  -> (artifact id: 'ba1715a5f2e3f5c2fe4cee1f2273ee5a') in 0.014840 seconds
  Import took 0.020987 seconds .

========================================================================
Received Import Request.
  Time since last request: 0.000141 seconds.
  path: Assets/Prefabs/Mirror Cube.prefab
  artifactKey: Guid(c0c095ec8f2ca1a468997cf5a982dda0) Importer(815301076,1909f56bfc062723c751e8b465ee728b)
Start importing Assets/Prefabs/Mirror Cube.prefab using Guid(c0c095ec8f2ca1a468997cf5a982dda0) Importer(815301076,1909f56bfc062723c751e8b465ee728b)  -> (artifact id: 'b5d4dfe9a053f3c4f3c3ae668415e6b9') in 0.010011 seconds
  Import took 0.016043 seconds .

========================================================================
Received Import Request.
  Time since last request: 52.365765 seconds.
  path: Assets/Graphics
  artifactKey: Guid(526e15fb42e566c42bb19ddfb88d7dc4) Importer(815301076,1909f56bfc062723c751e8b465ee728b)
Start importing Assets/Graphics using Guid(526e15fb42e566c42bb19ddfb88d7dc4) Importer(815301076,1909f56bfc062723c751e8b465ee728b)  -> (artifact id: '60e4fead3b373d7fcb7dcf22e4eb033f') in 0.011145 seconds
  Import took 0.016790 seconds .

========================================================================
Received Import Request.
  Time since last request: 0.861762 seconds.
  path: Assets/Graphics/Materials/Duplicator Texture.mat
  artifactKey: Guid(4d00e0c2b57362743a47e06347664add) Importer(815301076,1909f56bfc062723c751e8b465ee728b)
Start importing Assets/Graphics/Materials/Duplicator Texture.mat using Guid(4d00e0c2b57362743a47e06347664add) Importer(815301076,1909f56bfc062723c751e8b465ee728b)  -> (artifact id: '68da36b442f67f4441058231fa45f8cf') in 0.047406 seconds
  Import took 0.055810 seconds .

========================================================================
Received Import Request.
  Time since last request: 0.000213 seconds.
  path: Assets/Graphics/Materials/Laser_2.mat
  artifactKey: Guid(721b2221b5425b449a0d026c341fbcb1) Importer(815301076,1909f56bfc062723c751e8b465ee728b)
Start importing Assets/Graphics/Materials/Laser_2.mat using Guid(721b2221b5425b449a0d026c341fbcb1) Importer(815301076,1909f56bfc062723c751e8b465ee728b)  -> (artifact id: '21a5b8ace432e3a71643a343fdce041b') in 0.011598 seconds
  Import took 0.017121 seconds .

========================================================================
Received Import Request.
  Time since last request: 0.000186 seconds.
  path: Assets/Graphics/Materials/Laser_1.mat
  artifactKey: Guid(a51857f9cb1e9774095720ee47daea33) Importer(815301076,1909f56bfc062723c751e8b465ee728b)
Start importing Assets/Graphics/Materials/Laser_1.mat using Guid(a51857f9cb1e9774095720ee47daea33) Importer(815301076,1909f56bfc062723c751e8b465ee728b)  -> (artifact id: 'ea384dd0d708efa7eaa32633bfa4b00a') in 0.020658 seconds
  Import took 0.026221 seconds .

========================================================================
Received Import Request.
  Time since last request: 0.000197 seconds.
  path: Assets/Graphics/Materials/Floor.mat
  artifactKey: Guid(2c319f7944ae0fc43b7dca1c4a9efec3) Importer(815301076,1909f56bfc062723c751e8b465ee728b)
Start importing Assets/Graphics/Materials/Floor.mat using Guid(2c319f7944ae0fc43b7dca1c4a9efec3) Importer(815301076,1909f56bfc062723c751e8b465ee728b)  -> (artifact id: '900412cc53441a1a8c6f7708300b83ca') in 0.010339 seconds
  Import took 0.016136 seconds .

========================================================================
Received Import Request.
  Time since last request: 0.000182 seconds.
  path: Assets/Graphics/Materials/MaterialSuzanne.mat
  artifactKey: Guid(ed6d7a9d225ef1b4b9bba3247ae51f98) Importer(815301076,1909f56bfc062723c751e8b465ee728b)
Start importing Assets/Graphics/Materials/MaterialSuzanne.mat using Guid(ed6d7a9d225ef1b4b9bba3247ae51f98) Importer(815301076,1909f56bfc062723c751e8b465ee728b)  -> (artifact id: 'c10fd1ad7f60d4298680340dca572649') in 0.018553 seconds
  Import took 0.024518 seconds .

========================================================================
Received Import Request.
  Time since last request: 0.000170 seconds.
  path: Assets/Graphics/Materials/Mirror Cube.mat
  artifactKey: Guid(4bae8504b324d2342b9f4e40be0021d5) Importer(815301076,1909f56bfc062723c751e8b465ee728b)
Start importing Assets/Graphics/Materials/Mirror Cube.mat using Guid(4bae8504b324d2342b9f4e40be0021d5) Importer(815301076,1909f56bfc062723c751e8b465ee728b)  -> (artifact id: 'b7d9976936a1d5b1b4dc44dc032339ad') in 0.011330 seconds
  Import took 0.016851 seconds .

========================================================================
Received Import Request.
  Time since last request: 0.000164 seconds.
  path: Assets/Graphics/Materials/mirror.mat
  artifactKey: Guid(21f73a88732c84d4dab1148c90aed069) Importer(815301076,1909f56bfc062723c751e8b465ee728b)
Start importing Assets/Graphics/Materials/mirror.mat using Guid(21f73a88732c84d4dab1148c90aed069) Importer(815301076,1909f56bfc062723c751e8b465ee728b)  -> (artifact id: '74f27b4a3edcb5fd034b81a5b57d1a4b') in 0.011405 seconds
  Import took 0.016919 seconds .

========================================================================
Received Import Request.
  Time since last request: 0.000143 seconds.
  path: Assets/Graphics/Materials/Floor texture.mat
  artifactKey: Guid(844a51c14a6ae0d469f9bc214567915a) Importer(815301076,1909f56bfc062723c751e8b465ee728b)
Start importing Assets/Graphics/Materials/Floor texture.mat using Guid(844a51c14a6ae0d469f9bc214567915a) Importer(815301076,1909f56bfc062723c751e8b465ee728b)  -> (artifact id: '2fee741ce869d7abfd023548af716517') in 0.011507 seconds
  Import took 0.016782 seconds .

========================================================================
Received Import Request.
  Time since last request: 0.000166 seconds.
  path: Assets/Graphics/Materials/MaterialProps_V01.mat
  artifactKey: Guid(53bac3c39173e4f4782cbff13297912c) Importer(815301076,1909f56bfc062723c751e8b465ee728b)
Start importing Assets/Graphics/Materials/MaterialProps_V01.mat using Guid(53bac3c39173e4f4782cbff13297912c) Importer(815301076,1909f56bfc062723c751e8b465ee728b)  -> (artifact id: '3562e34c496fd6fd7d8808511a1b35b0') in 0.015576 seconds
  Import took 0.021113 seconds .

========================================================================
Received Import Request.
  Time since last request: 0.000186 seconds.
  path: Assets/Graphics/Materials/MaterialCouteau.mat
  artifactKey: Guid(29a49119df1cdd442bdd36d4ef791a0d) Importer(815301076,1909f56bfc062723c751e8b465ee728b)
Start importing Assets/Graphics/Materials/MaterialCouteau.mat using Guid(29a49119df1cdd442bdd36d4ef791a0d) Importer(815301076,1909f56bfc062723c751e8b465ee728b)  -> (artifact id: '64734f91b7f46c14ac370a58701247d8') in 0.015584 seconds
  Import took 0.022743 seconds .

========================================================================
Received Import Request.
  Time since last request: 0.000228 seconds.
  path: Assets/Graphics/Materials/MaterialSpaceRock.mat
  artifactKey: Guid(a90e396961c776e4b82256223fc7c548) Importer(815301076,1909f56bfc062723c751e8b465ee728b)
Start importing Assets/Graphics/Materials/MaterialSpaceRock.mat using Guid(a90e396961c776e4b82256223fc7c548) Importer(815301076,1909f56bfc062723c751e8b465ee728b)  -> (artifact id: '7b4484d5a955eb602bbfe5a7d396de47') in 0.017243 seconds
  Import took 0.025480 seconds .

========================================================================
Received Import Request.
  Time since last request: 0.000224 seconds.
  path: Assets/Graphics/Materials/Material_Terrain_No.mat
  artifactKey: Guid(9acc924e68a67e7489a36c13c1a028c8) Importer(815301076,1909f56bfc062723c751e8b465ee728b)
Start importing Assets/Graphics/Materials/Material_Terrain_No.mat using Guid(9acc924e68a67e7489a36c13c1a028c8) Importer(815301076,1909f56bfc062723c751e8b465ee728b)  -> (artifact id: '1cf7c40cb315348c206e0ce4351931a8') in 0.025889 seconds
  Import took 0.037088 seconds .

========================================================================
Received Import Request.
  Time since last request: 1.917323 seconds.
  path: Assets/Graphics/Materials/Couleures Unie
  artifactKey: Guid(18c79726f004ed7419b48c39fcf5ac7f) Importer(815301076,1909f56bfc062723c751e8b465ee728b)
Start importing Assets/Graphics/Materials/Couleures Unie using Guid(18c79726f004ed7419b48c39fcf5ac7f) Importer(815301076,1909f56bfc062723c751e8b465ee728b)  -> (artifact id: 'ccb4fee4ac1017371789b4fd5c8316bf') in 0.004489 seconds
  Import took 0.010788 seconds .

========================================================================
Received Import Request.
  Time since last request: 0.050841 seconds.
  path: Assets/Graphics/Materials/Couleures Unie/Black.mat
  artifactKey: Guid(8df3eb55a6e4841428134affcd8544bc) Importer(815301076,1909f56bfc062723c751e8b465ee728b)
Start importing Assets/Graphics/Materials/Couleures Unie/Black.mat using Guid(8df3eb55a6e4841428134affcd8544bc) Importer(815301076,1909f56bfc062723c751e8b465ee728b)  -> (artifact id: '58fda9d4343b26337f941ef031aaab43') in 0.011446 seconds
  Import took 0.019889 seconds .

========================================================================
Received Import Request.
  Time since last request: 0.000338 seconds.
  path: Assets/Graphics/Materials/Couleures Unie/Gris.mat
  artifactKey: Guid(6a53a2cc2b555f447a3a401e9d9b9e62) Importer(815301076,1909f56bfc062723c751e8b465ee728b)
Start importing Assets/Graphics/Materials/Couleures Unie/Gris.mat using Guid(6a53a2cc2b555f447a3a401e9d9b9e62) Importer(815301076,1909f56bfc062723c751e8b465ee728b)  -> (artifact id: '1db19e9619684bdf677f471de5967233') in 0.012310 seconds
  Import took 0.018946 seconds .

========================================================================
Received Import Request.
  Time since last request: 0.000199 seconds.
  path: Assets/Graphics/Materials/Couleures Unie/Rose.mat
  artifactKey: Guid(63aca84a925902f46bbf0d52e88bbdd7) Importer(815301076,1909f56bfc062723c751e8b465ee728b)
Start importing Assets/Graphics/Materials/Couleures Unie/Rose.mat using Guid(63aca84a925902f46bbf0d52e88bbdd7) Importer(815301076,1909f56bfc062723c751e8b465ee728b)  -> (artifact id: '1c37ee7fcf822f4036cfd2dafbf0dc2f') in 0.011102 seconds
  Import took 0.018396 seconds .

========================================================================
Received Import Request.
  Time since last request: 0.000170 seconds.
  path: Assets/Graphics/Materials/Couleures Unie/Green.mat
  artifactKey: Guid(5c18a70ea99e62242a1ae89fdf9d03ce) Importer(815301076,1909f56bfc062723c751e8b465ee728b)
Start importing Assets/Graphics/Materials/Couleures Unie/Green.mat using Guid(5c18a70ea99e62242a1ae89fdf9d03ce) Importer(815301076,1909f56bfc062723c751e8b465ee728b)  -> (artifact id: '9cf6e911ff730aafdf7d6a1f9496b896') in 0.011299 seconds
  Import took 0.018261 seconds .

========================================================================
Received Import Request.
  Time since last request: 0.000188 seconds.
  path: Assets/Graphics/Materials/Couleures Unie/Red.mat
  artifactKey: Guid(269b1ecc658a8e3408c1bfc297389f58) Importer(815301076,1909f56bfc062723c751e8b465ee728b)
Start importing Assets/Graphics/Materials/Couleures Unie/Red.mat using Guid(269b1ecc658a8e3408c1bfc297389f58) Importer(815301076,1909f56bfc062723c751e8b465ee728b)  -> (artifact id: 'd2f3c05c850a603b4b3ae76e80ef8933') in 0.010796 seconds
  Import took 0.016650 seconds .

========================================================================
Received Import Request.
  Time since last request: 0.000215 seconds.
  path: Assets/Graphics/Materials/Couleures Unie/Vert.mat
  artifactKey: Guid(5245f2b10e89e5b43947c3ab258d7265) Importer(815301076,1909f56bfc062723c751e8b465ee728b)
Start importing Assets/Graphics/Materials/Couleures Unie/Vert.mat using Guid(5245f2b10e89e5b43947c3ab258d7265) Importer(815301076,1909f56bfc062723c751e8b465ee728b)  -> (artifact id: '7dccb98afe0d6fb33df777161cbd4f77') in 0.013355 seconds
  Import took 0.020994 seconds .

========================================================================
Received Import Request.
  Time since last request: 0.000190 seconds.
  path: Assets/Graphics/Materials/Couleures Unie/Jaune Emissive.mat
  artifactKey: Guid(b67d2b93b953eb94ba5a8061eaf7f19d) Importer(815301076,1909f56bfc062723c751e8b465ee728b)
Start importing Assets/Graphics/Materials/Couleures Unie/Jaune Emissive.mat using Guid(b67d2b93b953eb94ba5a8061eaf7f19d) Importer(815301076,1909f56bfc062723c751e8b465ee728b)  -> (artifact id: '71f1db63126d180074c57fa580d21e69') in 0.020872 seconds
  Import took 0.029523 seconds .

========================================================================
Received Import Request.
  Time since last request: 0.000246 seconds.
  path: Assets/Graphics/Materials/Couleures Unie/FloorMat.mat
  artifactKey: Guid(c356b96c5a379b44aa7e86b0b740376f) Importer(815301076,1909f56bfc062723c751e8b465ee728b)
Start importing Assets/Graphics/Materials/Couleures Unie/FloorMat.mat using Guid(c356b96c5a379b44aa7e86b0b740376f) Importer(815301076,1909f56bfc062723c751e8b465ee728b)  -> (artifact id: '273cb357a243dc2eca9c9dd3aa2db304') in 0.014523 seconds
  Import took 0.023697 seconds .

========================================================================
Received Import Request.
  Time since last request: 0.000204 seconds.
  path: Assets/Graphics/Materials/Couleures Unie/Yellow.mat
  artifactKey: Guid(e32191e4e12796f4d895c0d91bb73099) Importer(815301076,1909f56bfc062723c751e8b465ee728b)
Start importing Assets/Graphics/Materials/Couleures Unie/Yellow.mat using Guid(e32191e4e12796f4d895c0d91bb73099) Importer(815301076,1909f56bfc062723c751e8b465ee728b)  -> (artifact id: '930484a955204529919acbb385ab66ec') in 0.014446 seconds
  Import took 0.022178 seconds .

========================================================================
Received Import Request.
  Time since last request: 0.000225 seconds.
  path: Assets/Graphics/Materials/Couleures Unie/Blue.mat
  artifactKey: Guid(dc4c80f8fff707a48993a7b1620fd7f6) Importer(815301076,1909f56bfc062723c751e8b465ee728b)
Start importing Assets/Graphics/Materials/Couleures Unie/Blue.mat using Guid(dc4c80f8fff707a48993a7b1620fd7f6) Importer(815301076,1909f56bfc062723c751e8b465ee728b)  -> (artifact id: '95bd6146361f23e735442ed1e42ea07c') in 0.011456 seconds
  Import took 0.018107 seconds .

========================================================================
Received Import Request.
  Time since last request: 0.000179 seconds.
  path: Assets/Graphics/Materials/Couleures Unie/Transparent.mat
  artifactKey: Guid(577c7df0709361a4999ee5c5b5489dd2) Importer(815301076,1909f56bfc062723c751e8b465ee728b)
Start importing Assets/Graphics/Materials/Couleures Unie/Transparent.mat using Guid(577c7df0709361a4999ee5c5b5489dd2) Importer(815301076,1909f56bfc062723c751e8b465ee728b)  -> (artifact id: '8f107f98830f38fe567fe88b9ae0ac0a') in 0.011007 seconds
  Import took 0.018101 seconds .

========================================================================
Received Import Request.
  Time since last request: 0.000189 seconds.
  path: Assets/Graphics/Materials/Couleures Unie/Rouge.mat
  artifactKey: Guid(5a5bbb33c815f4a4b92d173fc5d7ca90) Importer(815301076,1909f56bfc062723c751e8b465ee728b)
Start importing Assets/Graphics/Materials/Couleures Unie/Rouge.mat using Guid(5a5bbb33c815f4a4b92d173fc5d7ca90) Importer(815301076,1909f56bfc062723c751e8b465ee728b)  -> (artifact id: '7a98146927fef9857266e23f17e0538a') in 0.011372 seconds
  Import took 0.018321 seconds .

========================================================================
Received Import Request.
  Time since last request: 0.000195 seconds.
  path: Assets/Graphics/Materials/Couleures Unie/Input Mat.mat
  artifactKey: Guid(bb446d7d6d259bc448436a0d25d23e53) Importer(815301076,1909f56bfc062723c751e8b465ee728b)
Start importing Assets/Graphics/Materials/Couleures Unie/Input Mat.mat using Guid(bb446d7d6d259bc448436a0d25d23e53) Importer(815301076,1909f56bfc062723c751e8b465ee728b)  -> (artifact id: '66bddaf3c3e0fa9ae84029ef4c45ac1e') in 0.016576 seconds
  Import took 0.027345 seconds .

========================================================================
Received Import Request.
  Time since last request: 0.000328 seconds.
  path: Assets/Graphics/Materials/Couleures Unie/Noir.mat
  artifactKey: Guid(f5d3fd0009114164287e89d9eb470b21) Importer(815301076,1909f56bfc062723c751e8b465ee728b)
Start importing Assets/Graphics/Materials/Couleures Unie/Noir.mat using Guid(f5d3fd0009114164287e89d9eb470b21) Importer(815301076,1909f56bfc062723c751e8b465ee728b)  -> (artifact id: 'e3084a6f1a70f53bf768b40cd07fd431') in 0.013861 seconds
  Import took 0.023659 seconds .

========================================================================
Received Import Request.
  Time since last request: 0.000233 seconds.
  path: Assets/Graphics/Materials/Couleures Unie/Cyan.mat
  artifactKey: Guid(1c1ea1785ea70d846ac4c478a2f8d060) Importer(815301076,1909f56bfc062723c751e8b465ee728b)
Start importing Assets/Graphics/Materials/Couleures Unie/Cyan.mat using Guid(1c1ea1785ea70d846ac4c478a2f8d060) Importer(815301076,1909f56bfc062723c751e8b465ee728b)  -> (artifact id: '0d3cd780aad6322a2f892ec27fff737a') in 0.013409 seconds
  Import took 0.021215 seconds .

========================================================================
Received Import Request.
  Time since last request: 0.000207 seconds.
  path: Assets/Graphics/Materials/Couleures Unie/Mauve.mat
  artifactKey: Guid(cdc6497aee6b8b94c996f5fc32b07435) Importer(815301076,1909f56bfc062723c751e8b465ee728b)
Start importing Assets/Graphics/Materials/Couleures Unie/Mauve.mat using Guid(cdc6497aee6b8b94c996f5fc32b07435) Importer(815301076,1909f56bfc062723c751e8b465ee728b)  -> (artifact id: '6a03e0103ac148706ff7c024e42370e5') in 0.012766 seconds
  Import took 0.020323 seconds .

========================================================================
Received Import Request.
  Time since last request: 0.000189 seconds.
  path: Assets/Graphics/Materials/Couleures Unie/Selected_Object.mat
  artifactKey: Guid(e20656306196d6d4abad2095379a4639) Importer(815301076,1909f56bfc062723c751e8b465ee728b)
Start importing Assets/Graphics/Materials/Couleures Unie/Selected_Object.mat using Guid(e20656306196d6d4abad2095379a4639) Importer(815301076,1909f56bfc062723c751e8b465ee728b)  -> (artifact id: 'f96395aa67244e91c29c05cc27862ddb') in 0.010686 seconds
  Import took 0.018133 seconds .

========================================================================
Received Import Request.
  Time since last request: 0.000222 seconds.
  path: Assets/Graphics/Materials/Couleures Unie/Orange.mat
  artifactKey: Guid(cf8ecd28cfd03aa4c857763d2cdb1bdc) Importer(815301076,1909f56bfc062723c751e8b465ee728b)
Start importing Assets/Graphics/Materials/Couleures Unie/Orange.mat using Guid(cf8ecd28cfd03aa4c857763d2cdb1bdc) Importer(815301076,1909f56bfc062723c751e8b465ee728b)  -> (artifact id: '639caae9d05d18964d582d3a88bda46d') in 0.012910 seconds
  Import took 0.021261 seconds .

========================================================================
Received Import Request.
  Time since last request: 0.000228 seconds.
  path: Assets/Graphics/Materials/Couleures Unie/Output Mat.mat
  artifactKey: Guid(ed1b2efc939fbb7409ecf344dfd9f7a5) Importer(815301076,1909f56bfc062723c751e8b465ee728b)
Start importing Assets/Graphics/Materials/Couleures Unie/Output Mat.mat using Guid(ed1b2efc939fbb7409ecf344dfd9f7a5) Importer(815301076,1909f56bfc062723c751e8b465ee728b)  -> (artifact id: '276ca052baf0866569a17ae4e52f282c') in 0.020717 seconds
  Import took 0.031550 seconds .

========================================================================
Received Import Request.
  Time since last request: 0.000319 seconds.
  path: Assets/Graphics/Materials/Couleures Unie/Purple.mat
  artifactKey: Guid(16db52fcf3023834bb416ad855633713) Importer(815301076,1909f56bfc062723c751e8b465ee728b)
Start importing Assets/Graphics/Materials/Couleures Unie/Purple.mat using Guid(16db52fcf3023834bb416ad855633713) Importer(815301076,1909f56bfc062723c751e8b465ee728b)  -> (artifact id: '62c65e07478622fe5cff5932352b9931') in 0.018848 seconds
  Import took 0.029107 seconds .

========================================================================
Received Import Request.
  Time since last request: 3.506712 seconds.
  path: Assets/Graphics/Terrains
  artifactKey: Guid(a04087fb7c574c942960179a3d352729) Importer(815301076,1909f56bfc062723c751e8b465ee728b)
Start importing Assets/Graphics/Terrains using Guid(a04087fb7c574c942960179a3d352729) Importer(815301076,1909f56bfc062723c751e8b465ee728b)  -> (artifact id: '12762138ea6c1af3ceace4e2eb7bbe8d') in 0.003737 seconds
  Import took 0.009509 seconds .

========================================================================
Received Import Request.
  Time since last request: 0.051287 seconds.
  path: Assets/Graphics/Terrains/TerrainData_5b128845-c919-429a-a306-dba4dca90aaf.asset
  artifactKey: Guid(e55076448905aa4489693a403288ff84) Importer(815301076,1909f56bfc062723c751e8b465ee728b)
Start importing Assets/Graphics/Terrains/TerrainData_5b128845-c919-429a-a306-dba4dca90aaf.asset using Guid(e55076448905aa4489693a403288ff84) Importer(815301076,1909f56bfc062723c751e8b465ee728b)  -> (artifact id: '7ac8dbb1215a7cbfe0b6e641467ff38b') in 0.021500 seconds
  Import took 0.027518 seconds .

========================================================================
Received Import Request.
  Time since last request: 0.000206 seconds.
  path: Assets/Graphics/Terrains/TerrainData_a6c477b9-1d78-42dc-9c9b-8dc91abbd848.asset
  artifactKey: Guid(e8f6a1db7f7a35b4a8b5cce13fe0e9e7) Importer(815301076,1909f56bfc062723c751e8b465ee728b)
Start importing Assets/Graphics/Terrains/TerrainData_a6c477b9-1d78-42dc-9c9b-8dc91abbd848.asset using Guid(e8f6a1db7f7a35b4a8b5cce13fe0e9e7) Importer(815301076,1909f56bfc062723c751e8b465ee728b)  -> (artifact id: '8e93c873f43d64623b40d408548c345a') in 0.022929 seconds
  Import took 0.030355 seconds .

========================================================================
Received Import Request.
  Time since last request: 0.000233 seconds.
  path: Assets/Graphics/Terrains/TerrainData_cf44bde7-3c2b-4069-ba27-7b2f01572423.asset
  artifactKey: Guid(ad1c6a3bf59a89e4f85beded5f1567aa) Importer(815301076,1909f56bfc062723c751e8b465ee728b)
Start importing Assets/Graphics/Terrains/TerrainData_cf44bde7-3c2b-4069-ba27-7b2f01572423.asset using Guid(ad1c6a3bf59a89e4f85beded5f1567aa) Importer(815301076,1909f56bfc062723c751e8b465ee728b)  -> (artifact id: 'bcf0a4af31f181a8b0393df0d7c1290b') in 0.016673 seconds
  Import took 0.023597 seconds .

========================================================================
Received Import Request.
  Time since last request: 0.000185 seconds.
  path: Assets/Graphics/Terrains/Test Scene Terrain.asset
  artifactKey: Guid(72489b692e31ebc4c9cef35b7143a122) Importer(815301076,1909f56bfc062723c751e8b465ee728b)
Start importing Assets/Graphics/Terrains/Test Scene Terrain.asset using Guid(72489b692e31ebc4c9cef35b7143a122) Importer(815301076,1909f56bfc062723c751e8b465ee728b)  -> (artifact id: '7a9019fff857f3c8ca72499b2b5185f4') in 0.017437 seconds
  Import took 0.022995 seconds .

========================================================================
Received Import Request.
  Time since last request: 0.000202 seconds.
  path: Assets/Graphics/Terrains/TerrainData_17c68838-f954-4c07-90fc-a2ea3b6aec07.asset
  artifactKey: Guid(f94104c5e64e52441b14d4dd11cdcb5c) Importer(815301076,1909f56bfc062723c751e8b465ee728b)
Start importing Assets/Graphics/Terrains/TerrainData_17c68838-f954-4c07-90fc-a2ea3b6aec07.asset using Guid(f94104c5e64e52441b14d4dd11cdcb5c) Importer(815301076,1909f56bfc062723c751e8b465ee728b)  -> (artifact id: 'da3f3c4e16631d27736f2bf66c51365a') in 0.011564 seconds
  Import took 0.017091 seconds .

========================================================================
Received Import Request.
  Time since last request: 0.000214 seconds.
  path: Assets/Graphics/Terrains/TerrainData_7d2efae7-488e-4ca4-a49f-022f60c862cf.asset
  artifactKey: Guid(45ae545344626f54b93abe38bd57f3da) Importer(815301076,1909f56bfc062723c751e8b465ee728b)
Start importing Assets/Graphics/Terrains/TerrainData_7d2efae7-488e-4ca4-a49f-022f60c862cf.asset using Guid(45ae545344626f54b93abe38bd57f3da) Importer(815301076,1909f56bfc062723c751e8b465ee728b)  -> (artifact id: '4a73cd48e0347a4956209861a598c611') in 0.022055 seconds
  Import took 0.027511 seconds .

========================================================================
Received Import Request.
  Time since last request: 0.000156 seconds.
  path: Assets/Graphics/Terrains/TerrainData_7ae8851a-3f35-447c-bd54-ce1228382cee.asset
  artifactKey: Guid(9545a38aa5bb3e248ab4635c2e694b7e) Importer(815301076,1909f56bfc062723c751e8b465ee728b)
Start importing Assets/Graphics/Terrains/TerrainData_7ae8851a-3f35-447c-bd54-ce1228382cee.asset using Guid(9545a38aa5bb3e248ab4635c2e694b7e) Importer(815301076,1909f56bfc062723c751e8b465ee728b)  -> (artifact id: '83c65af4eaacfc902e35e9506186f6f4') in 0.012470 seconds
  Import took 0.018010 seconds .

========================================================================
Received Import Request.
  Time since last request: 3.038121 seconds.
  path: Assets/Graphics/Materials/Shaders
  artifactKey: Guid(66b0d0ed96752954faa0dce185de9f27) Importer(815301076,1909f56bfc062723c751e8b465ee728b)
Start importing Assets/Graphics/Materials/Shaders using Guid(66b0d0ed96752954faa0dce185de9f27) Importer(815301076,1909f56bfc062723c751e8b465ee728b)  -> (artifact id: '901a1b2c7d07b7cf0cdb6064bfa0ee7e') in 0.004382 seconds
  Import took 0.009973 seconds .

========================================================================
Received Import Request.
  Time since last request: 1.294260 seconds.
  path: Assets/Graphics/Test_Enviro
  artifactKey: Guid(3e8a5a423d28d7749a5d14f0f7a2b390) Importer(815301076,1909f56bfc062723c751e8b465ee728b)
Start importing Assets/Graphics/Test_Enviro using Guid(3e8a5a423d28d7749a5d14f0f7a2b390) Importer(815301076,1909f56bfc062723c751e8b465ee728b)  -> (artifact id: '832f3a1561f1457d6a77535357a85309') in 0.003664 seconds
  Import took 0.009230 seconds .

========================================================================
Received Import Request.
  Time since last request: 3.974533 seconds.
  path: Assets/Graphics/Test_Enviro/Enviro_Assets
  artifactKey: Guid(10c89a0c6caf067479e2063090ba03dc) Importer(815301076,1909f56bfc062723c751e8b465ee728b)
Start importing Assets/Graphics/Test_Enviro/Enviro_Assets using Guid(10c89a0c6caf067479e2063090ba03dc) Importer(815301076,1909f56bfc062723c751e8b465ee728b)  -> (artifact id: '52269d3015105aeb6af0b857f4014359') in 0.003660 seconds
  Import took 0.009347 seconds .

========================================================================
Received Import Request.
  Time since last request: 2.142769 seconds.
  path: Assets/Graphics/Test_Enviro/FirstPerson
  artifactKey: Guid(239ffde02cd0b6c45be69c2503d43220) Importer(815301076,1909f56bfc062723c751e8b465ee728b)
Start importing Assets/Graphics/Test_Enviro/FirstPerson using Guid(239ffde02cd0b6c45be69c2503d43220) Importer(815301076,1909f56bfc062723c751e8b465ee728b)  -> (artifact id: 'b0dc09994c62605d5c1e9519c9b7a7c8') in 0.003481 seconds
  Import took 0.009740 seconds .

========================================================================
Received Import Request.
  Time since last request: 0.038416 seconds.
  path: Assets/Graphics/Test_Enviro/FirstPerson/First person controller full.prefab
  artifactKey: Guid(11aaea5348574644a9eb4f4504fcce3f) Importer(815301076,1909f56bfc062723c751e8b465ee728b)
Start importing Assets/Graphics/Test_Enviro/FirstPerson/First person controller full.prefab using Guid(11aaea5348574644a9eb4f4504fcce3f) Importer(815301076,1909f56bfc062723c751e8b465ee728b) The file 'Assets/Graphics/Materials/MaterialEnvironment_V01.mat' seems to have merge conflicts. Please open it in a text editor and fix the merge.
UnityEngine.StackTraceUtility:ExtractStackTrace ()
UnityEngine.Rendering.ScriptableRenderContext:Internal_Cull (UnityEngine.Rendering.ScriptableCullingParameters&,UnityEngine.Rendering.ScriptableRenderContext,intptr)
UnityEngine.Rendering.ScriptableRenderContext:Cull (UnityEngine.Rendering.ScriptableCullingParameters&)
UnityEngine.Rendering.Universal.UniversalRenderPipeline:RenderSingleCamera (UnityEngine.Rendering.ScriptableRenderContext,UnityEngine.Rendering.Universal.CameraData,bool) (at Library/PackageCache/com.unity.render-pipelines.universal@10.4.0/Runtime/UniversalRenderPipeline.cs:371)
UnityEngine.Rendering.Universal.UniversalRenderPipeline:RenderSingleCamera (UnityEngine.Rendering.ScriptableRenderContext,UnityEngine.Camera) (at Library/PackageCache/com.unity.render-pipelines.universal@10.4.0/Runtime/UniversalRenderPipeline.cs:300)
UnityEngine.Rendering.Universal.UniversalRenderPipeline:Render (UnityEngine.Rendering.ScriptableRenderContext,UnityEngine.Camera[]) (at Library/PackageCache/com.unity.render-pipelines.universal@10.4.0/Runtime/UniversalRenderPipeline.cs:255)
UnityEngine.Rendering.RenderPipeline:InternalRender (UnityEngine.Rendering.ScriptableRenderContext,UnityEngine.Camera[])
UnityEngine.Rendering.RenderPipelineManager:DoRenderLoop_Internal (UnityEngine.Rendering.RenderPipelineAsset,intptr,System.Collections.Generic.List`1<UnityEngine.Camera/RenderRequest>,Unity.Collections.LowLevel.Unsafe.AtomicSafetyHandle)
UnityEditor.PreviewRenderUtility:Render (bool,bool)
UnityEditor.GameObjectInspector:DoRenderPreview ()
UnityEditor.GameObjectInspector:RenderStaticPreview (string,UnityEngine.Object[],int,int)
UnityEditor.AssetPreviewUpdater:CreatePreviewForAsset (UnityEngine.Object,UnityEngine.Object[],string)

[Library/PackageCache/com.unity.render-pipelines.universal@10.4.0/Runtime/UniversalRenderPipeline.cs line 371]

 -> (artifact id: '87e0df55c0dcd7f27f8698ea1b0363f4') in 0.013202 seconds
  Import took 0.019649 seconds .

========================================================================
Received Import Request.
  Time since last request: 1.347899 seconds.
  path: Assets/Graphics/Test_Enviro/Materials
  artifactKey: Guid(26ee24579d026f243b72798fced3c745) Importer(815301076,1909f56bfc062723c751e8b465ee728b)
Start importing Assets/Graphics/Test_Enviro/Materials using Guid(26ee24579d026f243b72798fced3c745) Importer(815301076,1909f56bfc062723c751e8b465ee728b)  -> (artifact id: 'e9eb8f40d65ade0480904cc84bb08293') in 0.003479 seconds
  Import took 0.008986 seconds .

========================================================================
Received Import Request.
  Time since last request: 0.073744 seconds.
  path: Assets/Graphics/Test_Enviro/Materials/Mat_Enviro_Test.mat
  artifactKey: Guid(1ed6c484353f6f94a94a6ac9acca6e17) Importer(815301076,1909f56bfc062723c751e8b465ee728b)
Start importing Assets/Graphics/Test_Enviro/Materials/Mat_Enviro_Test.mat using Guid(1ed6c484353f6f94a94a6ac9acca6e17) Importer(815301076,1909f56bfc062723c751e8b465ee728b)  -> (artifact id: 'bdc927f757537a33779b978305bc2ad3') in 0.027395 seconds
  Import took 0.035923 seconds .

========================================================================
Received Import Request.
  Time since last request: 0.000168 seconds.
  path: Assets/Graphics/Test_Enviro/Materials/Mat_Props_test2.mat
  artifactKey: Guid(478b4bf0f3a5bc1449b3e2de2ebcb5ef) Importer(815301076,1909f56bfc062723c751e8b465ee728b)
Start importing Assets/Graphics/Test_Enviro/Materials/Mat_Props_test2.mat using Guid(478b4bf0f3a5bc1449b3e2de2ebcb5ef) Importer(815301076,1909f56bfc062723c751e8b465ee728b)  -> (artifact id: '7633f34a695f153a1a9c5147d0f490e3') in 0.022883 seconds
  Import took 0.028585 seconds .

========================================================================
Received Import Request.
  Time since last request: 0.000177 seconds.
  path: Assets/Graphics/Test_Enviro/Materials/Material_Test.mat
  artifactKey: Guid(5fe3c3aab1a38114f98bff62bde04489) Importer(815301076,1909f56bfc062723c751e8b465ee728b)
Start importing Assets/Graphics/Test_Enviro/Materials/Material_Test.mat using Guid(5fe3c3aab1a38114f98bff62bde04489) Importer(815301076,1909f56bfc062723c751e8b465ee728b)  -> (artifact id: '7e7066dbe776f130424ec81c914ec34e') in 0.014803 seconds
  Import took 0.019958 seconds .

========================================================================
Received Import Request.
  Time since last request: 0.000168 seconds.
  path: Assets/Graphics/Test_Enviro/Materials/Mat_Props_test 1.mat
  artifactKey: Guid(f2014c3a32cffe44baa1e469af133ba9) Importer(815301076,1909f56bfc062723c751e8b465ee728b)
Start importing Assets/Graphics/Test_Enviro/Materials/Mat_Props_test 1.mat using Guid(f2014c3a32cffe44baa1e469af133ba9) Importer(815301076,1909f56bfc062723c751e8b465ee728b)  -> (artifact id: '8dc37970ceeaf90da845db131e0fcdd0') in 0.014698 seconds
  Import took 0.020228 seconds .

========================================================================
Received Import Request.
  Time since last request: 2.003506 seconds.
  path: Assets/Graphics/Test_Enviro/Terrain_Test
  artifactKey: Guid(1a526179ef8724e45b7477456a7abef5) Importer(815301076,1909f56bfc062723c751e8b465ee728b)
Start importing Assets/Graphics/Test_Enviro/Terrain_Test using Guid(1a526179ef8724e45b7477456a7abef5) Importer(815301076,1909f56bfc062723c751e8b465ee728b)  -> (artifact id: '735258731e94e5758c2853ac388b14f7') in 0.003614 seconds
  Import took 0.009285 seconds .

========================================================================
Received Import Request.
  Time since last request: 0.093742 seconds.
  path: Assets/Graphics/Test_Enviro/Terrain_Test/Skybox_No.mat
  artifactKey: Guid(c19cf8b0e250c084a8b3ed63a61743e9) Importer(815301076,1909f56bfc062723c751e8b465ee728b)
Start importing Assets/Graphics/Test_Enviro/Terrain_Test/Skybox_No.mat using Guid(c19cf8b0e250c084a8b3ed63a61743e9) Importer(815301076,1909f56bfc062723c751e8b465ee728b)  -> (artifact id: 'fe04c1178c9453583831e6c17c75ab60') in 0.130225 seconds
  Import took 0.141333 seconds .

========================================================================
Received Import Request.
  Time since last request: 0.000347 seconds.
  path: Assets/Graphics/Test_Enviro/Terrain_Test/TerrainData_6fc08b36-a07c-429e-9754-37af8d5dd878.asset
  artifactKey: Guid(8dff945ab89ef574384ee32af9e120e7) Importer(815301076,1909f56bfc062723c751e8b465ee728b)
Start importing Assets/Graphics/Test_Enviro/Terrain_Test/TerrainData_6fc08b36-a07c-429e-9754-37af8d5dd878.asset using Guid(8dff945ab89ef574384ee32af9e120e7) Importer(815301076,1909f56bfc062723c751e8b465ee728b)  -> (artifact id: '3f7e6f72238de0090a608dcc770983a5') in 0.021605 seconds
  Import took 0.031822 seconds .

========================================================================
Received Import Request.
  Time since last request: 0.000241 seconds.
  path: Assets/Graphics/Test_Enviro/Terrain_Test/Terrain_Nono.asset
  artifactKey: Guid(2df61afea44a082438b6ca7d21b0869e) Importer(815301076,1909f56bfc062723c751e8b465ee728b)
Start importing Assets/Graphics/Test_Enviro/Terrain_Test/Terrain_Nono.asset using Guid(2df61afea44a082438b6ca7d21b0869e) Importer(815301076,1909f56bfc062723c751e8b465ee728b)  -> (artifact id: '926e2afeb3c8cbba0afce1aa19e4280c') in 0.016651 seconds
  Import took 0.023394 seconds .

========================================================================
Received Import Request.
  Time since last request: 67.355318 seconds.
  path: Assets/Scripts
  artifactKey: Guid(4e4c41dbd74b54c4fb21bf895cda1882) Importer(815301076,1909f56bfc062723c751e8b465ee728b)
Start importing Assets/Scripts using Guid(4e4c41dbd74b54c4fb21bf895cda1882) Importer(815301076,1909f56bfc062723c751e8b465ee728b)  -> (artifact id: '28baf1746895fd10fc25532fbfc80c9b') in 0.003847 seconds
  Import took 0.009392 seconds .

========================================================================
Received Import Request.
  Time since last request: 2.578672 seconds.
  path: Assets/Scripts/Level_Introduction_Lasers
  artifactKey: Guid(9f5944d1313f00e499a33a0d8c20aa77) Importer(815301076,1909f56bfc062723c751e8b465ee728b)
Start importing Assets/Scripts/Level_Introduction_Lasers using Guid(9f5944d1313f00e499a33a0d8c20aa77) Importer(815301076,1909f56bfc062723c751e8b465ee728b)  -> (artifact id: 'b0ef07dbf941389de6fa53e189d12c70') in 0.003550 seconds
  Import took 0.009103 seconds .

========================================================================
Received Import Request.
  Time since last request: 6.663712 seconds.
  path: Assets/Scripts/CreateLocalDepotOnLaunch.cs
  artifactKey: Guid(b558a9506278da74c96ab03d6dcd6694) Importer(815301076,1909f56bfc062723c751e8b465ee728b)
Start importing Assets/Scripts/CreateLocalDepotOnLaunch.cs using Guid(b558a9506278da74c96ab03d6dcd6694) Importer(815301076,1909f56bfc062723c751e8b465ee728b)  -> (artifact id: '4639f77d2b70e7aafc2486ac288bae8b') in 0.007546 seconds
  Import took 0.013034 seconds .

========================================================================
Received Prepare
Registering precompiled user dll's ...
Registered in 0.001743 seconds.
Begin MonoManager ReloadAssembly
Native extension for WindowsStandalone target not found
Refreshing native plugins compatible for Editor in 0.67 ms, found 0 plugins.
Preloading 0 native plugins for Editor in 0.00 ms.
Warning: Annotation not found!
UnityEngine.StackTraceUtility:ExtractStackTrace ()
UnityEditor.ProBuilder.EditorUtility:SetGizmoIconEnabled (System.Type,bool) (at Library/PackageCache/com.unity.probuilder@4.5.0/Editor/EditorCore/EditorUtility.cs:593)
UnityEditor.ProBuilder.HierarchyListener:.cctor () (at Library/PackageCache/com.unity.probuilder@4.5.0/Editor/EditorCore/HierarchyListener.cs:21)
System.Runtime.CompilerServices.RuntimeHelpers:RunClassConstructor (System.RuntimeTypeHandle)
UnityEditor.EditorAssemblies:ProcessInitializeOnLoadAttributes (System.Type[])

[Library/PackageCache/com.unity.probuilder@4.5.0/Editor/EditorCore/EditorUtility.cs line 593]

Invoked RoslynAnalysisRunner static constructor.
RoslynAnalysisRunner will not be running.
RoslynAnalysisRunner has terminated.
Mono: successfully reloaded assembly
- Completed reload, in  1.117 seconds
Platform modules already initialized, skipping
Shader 'Universal Render Pipeline/Particles/Lit': fallback shader 'Universal Render Pipeline/Particles/SimpleLit' not found
Refreshing native plugins compatible for Editor in 1.04 ms, found 0 plugins.
Preloading 0 native plugins for Editor in 0.00 ms.
Unloading 2788 Unused Serialized files (Serialized files now loaded: 0)
System memory in use before: 135.7 MB.
System memory in use after: 135.9 MB.

Unloading 10 unused Assets to reduce memory usage. Loaded Objects now: 3480.
Total: 6.137700 ms (FindLiveObjects: 0.405100 ms CreateObjectMapping: 0.154100 ms MarkObjects: 5.469700 ms  DeleteObjects: 0.107300 ms)

========================================================================
Received Import Request.
  Time since last request: 488.997383 seconds.
  path: Assets/Scripts/Laser
  artifactKey: Guid(2c73e064b9c126a4186ee6b8622e7cef) Importer(815301076,1909f56bfc062723c751e8b465ee728b)
Start importing Assets/Scripts/Laser using Guid(2c73e064b9c126a4186ee6b8622e7cef) Importer(815301076,1909f56bfc062723c751e8b465ee728b)  -> (artifact id: '7c282f16794555d12043d0bf995bff20') in 0.009094 seconds
  Import took 0.015251 seconds .

========================================================================
Received Import Request.
  Time since last request: 2.351050 seconds.
  path: Assets/Scripts/Laser/LaserChangeColor.cs
  artifactKey: Guid(75493c01f5aec454982137999635c96c) Importer(815301076,1909f56bfc062723c751e8b465ee728b)
Start importing Assets/Scripts/Laser/LaserChangeColor.cs using Guid(75493c01f5aec454982137999635c96c) Importer(815301076,1909f56bfc062723c751e8b465ee728b)  -> (artifact id: '4bca15e9a13698fe3184d15a5bddbe8f') in 0.003206 seconds
  Import took 0.008246 seconds .

========================================================================
Received Import Request.
  Time since last request: 0.019085 seconds.
  path: Assets/Scripts/Laser/LaserChangeColor.cs
  artifactKey: Guid(75493c01f5aec454982137999635c96c) Importer(815301076,1909f56bfc062723c751e8b465ee728b)
Start importing Assets/Scripts/Laser/LaserChangeColor.cs using Guid(75493c01f5aec454982137999635c96c) Importer(815301076,1909f56bfc062723c751e8b465ee728b)  -> (artifact id: '4bca15e9a13698fe3184d15a5bddbe8f') in 0.003655 seconds
  Import took 0.009083 seconds .

========================================================================
Received Prepare
Registering precompiled user dll's ...
Registered in 0.001078 seconds.
Begin MonoManager ReloadAssembly
Native extension for WindowsStandalone target not found
Refreshing native plugins compatible for Editor in 0.64 ms, found 0 plugins.
Preloading 0 native plugins for Editor in 0.00 ms.
Warning: Annotation not found!
UnityEngine.StackTraceUtility:ExtractStackTrace ()
UnityEditor.ProBuilder.EditorUtility:SetGizmoIconEnabled (System.Type,bool) (at Library/PackageCache/com.unity.probuilder@4.5.0/Editor/EditorCore/EditorUtility.cs:593)
UnityEditor.ProBuilder.HierarchyListener:.cctor () (at Library/PackageCache/com.unity.probuilder@4.5.0/Editor/EditorCore/HierarchyListener.cs:21)
System.Runtime.CompilerServices.RuntimeHelpers:RunClassConstructor (System.RuntimeTypeHandle)
UnityEditor.EditorAssemblies:ProcessInitializeOnLoadAttributes (System.Type[])

[Library/PackageCache/com.unity.probuilder@4.5.0/Editor/EditorCore/EditorUtility.cs line 593]

Invoked RoslynAnalysisRunner static constructor.
RoslynAnalysisRunner will not be running.
RoslynAnalysisRunner has terminated.
Mono: successfully reloaded assembly
- Completed reload, in  0.871 seconds
Platform modules already initialized, skipping
Shader 'Universal Render Pipeline/Particles/Lit': fallback shader 'Universal Render Pipeline/Particles/SimpleLit' not found
Refreshing native plugins compatible for Editor in 0.61 ms, found 0 plugins.
Preloading 0 native plugins for Editor in 0.00 ms.
Unloading 2778 Unused Serialized files (Serialized files now loaded: 0)
System memory in use before: 134.8 MB.
System memory in use after: 135.1 MB.

Unloading 8 unused Assets to reduce memory usage. Loaded Objects now: 3483.
Total: 3.220300 ms (FindLiveObjects: 0.375700 ms CreateObjectMapping: 0.148600 ms MarkObjects: 2.676200 ms  DeleteObjects: 0.018900 ms)

========================================================================
Received Import Request.
  Time since last request: 93.437753 seconds.
  path: Assets/Scripts/Laser/LaserChangeColor.cs
  artifactKey: Guid(75493c01f5aec454982137999635c96c) Importer(815301076,1909f56bfc062723c751e8b465ee728b)
Start importing Assets/Scripts/Laser/LaserChangeColor.cs using Guid(75493c01f5aec454982137999635c96c) Importer(815301076,1909f56bfc062723c751e8b465ee728b)  -> (artifact id: '923aa004316b2a5e8d17b23b29acdb63') in 0.010949 seconds
  Import took 0.018546 seconds .

========================================================================
Received Prepare
Registering precompiled user dll's ...
Registered in 0.002038 seconds.
Begin MonoManager ReloadAssembly
Native extension for WindowsStandalone target not found
Refreshing native plugins compatible for Editor in 0.62 ms, found 0 plugins.
Preloading 0 native plugins for Editor in 0.00 ms.
Warning: Annotation not found!
UnityEngine.StackTraceUtility:ExtractStackTrace ()
UnityEditor.ProBuilder.EditorUtility:SetGizmoIconEnabled (System.Type,bool) (at Library/PackageCache/com.unity.probuilder@4.5.0/Editor/EditorCore/EditorUtility.cs:593)
UnityEditor.ProBuilder.HierarchyListener:.cctor () (at Library/PackageCache/com.unity.probuilder@4.5.0/Editor/EditorCore/HierarchyListener.cs:21)
System.Runtime.CompilerServices.RuntimeHelpers:RunClassConstructor (System.RuntimeTypeHandle)
UnityEditor.EditorAssemblies:ProcessInitializeOnLoadAttributes (System.Type[])

[Library/PackageCache/com.unity.probuilder@4.5.0/Editor/EditorCore/EditorUtility.cs line 593]

Invoked RoslynAnalysisRunner static constructor.
RoslynAnalysisRunner will not be running.
RoslynAnalysisRunner has terminated.
Mono: successfully reloaded assembly
- Completed reload, in  0.990 seconds
Platform modules already initialized, skipping
Shader 'Universal Render Pipeline/Particles/Lit': fallback shader 'Universal Render Pipeline/Particles/SimpleLit' not found
Refreshing native plugins compatible for Editor in 0.99 ms, found 0 plugins.
Preloading 0 native plugins for Editor in 0.00 ms.
Unloading 2778 Unused Serialized files (Serialized files now loaded: 0)
System memory in use before: 134.9 MB.
System memory in use after: 135.1 MB.

Unloading 8 unused Assets to reduce memory usage. Loaded Objects now: 3486.
Total: 4.246100 ms (FindLiveObjects: 0.546200 ms CreateObjectMapping: 0.180700 ms MarkObjects: 3.496800 ms  DeleteObjects: 0.021300 ms)

========================================================================
Received Import Request.
  Time since last request: 32.675436 seconds.
  path: Assets/Scripts/Laser/LaserChangeColor.cs
  artifactKey: Guid(75493c01f5aec454982137999635c96c) Importer(815301076,1909f56bfc062723c751e8b465ee728b)
Start importing Assets/Scripts/Laser/LaserChangeColor.cs using Guid(75493c01f5aec454982137999635c96c) Importer(815301076,1909f56bfc062723c751e8b465ee728b)  -> (artifact id: 'cd6ed893ae24d11942cb421b2a4c505a') in 0.012750 seconds
  Import took 0.023071 seconds .

========================================================================
Received Prepare
Registering precompiled user dll's ...
Registered in 0.001087 seconds.
Begin MonoManager ReloadAssembly
Native extension for WindowsStandalone target not found
Refreshing native plugins compatible for Editor in 0.66 ms, found 0 plugins.
Preloading 0 native plugins for Editor in 0.00 ms.
Warning: Annotation not found!
UnityEngine.StackTraceUtility:ExtractStackTrace ()
UnityEditor.ProBuilder.EditorUtility:SetGizmoIconEnabled (System.Type,bool) (at Library/PackageCache/com.unity.probuilder@4.5.0/Editor/EditorCore/EditorUtility.cs:593)
UnityEditor.ProBuilder.HierarchyListener:.cctor () (at Library/PackageCache/com.unity.probuilder@4.5.0/Editor/EditorCore/HierarchyListener.cs:21)
System.Runtime.CompilerServices.RuntimeHelpers:RunClassConstructor (System.RuntimeTypeHandle)
UnityEditor.EditorAssemblies:ProcessInitializeOnLoadAttributes (System.Type[])

[Library/PackageCache/com.unity.probuilder@4.5.0/Editor/EditorCore/EditorUtility.cs line 593]

Invoked RoslynAnalysisRunner static constructor.
RoslynAnalysisRunner will not be running.
RoslynAnalysisRunner has terminated.
Mono: successfully reloaded assembly
- Completed reload, in  1.050 seconds
Platform modules already initialized, skipping
Shader 'Universal Render Pipeline/Particles/Lit': fallback shader 'Universal Render Pipeline/Particles/SimpleLit' not found
Refreshing native plugins compatible for Editor in 1.06 ms, found 0 plugins.
Preloading 0 native plugins for Editor in 0.00 ms.
Unloading 2778 Unused Serialized files (Serialized files now loaded: 0)
System memory in use before: 134.9 MB.
System memory in use after: 135.1 MB.

Unloading 8 unused Assets to reduce memory usage. Loaded Objects now: 3489.
Total: 3.633500 ms (FindLiveObjects: 0.404000 ms CreateObjectMapping: 0.152700 ms MarkObjects: 3.054100 ms  DeleteObjects: 0.021300 ms)

========================================================================
Received Prepare
Registering precompiled user dll's ...
Registered in 0.002272 seconds.
Begin MonoManager ReloadAssembly
Native extension for WindowsStandalone target not found
Refreshing native plugins compatible for Editor in 0.60 ms, found 0 plugins.
Preloading 0 native plugins for Editor in 0.00 ms.
Warning: Annotation not found!
UnityEngine.StackTraceUtility:ExtractStackTrace ()
UnityEditor.ProBuilder.EditorUtility:SetGizmoIconEnabled (System.Type,bool) (at Library/PackageCache/com.unity.probuilder@4.5.0/Editor/EditorCore/EditorUtility.cs:593)
UnityEditor.ProBuilder.HierarchyListener:.cctor () (at Library/PackageCache/com.unity.probuilder@4.5.0/Editor/EditorCore/HierarchyListener.cs:21)
System.Runtime.CompilerServices.RuntimeHelpers:RunClassConstructor (System.RuntimeTypeHandle)
UnityEditor.EditorAssemblies:ProcessInitializeOnLoadAttributes (System.Type[])

[Library/PackageCache/com.unity.probuilder@4.5.0/Editor/EditorCore/EditorUtility.cs line 593]

Invoked RoslynAnalysisRunner static constructor.
RoslynAnalysisRunner will not be running.
RoslynAnalysisRunner has terminated.
Mono: successfully reloaded assembly
- Completed reload, in  1.059 seconds
Platform modules already initialized, skipping
Shader 'Universal Render Pipeline/Particles/Lit': fallback shader 'Universal Render Pipeline/Particles/SimpleLit' not found
Refreshing native plugins compatible for Editor in 1.10 ms, found 0 plugins.
Preloading 0 native plugins for Editor in 0.00 ms.
Unloading 2778 Unused Serialized files (Serialized files now loaded: 0)
System memory in use before: 134.9 MB.
System memory in use after: 135.1 MB.

Unloading 8 unused Assets to reduce memory usage. Loaded Objects now: 3492.
Total: 5.283100 ms (FindLiveObjects: 0.476500 ms CreateObjectMapping: 0.305200 ms MarkObjects: 4.466000 ms  DeleteObjects: 0.033600 ms)

========================================================================
Received Prepare
Registering precompiled user dll's ...
Registered in 0.001310 seconds.
Begin MonoManager ReloadAssembly
Native extension for WindowsStandalone target not found
Refreshing native plugins compatible for Editor in 0.61 ms, found 0 plugins.
Preloading 0 native plugins for Editor in 0.00 ms.
Warning: Annotation not found!
UnityEngine.StackTraceUtility:ExtractStackTrace ()
UnityEditor.ProBuilder.EditorUtility:SetGizmoIconEnabled (System.Type,bool) (at Library/PackageCache/com.unity.probuilder@4.5.0/Editor/EditorCore/EditorUtility.cs:593)
UnityEditor.ProBuilder.HierarchyListener:.cctor () (at Library/PackageCache/com.unity.probuilder@4.5.0/Editor/EditorCore/HierarchyListener.cs:21)
System.Runtime.CompilerServices.RuntimeHelpers:RunClassConstructor (System.RuntimeTypeHandle)
UnityEditor.EditorAssemblies:ProcessInitializeOnLoadAttributes (System.Type[])

[Library/PackageCache/com.unity.probuilder@4.5.0/Editor/EditorCore/EditorUtility.cs line 593]

Invoked RoslynAnalysisRunner static constructor.
RoslynAnalysisRunner will not be running.
RoslynAnalysisRunner has terminated.
Mono: successfully reloaded assembly
- Completed reload, in  1.020 seconds
Platform modules already initialized, skipping
Shader 'Universal Render Pipeline/Particles/Lit': fallback shader 'Universal Render Pipeline/Particles/SimpleLit' not found
Refreshing native plugins compatible for Editor in 0.65 ms, found 0 plugins.
Preloading 0 native plugins for Editor in 0.00 ms.
Unloading 2778 Unused Serialized files (Serialized files now loaded: 0)
System memory in use before: 134.9 MB.
System memory in use after: 135.1 MB.

Unloading 8 unused Assets to reduce memory usage. Loaded Objects now: 3495.
Total: 3.385600 ms (FindLiveObjects: 0.388300 ms CreateObjectMapping: 0.144100 ms MarkObjects: 2.828200 ms  DeleteObjects: 0.023400 ms)

========================================================================
Received Prepare
Registering precompiled user dll's ...
Registered in 0.001020 seconds.
Begin MonoManager ReloadAssembly
Native extension for WindowsStandalone target not found
Refreshing native plugins compatible for Editor in 1.03 ms, found 0 plugins.
Preloading 0 native plugins for Editor in 0.00 ms.
Warning: Annotation not found!
UnityEngine.StackTraceUtility:ExtractStackTrace ()
UnityEditor.ProBuilder.EditorUtility:SetGizmoIconEnabled (System.Type,bool) (at Library/PackageCache/com.unity.probuilder@4.5.0/Editor/EditorCore/EditorUtility.cs:593)
UnityEditor.ProBuilder.HierarchyListener:.cctor () (at Library/PackageCache/com.unity.probuilder@4.5.0/Editor/EditorCore/HierarchyListener.cs:21)
System.Runtime.CompilerServices.RuntimeHelpers:RunClassConstructor (System.RuntimeTypeHandle)
UnityEditor.EditorAssemblies:ProcessInitializeOnLoadAttributes (System.Type[])

[Library/PackageCache/com.unity.probuilder@4.5.0/Editor/EditorCore/EditorUtility.cs line 593]

Invoked RoslynAnalysisRunner static constructor.
RoslynAnalysisRunner will not be running.
RoslynAnalysisRunner has terminated.
Mono: successfully reloaded assembly
- Completed reload, in  1.032 seconds
Platform modules already initialized, skipping
Shader 'Universal Render Pipeline/Particles/Lit': fallback shader 'Universal Render Pipeline/Particles/SimpleLit' not found
Refreshing native plugins compatible for Editor in 1.08 ms, found 0 plugins.
Preloading 0 native plugins for Editor in 0.00 ms.
Unloading 2778 Unused Serialized files (Serialized files now loaded: 0)
System memory in use before: 134.9 MB.
System memory in use after: 135.2 MB.

Unloading 8 unused Assets to reduce memory usage. Loaded Objects now: 3498.
Total: 6.775900 ms (FindLiveObjects: 0.668900 ms CreateObjectMapping: 0.350800 ms MarkObjects: 5.714300 ms  DeleteObjects: 0.039500 ms)

========================================================================
Received Prepare
Registering precompiled user dll's ...
Registered in 0.001039 seconds.
Begin MonoManager ReloadAssembly
Native extension for WindowsStandalone target not found
Refreshing native plugins compatible for Editor in 0.63 ms, found 0 plugins.
Preloading 0 native plugins for Editor in 0.00 ms.
Warning: Annotation not found!
UnityEngine.StackTraceUtility:ExtractStackTrace ()
UnityEditor.ProBuilder.EditorUtility:SetGizmoIconEnabled (System.Type,bool) (at Library/PackageCache/com.unity.probuilder@4.5.0/Editor/EditorCore/EditorUtility.cs:593)
UnityEditor.ProBuilder.HierarchyListener:.cctor () (at Library/PackageCache/com.unity.probuilder@4.5.0/Editor/EditorCore/HierarchyListener.cs:21)
System.Runtime.CompilerServices.RuntimeHelpers:RunClassConstructor (System.RuntimeTypeHandle)
UnityEditor.EditorAssemblies:ProcessInitializeOnLoadAttributes (System.Type[])

[Library/PackageCache/com.unity.probuilder@4.5.0/Editor/EditorCore/EditorUtility.cs line 593]

Invoked RoslynAnalysisRunner static constructor.
RoslynAnalysisRunner will not be running.
RoslynAnalysisRunner has terminated.
Mono: successfully reloaded assembly
- Completed reload, in  1.039 seconds
Platform modules already initialized, skipping
Shader 'Universal Render Pipeline/Particles/Lit': fallback shader 'Universal Render Pipeline/Particles/SimpleLit' not found
Refreshing native plugins compatible for Editor in 1.13 ms, found 0 plugins.
Preloading 0 native plugins for Editor in 0.00 ms.
Unloading 2778 Unused Serialized files (Serialized files now loaded: 0)
System memory in use before: 134.9 MB.
System memory in use after: 135.2 MB.

Unloading 8 unused Assets to reduce memory usage. Loaded Objects now: 3501.
Total: 3.528900 ms (FindLiveObjects: 0.380400 ms CreateObjectMapping: 0.150800 ms MarkObjects: 2.976900 ms  DeleteObjects: 0.019700 ms)

========================================================================
Received Import Request.
  Time since last request: 1672.126623 seconds.
  path: Assets/Scripts/Level Mecanisms
  artifactKey: Guid(dd8b2bf450edaab4fa65a63a34883184) Importer(815301076,1909f56bfc062723c751e8b465ee728b)
Start importing Assets/Scripts/Level Mecanisms using Guid(dd8b2bf450edaab4fa65a63a34883184) Importer(815301076,1909f56bfc062723c751e8b465ee728b)  -> (artifact id: '8a2891538a8a846f8684a113e8078540') in 0.012471 seconds
  Import took 0.019768 seconds .

========================================================================
Received Prepare
Registering precompiled user dll's ...
Registered in 0.001061 seconds.
Begin MonoManager ReloadAssembly
Native extension for WindowsStandalone target not found
Refreshing native plugins compatible for Editor in 0.70 ms, found 0 plugins.
Preloading 0 native plugins for Editor in 0.00 ms.
Warning: Annotation not found!
UnityEngine.StackTraceUtility:ExtractStackTrace ()
UnityEditor.ProBuilder.EditorUtility:SetGizmoIconEnabled (System.Type,bool) (at Library/PackageCache/com.unity.probuilder@4.5.0/Editor/EditorCore/EditorUtility.cs:593)
UnityEditor.ProBuilder.HierarchyListener:.cctor () (at Library/PackageCache/com.unity.probuilder@4.5.0/Editor/EditorCore/HierarchyListener.cs:21)
System.Runtime.CompilerServices.RuntimeHelpers:RunClassConstructor (System.RuntimeTypeHandle)
UnityEditor.EditorAssemblies:ProcessInitializeOnLoadAttributes (System.Type[])

[Library/PackageCache/com.unity.probuilder@4.5.0/Editor/EditorCore/EditorUtility.cs line 593]

Invoked RoslynAnalysisRunner static constructor.
RoslynAnalysisRunner will not be running.
RoslynAnalysisRunner has terminated.
Mono: successfully reloaded assembly
- Completed reload, in  1.099 seconds
Platform modules already initialized, skipping
Shader 'Universal Render Pipeline/Particles/Lit': fallback shader 'Universal Render Pipeline/Particles/SimpleLit' not found
Refreshing native plugins compatible for Editor in 0.63 ms, found 0 plugins.
Preloading 0 native plugins for Editor in 0.00 ms.
Unloading 2778 Unused Serialized files (Serialized files now loaded: 0)
System memory in use before: 134.9 MB.
System memory in use after: 135.2 MB.

Unloading 8 unused Assets to reduce memory usage. Loaded Objects now: 3504.
Total: 6.683400 ms (FindLiveObjects: 0.622200 ms CreateObjectMapping: 0.359700 ms MarkObjects: 5.663200 ms  DeleteObjects: 0.036100 ms)

========================================================================
Received Prepare
Registering precompiled user dll's ...
Registered in 0.001074 seconds.
Begin MonoManager ReloadAssembly
Native extension for WindowsStandalone target not found
Refreshing native plugins compatible for Editor in 0.61 ms, found 0 plugins.
Preloading 0 native plugins for Editor in 0.00 ms.
Warning: Annotation not found!
UnityEngine.StackTraceUtility:ExtractStackTrace ()
UnityEditor.ProBuilder.EditorUtility:SetGizmoIconEnabled (System.Type,bool) (at Library/PackageCache/com.unity.probuilder@4.5.0/Editor/EditorCore/EditorUtility.cs:593)
UnityEditor.ProBuilder.HierarchyListener:.cctor () (at Library/PackageCache/com.unity.probuilder@4.5.0/Editor/EditorCore/HierarchyListener.cs:21)
System.Runtime.CompilerServices.RuntimeHelpers:RunClassConstructor (System.RuntimeTypeHandle)
UnityEditor.EditorAssemblies:ProcessInitializeOnLoadAttributes (System.Type[])

[Library/PackageCache/com.unity.probuilder@4.5.0/Editor/EditorCore/EditorUtility.cs line 593]

Invoked RoslynAnalysisRunner static constructor.
RoslynAnalysisRunner will not be running.
RoslynAnalysisRunner has terminated.
Mono: successfully reloaded assembly
- Completed reload, in  1.003 seconds
Platform modules already initialized, skipping
Shader 'Universal Render Pipeline/Particles/Lit': fallback shader 'Universal Render Pipeline/Particles/SimpleLit' not found
Refreshing native plugins compatible for Editor in 0.61 ms, found 0 plugins.
Preloading 0 native plugins for Editor in 0.00 ms.
Unloading 2778 Unused Serialized files (Serialized files now loaded: 0)
System memory in use before: 134.9 MB.
System memory in use after: 135.2 MB.

Unloading 8 unused Assets to reduce memory usage. Loaded Objects now: 3507.
Total: 6.560300 ms (FindLiveObjects: 0.588900 ms CreateObjectMapping: 0.315000 ms MarkObjects: 5.622000 ms  DeleteObjects: 0.032200 ms)

========================================================================
Received Prepare
Registering precompiled user dll's ...
Registered in 0.000985 seconds.
Begin MonoManager ReloadAssembly
Native extension for WindowsStandalone target not found
Refreshing native plugins compatible for Editor in 1.11 ms, found 0 plugins.
Preloading 0 native plugins for Editor in 0.00 ms.
Warning: Annotation not found!
UnityEngine.StackTraceUtility:ExtractStackTrace ()
UnityEditor.ProBuilder.EditorUtility:SetGizmoIconEnabled (System.Type,bool) (at Library/PackageCache/com.unity.probuilder@4.5.0/Editor/EditorCore/EditorUtility.cs:593)
UnityEditor.ProBuilder.HierarchyListener:.cctor () (at Library/PackageCache/com.unity.probuilder@4.5.0/Editor/EditorCore/HierarchyListener.cs:21)
System.Runtime.CompilerServices.RuntimeHelpers:RunClassConstructor (System.RuntimeTypeHandle)
UnityEditor.EditorAssemblies:ProcessInitializeOnLoadAttributes (System.Type[])

[Library/PackageCache/com.unity.probuilder@4.5.0/Editor/EditorCore/EditorUtility.cs line 593]

Invoked RoslynAnalysisRunner static constructor.
RoslynAnalysisRunner will not be running.
RoslynAnalysisRunner has terminated.
Mono: successfully reloaded assembly
- Completed reload, in  1.070 seconds
Platform modules already initialized, skipping
Shader 'Universal Render Pipeline/Particles/Lit': fallback shader 'Universal Render Pipeline/Particles/SimpleLit' not found
Refreshing native plugins compatible for Editor in 1.09 ms, found 0 plugins.
Preloading 0 native plugins for Editor in 0.00 ms.
Unloading 2779 Unused Serialized files (Serialized files now loaded: 0)
System memory in use before: 135.0 MB.
System memory in use after: 135.2 MB.

Unloading 8 unused Assets to reduce memory usage. Loaded Objects now: 3511.
Total: 7.013200 ms (FindLiveObjects: 0.568300 ms CreateObjectMapping: 0.299600 ms MarkObjects: 6.107400 ms  DeleteObjects: 0.036000 ms)

========================================================================
Received Prepare
Registering precompiled user dll's ...
Registered in 0.001060 seconds.
Begin MonoManager ReloadAssembly
Native extension for WindowsStandalone target not found
Refreshing native plugins compatible for Editor in 0.60 ms, found 0 plugins.
Preloading 0 native plugins for Editor in 0.00 ms.
Warning: Annotation not found!
UnityEngine.StackTraceUtility:ExtractStackTrace ()
UnityEditor.ProBuilder.EditorUtility:SetGizmoIconEnabled (System.Type,bool) (at Library/PackageCache/com.unity.probuilder@4.5.0/Editor/EditorCore/EditorUtility.cs:593)
UnityEditor.ProBuilder.HierarchyListener:.cctor () (at Library/PackageCache/com.unity.probuilder@4.5.0/Editor/EditorCore/HierarchyListener.cs:21)
System.Runtime.CompilerServices.RuntimeHelpers:RunClassConstructor (System.RuntimeTypeHandle)
UnityEditor.EditorAssemblies:ProcessInitializeOnLoadAttributes (System.Type[])

[Library/PackageCache/com.unity.probuilder@4.5.0/Editor/EditorCore/EditorUtility.cs line 593]

Invoked RoslynAnalysisRunner static constructor.
RoslynAnalysisRunner will not be running.
RoslynAnalysisRunner has terminated.
Mono: successfully reloaded assembly
- Completed reload, in  1.061 seconds
Platform modules already initialized, skipping
Shader 'Universal Render Pipeline/Particles/Lit': fallback shader 'Universal Render Pipeline/Particles/SimpleLit' not found
Refreshing native plugins compatible for Editor in 1.15 ms, found 0 plugins.
Preloading 0 native plugins for Editor in 0.00 ms.
Unloading 2779 Unused Serialized files (Serialized files now loaded: 0)
System memory in use before: 135.0 MB.
System memory in use after: 135.2 MB.

Unloading 8 unused Assets to reduce memory usage. Loaded Objects now: 3514.
Total: 6.530500 ms (FindLiveObjects: 0.593800 ms CreateObjectMapping: 0.337600 ms MarkObjects: 5.561500 ms  DeleteObjects: 0.035600 ms)

========================================================================
Received Prepare
Registering precompiled user dll's ...
Registered in 0.001100 seconds.
Begin MonoManager ReloadAssembly
Native extension for WindowsStandalone target not found
Refreshing native plugins compatible for Editor in 0.68 ms, found 0 plugins.
Preloading 0 native plugins for Editor in 0.00 ms.
Warning: Annotation not found!
UnityEngine.StackTraceUtility:ExtractStackTrace ()
UnityEditor.ProBuilder.EditorUtility:SetGizmoIconEnabled (System.Type,bool) (at Library/PackageCache/com.unity.probuilder@4.5.0/Editor/EditorCore/EditorUtility.cs:593)
UnityEditor.ProBuilder.HierarchyListener:.cctor () (at Library/PackageCache/com.unity.probuilder@4.5.0/Editor/EditorCore/HierarchyListener.cs:21)
System.Runtime.CompilerServices.RuntimeHelpers:RunClassConstructor (System.RuntimeTypeHandle)
UnityEditor.EditorAssemblies:ProcessInitializeOnLoadAttributes (System.Type[])

[Library/PackageCache/com.unity.probuilder@4.5.0/Editor/EditorCore/EditorUtility.cs line 593]

Invoked RoslynAnalysisRunner static constructor.
RoslynAnalysisRunner will not be running.
RoslynAnalysisRunner has terminated.
Mono: successfully reloaded assembly
- Completed reload, in  1.063 seconds
Platform modules already initialized, skipping
Shader 'Universal Render Pipeline/Particles/Lit': fallback shader 'Universal Render Pipeline/Particles/SimpleLit' not found
Refreshing native plugins compatible for Editor in 0.61 ms, found 0 plugins.
Preloading 0 native plugins for Editor in 0.00 ms.
Unloading 2779 Unused Serialized files (Serialized files now loaded: 0)
System memory in use before: 135.0 MB.
System memory in use after: 135.2 MB.

Unloading 8 unused Assets to reduce memory usage. Loaded Objects now: 3517.
Total: 3.406300 ms (FindLiveObjects: 0.384800 ms CreateObjectMapping: 0.160900 ms MarkObjects: 2.832400 ms  DeleteObjects: 0.027100 ms)

========================================================================
Received Prepare
Registering precompiled user dll's ...
Registered in 0.001083 seconds.
Begin MonoManager ReloadAssembly
Native extension for WindowsStandalone target not found
Refreshing native plugins compatible for Editor in 0.61 ms, found 0 plugins.
Preloading 0 native plugins for Editor in 0.00 ms.
Warning: Annotation not found!
UnityEngine.StackTraceUtility:ExtractStackTrace ()
UnityEditor.ProBuilder.EditorUtility:SetGizmoIconEnabled (System.Type,bool) (at Library/PackageCache/com.unity.probuilder@4.5.0/Editor/EditorCore/EditorUtility.cs:593)
UnityEditor.ProBuilder.HierarchyListener:.cctor () (at Library/PackageCache/com.unity.probuilder@4.5.0/Editor/EditorCore/HierarchyListener.cs:21)
System.Runtime.CompilerServices.RuntimeHelpers:RunClassConstructor (System.RuntimeTypeHandle)
UnityEditor.EditorAssemblies:ProcessInitializeOnLoadAttributes (System.Type[])

[Library/PackageCache/com.unity.probuilder@4.5.0/Editor/EditorCore/EditorUtility.cs line 593]

Invoked RoslynAnalysisRunner static constructor.
RoslynAnalysisRunner will not be running.
RoslynAnalysisRunner has terminated.
Mono: successfully reloaded assembly
- Completed reload, in  1.002 seconds
Platform modules already initialized, skipping
Shader 'Universal Render Pipeline/Particles/Lit': fallback shader 'Universal Render Pipeline/Particles/SimpleLit' not found
Refreshing native plugins compatible for Editor in 1.10 ms, found 0 plugins.
Preloading 0 native plugins for Editor in 0.00 ms.
Unloading 2779 Unused Serialized files (Serialized files now loaded: 0)
System memory in use before: 135.0 MB.
System memory in use after: 135.2 MB.

Unloading 8 unused Assets to reduce memory usage. Loaded Objects now: 3520.
Total: 6.623000 ms (FindLiveObjects: 0.604800 ms CreateObjectMapping: 0.317800 ms MarkObjects: 5.663500 ms  DeleteObjects: 0.034700 ms)

========================================================================
Received Prepare
Registering precompiled user dll's ...
Registered in 0.001568 seconds.
Begin MonoManager ReloadAssembly
Native extension for WindowsStandalone target not found
Refreshing native plugins compatible for Editor in 0.62 ms, found 0 plugins.
Preloading 0 native plugins for Editor in 0.00 ms.
Warning: Annotation not found!
UnityEngine.StackTraceUtility:ExtractStackTrace ()
UnityEditor.ProBuilder.EditorUtility:SetGizmoIconEnabled (System.Type,bool) (at Library/PackageCache/com.unity.probuilder@4.5.0/Editor/EditorCore/EditorUtility.cs:593)
UnityEditor.ProBuilder.HierarchyListener:.cctor () (at Library/PackageCache/com.unity.probuilder@4.5.0/Editor/EditorCore/HierarchyListener.cs:21)
System.Runtime.CompilerServices.RuntimeHelpers:RunClassConstructor (System.RuntimeTypeHandle)
UnityEditor.EditorAssemblies:ProcessInitializeOnLoadAttributes (System.Type[])

[Library/PackageCache/com.unity.probuilder@4.5.0/Editor/EditorCore/EditorUtility.cs line 593]

Invoked RoslynAnalysisRunner static constructor.
RoslynAnalysisRunner will not be running.
RoslynAnalysisRunner has terminated.
Mono: successfully reloaded assembly
- Completed reload, in  1.036 seconds
Platform modules already initialized, skipping
Shader 'Universal Render Pipeline/Particles/Lit': fallback shader 'Universal Render Pipeline/Particles/SimpleLit' not found
Refreshing native plugins compatible for Editor in 1.05 ms, found 0 plugins.
Preloading 0 native plugins for Editor in 0.00 ms.
Unloading 2779 Unused Serialized files (Serialized files now loaded: 0)
System memory in use before: 135.0 MB.
System memory in use after: 135.2 MB.

Unloading 8 unused Assets to reduce memory usage. Loaded Objects now: 3523.
Total: 6.425600 ms (FindLiveObjects: 0.572000 ms CreateObjectMapping: 0.309600 ms MarkObjects: 5.510300 ms  DeleteObjects: 0.031800 ms)

AssetImportWorkerClient::OnTransportError - code=2 error=End of file
