Using pre-set license
Built from '2020.3/release' branch; Version is '2020.3.2f1 (8fd9074bf66c) revision 9427207'; Using compiler version '192528614'; Build Type 'Release'
OS: 'Windows 10 Home; OS build 19041.985; Version 2004; 64bit' Language: 'en' Physical Memory: 8034 MB
BatchMode: 1, IsHumanControllingUs: 0, StartBugReporterOnCrash: 0, Is64bit: 1, IsPro: 0

 COMMAND LINE ARGUMENTS:
D:\Unity\2020.3.2f1\Editor\Unity.exe
-adb2
-batchMode
-noUpm
-name
AssetImportWorker2
-projectPath
C:/Users/nono9/Documents/GitHub/Yuggoth
-logFile
Logs/AssetImportWorker2.log
-srvPort
59506
Successfully changed project path to: C:/Users/nono9/Documents/GitHub/Yuggoth
C:/Users/nono9/Documents/GitHub/Yuggoth
Using Asset Import Pipeline V2.
Refreshing native plugins compatible for Editor in 81.28 ms, found 0 plugins.
Preloading 0 native plugins for Editor in 0.00 ms.
Initialize engine version: 2020.3.2f1 (8fd9074bf66c)
[Subsystems] Discovering subsystems at path D:/Unity/2020.3.2f1/Editor/Data/Resources/UnitySubsystems
[Subsystems] Discovering subsystems at path C:/Users/nono9/Documents/GitHub/Yuggoth/Assets
GfxDevice: creating device client; threaded=0
Direct3D:
    Version:  Direct3D 11.0 [level 11.1]
    Renderer: NVIDIA GeForce GTX 1050 (ID=0x1c8d)
    Vendor:   
    VRAM:     4019 MB
    Driver:   27.21.14.6140
Shader 'Universal Render Pipeline/Particles/Lit': fallback shader 'Universal Render Pipeline/Particles/SimpleLit' not found
Initialize mono
Mono path[0] = 'D:/Unity/2020.3.2f1/Editor/Data/Managed'
Mono path[1] = 'D:/Unity/2020.3.2f1/Editor/Data/MonoBleedingEdge/lib/mono/unityjit'
Mono config path = 'D:/Unity/2020.3.2f1/Editor/Data/MonoBleedingEdge/etc'
Using monoOptions --debugger-agent=transport=dt_socket,embedding=1,server=y,suspend=n,address=127.0.0.1:56748
Begin MonoManager ReloadAssembly
Registering precompiled unity dll's ...
Register platform support module: D:/Unity/2020.3.2f1/Editor/Data/PlaybackEngines/WindowsStandaloneSupport/UnityEditor.WindowsStandalone.Extensions.dll
Registered in 0.001657 seconds.
Native extension for WindowsStandalone target not found
Refreshing native plugins compatible for Editor in 87.84 ms, found 0 plugins.
Preloading 0 native plugins for Editor in 0.00 ms.
Invoked RoslynAnalysisRunner static constructor.
RoslynAnalysisRunner will not be running.
RoslynAnalysisRunner has terminated.
Mono: successfully reloaded assembly
- Completed reload, in  1.939 seconds
Platform modules already initialized, skipping
Registering precompiled user dll's ...
Registered in 0.002487 seconds.
Begin MonoManager ReloadAssembly
Native extension for WindowsStandalone target not found
Refreshing native plugins compatible for Editor in 72.31 ms, found 0 plugins.
Preloading 0 native plugins for Editor in 0.00 ms.
Invoked RoslynAnalysisRunner static constructor.
RoslynAnalysisRunner will not be running.
RoslynAnalysisRunner has terminated.
Mono: successfully reloaded assembly
- Completed reload, in  1.484 seconds
Platform modules already initialized, skipping
========================================================================
Worker process is ready to serve import requests
Shader 'Universal Render Pipeline/Particles/Lit': fallback shader 'Universal Render Pipeline/Particles/SimpleLit' not found
Launched and connected shader compiler UnityShaderCompiler.exe after 0.26 seconds
Refreshing native plugins compatible for Editor in 1.43 ms, found 0 plugins.
Preloading 0 native plugins for Editor in 0.00 ms.
Unloading 3078 Unused Serialized files (Serialized files now loaded: 0)
System memory in use before: 166.2 MB.
System memory in use after: 166.4 MB.

Unloading 96 unused Assets to reduce memory usage. Loaded Objects now: 3533.
Total: 5.110600 ms (FindLiveObjects: 0.725400 ms CreateObjectMapping: 0.201800 ms MarkObjects: 3.741100 ms  DeleteObjects: 0.365400 ms)

========================================================================
Received Import Request.
  path: Assets/Prefabs/Interactive Objects
  artifactKey: Guid(ada2d5fe494d6734bad70a1fcec8616f) Importer(815301076,1909f56bfc062723c751e8b465ee728b)
Start importing Assets/Prefabs/Interactive Objects using Guid(ada2d5fe494d6734bad70a1fcec8616f) Importer(815301076,1909f56bfc062723c751e8b465ee728b)  -> (artifact id: '798025e054c28e7a734d0100b74c07a9') in 0.029818 seconds
  Import took 0.037505 seconds .

========================================================================
Received Import Request.
  Time since last request: 0.001170 seconds.
  path: Assets/Prefabs/Interactive Objects/Hexagonal Movable Platforms
  artifactKey: Guid(1b9c3b4c410e1db47a7b6a068ff6f033) Importer(815301076,1909f56bfc062723c751e8b465ee728b)
Start importing Assets/Prefabs/Interactive Objects/Hexagonal Movable Platforms using Guid(1b9c3b4c410e1db47a7b6a068ff6f033) Importer(815301076,1909f56bfc062723c751e8b465ee728b)  -> (artifact id: '9377a0d362c9c62b8403d4a8be252f5a') in 0.004833 seconds
  Import took 0.011742 seconds .

========================================================================
Received Import Request.
  Time since last request: 0.000608 seconds.
  path: Assets/Prefabs/Environment
  artifactKey: Guid(263dce04cba911941b726c517c466d6b) Importer(815301076,1909f56bfc062723c751e8b465ee728b)
Start importing Assets/Prefabs/Environment using Guid(263dce04cba911941b726c517c466d6b) Importer(815301076,1909f56bfc062723c751e8b465ee728b)  -> (artifact id: '8b9c196d2db0a958d8f5d4e010c71175') in 0.005682 seconds
  Import took 0.011776 seconds .

========================================================================
Received Import Request.
  Time since last request: 1.574891 seconds.
  path: Assets/Scenes/Prototype/Blockout_V7.unity
  artifactKey: Guid(105969b5d6ff2f542ac3a7b65181a0f4) Importer(815301076,1909f56bfc062723c751e8b465ee728b)
Start importing Assets/Scenes/Prototype/Blockout_V7.unity using Guid(105969b5d6ff2f542ac3a7b65181a0f4) Importer(815301076,1909f56bfc062723c751e8b465ee728b)  -> (artifact id: '17d581b744b9769bcf04949ede679ea7') in 0.007702 seconds
  Import took 0.014823 seconds .

========================================================================
Received Import Request.
  Time since last request: 0.010958 seconds.
  path: Assets/Scenes/Prototype/Blockout_V7.unity
  artifactKey: Guid(105969b5d6ff2f542ac3a7b65181a0f4) Importer(815301076,1909f56bfc062723c751e8b465ee728b)
Start importing Assets/Scenes/Prototype/Blockout_V7.unity using Guid(105969b5d6ff2f542ac3a7b65181a0f4) Importer(815301076,1909f56bfc062723c751e8b465ee728b)  -> (artifact id: '17d581b744b9769bcf04949ede679ea7') in 0.005483 seconds
  Import took 0.012740 seconds .

========================================================================
Received Import Request.
  Time since last request: 43.595240 seconds.
  path: Assets/Scenes/Puzzles/Intro_Laser_V03
  artifactKey: Guid(727470a2c1b8e7a47b796318b80e14c7) Importer(815301076,1909f56bfc062723c751e8b465ee728b)
Start importing Assets/Scenes/Puzzles/Intro_Laser_V03 using Guid(727470a2c1b8e7a47b796318b80e14c7) Importer(815301076,1909f56bfc062723c751e8b465ee728b)  -> (artifact id: 'b9559c6fee16ed80680e96801f97f0d2') in 0.005969 seconds
  Import took 0.012811 seconds .

========================================================================
Received Import Request.
  Time since last request: 3.189258 seconds.
  path: Assets/Scenes/Puzzles/Intro_Laser_V03.unity
  artifactKey: Guid(dab5148099766ad4ba22c205112b5a97) Importer(815301076,1909f56bfc062723c751e8b465ee728b)
Start importing Assets/Scenes/Puzzles/Intro_Laser_V03.unity using Guid(dab5148099766ad4ba22c205112b5a97) Importer(815301076,1909f56bfc062723c751e8b465ee728b)  -> (artifact id: '51b47f7a6ec2b1fb04b2ce78a1bda16e') in 0.006474 seconds
  Import took 0.013516 seconds .

========================================================================
Received Import Request.
  Time since last request: 100.202009 seconds.
  path: Assets/Prefabs/Interactive Objects/Hexagonal Movable Platforms/P_Hexa_Platform_V1.prefab
  artifactKey: Guid(2d5697cc7597e0043a8522a10c74974e) Importer(815301076,1909f56bfc062723c751e8b465ee728b)
Start importing Assets/Prefabs/Interactive Objects/Hexagonal Movable Platforms/P_Hexa_Platform_V1.prefab using Guid(2d5697cc7597e0043a8522a10c74974e) Importer(815301076,1909f56bfc062723c751e8b465ee728b)  -> (artifact id: '1cd8d9df1d116dfabaebe850609e6b6c') in 0.954526 seconds
  Import took 0.962525 seconds .

========================================================================
Received Import Request.
  Time since last request: 6.054602 seconds.
  path: Assets/Prefabs/Interactive Objects/Hexagonal Movable Platforms/P_Hexa_Platform_V2.prefab
  artifactKey: Guid(5738d86cdbeac53438e366676f283c30) Importer(815301076,1909f56bfc062723c751e8b465ee728b)
Start importing Assets/Prefabs/Interactive Objects/Hexagonal Movable Platforms/P_Hexa_Platform_V2.prefab using Guid(5738d86cdbeac53438e366676f283c30) Importer(815301076,1909f56bfc062723c751e8b465ee728b)  -> (artifact id: '580e8c1474a513ee4dfec7983df2ff65') in 0.018952 seconds
  Import took 0.026981 seconds .

========================================================================
Received Import Request.
  Time since last request: 0.006354 seconds.
  path: Assets/Prefabs/Interactive Objects/Hexagonal Movable Platforms/P_Hexa_Platform_V2.prefab
  artifactKey: Guid(5738d86cdbeac53438e366676f283c30) Importer(815301076,1909f56bfc062723c751e8b465ee728b)
Start importing Assets/Prefabs/Interactive Objects/Hexagonal Movable Platforms/P_Hexa_Platform_V2.prefab using Guid(5738d86cdbeac53438e366676f283c30) Importer(815301076,1909f56bfc062723c751e8b465ee728b)  -> (artifact id: '580e8c1474a513ee4dfec7983df2ff65') in 0.016165 seconds
  Import took 0.021301 seconds .

========================================================================
Received Import Request.
  Time since last request: 1289.213436 seconds.
  path: Assets/Emissive_Platform_Ressources
  artifactKey: Guid(1eb0abdc4a1d5574d906524ae91eb451) Importer(815301076,1909f56bfc062723c751e8b465ee728b)
Start importing Assets/Emissive_Platform_Ressources using Guid(1eb0abdc4a1d5574d906524ae91eb451) Importer(815301076,1909f56bfc062723c751e8b465ee728b)  -> (artifact id: 'd72a900bd4aed10b39abfc8b113eeb02') in 0.007652 seconds
  Import took 0.015504 seconds .

========================================================================
Received Import Request.
  Time since last request: 29.205246 seconds.
  path: Assets/Emissive_Platform_Ressources/Plane_10.FBX
  artifactKey: Guid(9062fdd8e76cfd84d90328b1c5d3d23b) Importer(815301076,1909f56bfc062723c751e8b465ee728b)
Start importing Assets/Emissive_Platform_Ressources/Plane_10.FBX using Guid(9062fdd8e76cfd84d90328b1c5d3d23b) Importer(815301076,1909f56bfc062723c751e8b465ee728b)  -> (artifact id: '2f58469b3c3287adad38ef410b88e398') in 0.224666 seconds
  Import took 0.230052 seconds .

========================================================================
Received Import Request.
  Time since last request: 103.059957 seconds.
  path: Assets/Emissive_Platform_Ressources/Emissive_Platforms_Materials
  artifactKey: Guid(b0c7c3787e7d4d44f87c74e9dab0ff5a) Importer(815301076,1909f56bfc062723c751e8b465ee728b)
Start importing Assets/Emissive_Platform_Ressources/Emissive_Platforms_Materials using Guid(b0c7c3787e7d4d44f87c74e9dab0ff5a) Importer(815301076,1909f56bfc062723c751e8b465ee728b)  -> (artifact id: 'deb0f1e0870f8fb709eb52eba6a6ef05') in 0.007606 seconds
  Import took 0.016852 seconds .

========================================================================
Received Import Request.
  Time since last request: 0.004298 seconds.
  path: Assets/Emissive_Platform_Ressources/Emissive_Platforms_Materials
  artifactKey: Guid(b0c7c3787e7d4d44f87c74e9dab0ff5a) Importer(815301076,1909f56bfc062723c751e8b465ee728b)
Start importing Assets/Emissive_Platform_Ressources/Emissive_Platforms_Materials using Guid(b0c7c3787e7d4d44f87c74e9dab0ff5a) Importer(815301076,1909f56bfc062723c751e8b465ee728b)  -> (artifact id: 'deb0f1e0870f8fb709eb52eba6a6ef05') in 0.005712 seconds
  Import took 0.012379 seconds .

========================================================================
Received Import Request.
  Time since last request: 37.388458 seconds.
  path: Assets/Emissive_Platform_Ressources/Emissive_Platforms_Alpha_Maps
  artifactKey: Guid(09641c06a77ada94796132fff7f8b742) Importer(815301076,1909f56bfc062723c751e8b465ee728b)
Start importing Assets/Emissive_Platform_Ressources/Emissive_Platforms_Alpha_Maps using Guid(09641c06a77ada94796132fff7f8b742) Importer(815301076,1909f56bfc062723c751e8b465ee728b)  -> (artifact id: '8b4243de9364d31c92f85692bec0006a') in 0.007987 seconds
  Import took 0.013836 seconds .

========================================================================
Received Import Request.
  Time since last request: 1.735700 seconds.
  path: Assets/Emissive_Platform_Ressources/Emissive_Platforms_Alpha_Maps/Alpha_Plane_Black.png
  artifactKey: Guid(6dbab4d5cc6d8404c880f82085eb5373) Importer(815301076,1909f56bfc062723c751e8b465ee728b)
Start importing Assets/Emissive_Platform_Ressources/Emissive_Platforms_Alpha_Maps/Alpha_Plane_Black.png using Guid(6dbab4d5cc6d8404c880f82085eb5373) Importer(815301076,1909f56bfc062723c751e8b465ee728b)  -> (artifact id: '1bd21a0663fc014aa3f3a1b11d0e060d') in 0.085763 seconds
  Import took 0.091798 seconds .

========================================================================
Received Import Request.
  Time since last request: 0.001995 seconds.
  path: Assets/Emissive_Platform_Ressources/Emissive_Platforms_Alpha_Maps/Alpha_Plane_Black.png
  artifactKey: Guid(6dbab4d5cc6d8404c880f82085eb5373) Importer(815301076,1909f56bfc062723c751e8b465ee728b)
Start importing Assets/Emissive_Platform_Ressources/Emissive_Platforms_Alpha_Maps/Alpha_Plane_Black.png using Guid(6dbab4d5cc6d8404c880f82085eb5373) Importer(815301076,1909f56bfc062723c751e8b465ee728b)  -> (artifact id: '1bd21a0663fc014aa3f3a1b11d0e060d') in 0.009098 seconds
  Import took 0.014091 seconds .

========================================================================
Received Import Request.
  Time since last request: 0.474639 seconds.
  path: Assets/Emissive_Platform_Ressources/Emissive_Platforms_Alpha_Maps/Alpha_Plane_Black 1.png
  artifactKey: Guid(97318cf5b45780f438c050660e7763de) Importer(815301076,1909f56bfc062723c751e8b465ee728b)
Start importing Assets/Emissive_Platform_Ressources/Emissive_Platforms_Alpha_Maps/Alpha_Plane_Black 1.png using Guid(97318cf5b45780f438c050660e7763de) Importer(815301076,1909f56bfc062723c751e8b465ee728b)  -> (artifact id: '9a0af1dd5392982e10981a9666fc6817') in 0.029183 seconds
  Import took 0.035166 seconds .

========================================================================
Received Import Request.
  Time since last request: 0.004356 seconds.
  path: Assets/Emissive_Platform_Ressources/Emissive_Platforms_Alpha_Maps/Alpha_Plane_Black 1.png
  artifactKey: Guid(97318cf5b45780f438c050660e7763de) Importer(815301076,1909f56bfc062723c751e8b465ee728b)
Start importing Assets/Emissive_Platform_Ressources/Emissive_Platforms_Alpha_Maps/Alpha_Plane_Black 1.png using Guid(97318cf5b45780f438c050660e7763de) Importer(815301076,1909f56bfc062723c751e8b465ee728b)  -> (artifact id: '9a0af1dd5392982e10981a9666fc6817') in 0.009727 seconds
  Import took 0.016586 seconds .

========================================================================
Received Import Request.
  Time since last request: 9.269104 seconds.
  path: Assets/Emissive_Platform_Ressources/Emissive_Platforms_Alpha_Maps/Alpha_Plane_Hexa_Platform_V2.png
  artifactKey: Guid(97318cf5b45780f438c050660e7763de) Importer(815301076,1909f56bfc062723c751e8b465ee728b)
Start importing Assets/Emissive_Platform_Ressources/Emissive_Platforms_Alpha_Maps/Alpha_Plane_Hexa_Platform_V2.png using Guid(97318cf5b45780f438c050660e7763de) Importer(815301076,1909f56bfc062723c751e8b465ee728b)  -> (artifact id: 'd209db764ed53a63e120b1b71fa02cf1') in 0.009843 seconds
  Import took 0.016735 seconds .

========================================================================
Received Import Request.
  Time since last request: 375.719751 seconds.
  path: Assets/Emissive_Platform_Ressources/Emissive_Platforms_Alpha_Maps/Alpha_Plane_Hexa_Platform_V2.png
  artifactKey: Guid(97318cf5b45780f438c050660e7763de) Importer(815301076,1909f56bfc062723c751e8b465ee728b)
Start importing Assets/Emissive_Platform_Ressources/Emissive_Platforms_Alpha_Maps/Alpha_Plane_Hexa_Platform_V2.png using Guid(97318cf5b45780f438c050660e7763de) Importer(815301076,1909f56bfc062723c751e8b465ee728b)  -> (artifact id: '261e87cbcc23ed5f2feca0d775173296') in 0.015255 seconds
  Import took 0.022641 seconds .

========================================================================
Received Import Request.
  Time since last request: 1.763242 seconds.
  path: Assets/Emissive_Platform_Ressources/Emissive_Platforms_Alpha_Maps/Alpha_Plane_Hexa_Platform_V2 1.png
  artifactKey: Guid(35da8f815baae214e9342982ef29e58a) Importer(815301076,1909f56bfc062723c751e8b465ee728b)
Start importing Assets/Emissive_Platform_Ressources/Emissive_Platforms_Alpha_Maps/Alpha_Plane_Hexa_Platform_V2 1.png using Guid(35da8f815baae214e9342982ef29e58a) Importer(815301076,1909f56bfc062723c751e8b465ee728b)  -> (artifact id: '2fcd3ce45666f4af57ccdee47a99b1fb') in 0.027925 seconds
  Import took 0.034145 seconds .

========================================================================
Received Import Request.
  Time since last request: 4.138405 seconds.
  path: Assets/Emissive_Platform_Ressources/Emissive_Platforms_Alpha_Maps/Alpha_Plane_Hexa_Platform_V1.png
  artifactKey: Guid(35da8f815baae214e9342982ef29e58a) Importer(815301076,1909f56bfc062723c751e8b465ee728b)
Start importing Assets/Emissive_Platform_Ressources/Emissive_Platforms_Alpha_Maps/Alpha_Plane_Hexa_Platform_V1.png using Guid(35da8f815baae214e9342982ef29e58a) Importer(815301076,1909f56bfc062723c751e8b465ee728b)  -> (artifact id: '1bf755d24748bc4cd42f9dcd35a05ac4') in 0.012471 seconds
  Import took 0.019103 seconds .

========================================================================
Received Import Request.
  Time since last request: 7.149551 seconds.
  path: Assets/Emissive_Platform_Ressources/Emissive_Platforms_Alpha_Maps/Alpha_Plane_Black 1.png
  artifactKey: Guid(732ed8a94c985d1488c42d22a4980060) Importer(815301076,1909f56bfc062723c751e8b465ee728b)
Start importing Assets/Emissive_Platform_Ressources/Emissive_Platforms_Alpha_Maps/Alpha_Plane_Black 1.png using Guid(732ed8a94c985d1488c42d22a4980060) Importer(815301076,1909f56bfc062723c751e8b465ee728b)  -> (artifact id: '81431fca49aeea323bc48b1397fa390b') in 0.009503 seconds
  Import took 0.016383 seconds .

========================================================================
Received Import Request.
  Time since last request: 6.443892 seconds.
  path: Assets/Emissive_Platform_Ressources/Emissive_Platforms_Alpha_Maps/Alpha_Plane_Hexa_Platform_V1.png
  artifactKey: Guid(732ed8a94c985d1488c42d22a4980060) Importer(815301076,1909f56bfc062723c751e8b465ee728b)
Start importing Assets/Emissive_Platform_Ressources/Emissive_Platforms_Alpha_Maps/Alpha_Plane_Hexa_Platform_V1.png using Guid(732ed8a94c985d1488c42d22a4980060) Importer(815301076,1909f56bfc062723c751e8b465ee728b)  -> (artifact id: 'a9b15e2ade3bd0dd6c87b8555cdc6715') in 0.025933 seconds
  Import took 0.033526 seconds .

========================================================================
Received Import Request.
  Time since last request: 1.667755 seconds.
  path: Assets/Emissive_Platform_Ressources/Emissive_Platforms_Alpha_Maps/Alpha_Plane_Hexa_Platform_V1 1.png
  artifactKey: Guid(3e6a5512c0e6e254ea338706da06d32e) Importer(815301076,1909f56bfc062723c751e8b465ee728b)
Start importing Assets/Emissive_Platform_Ressources/Emissive_Platforms_Alpha_Maps/Alpha_Plane_Hexa_Platform_V1 1.png using Guid(3e6a5512c0e6e254ea338706da06d32e) Importer(815301076,1909f56bfc062723c751e8b465ee728b)  -> (artifact id: '05de33c2c77c78f0aa661e99c4ab123b') in 0.013062 seconds
  Import took 0.020040 seconds .

========================================================================
Received Import Request.
  Time since last request: 6.692421 seconds.
  path: Assets/Emissive_Platform_Ressources/Emissive_Platforms_Alpha_Maps/Alpha_Plane_Hexa_Platform_V3.png
  artifactKey: Guid(3e6a5512c0e6e254ea338706da06d32e) Importer(815301076,1909f56bfc062723c751e8b465ee728b)
Start importing Assets/Emissive_Platform_Ressources/Emissive_Platforms_Alpha_Maps/Alpha_Plane_Hexa_Platform_V3.png using Guid(3e6a5512c0e6e254ea338706da06d32e) Importer(815301076,1909f56bfc062723c751e8b465ee728b)  -> (artifact id: 'e58e53612ba96c2d612b75b5a1fb5469') in 0.011958 seconds
  Import took 0.019661 seconds .

========================================================================
Received Import Request.
  Time since last request: 5.179197 seconds.
  path: Assets/Emissive_Platform_Ressources/Emissive_Platforms_Alpha_Maps/Alpha_Plane_Hexa_Platform_V1 1.png
  artifactKey: Guid(d1645be32eb83144aa5567609f90a113) Importer(815301076,1909f56bfc062723c751e8b465ee728b)
Start importing Assets/Emissive_Platform_Ressources/Emissive_Platforms_Alpha_Maps/Alpha_Plane_Hexa_Platform_V1 1.png using Guid(d1645be32eb83144aa5567609f90a113) Importer(815301076,1909f56bfc062723c751e8b465ee728b)  -> (artifact id: 'e66f705c0c7eb7ef90afaecd6c3b94f3') in 0.033812 seconds
  Import took 0.039923 seconds .

========================================================================
Received Import Request.
  Time since last request: 0.004123 seconds.
  path: Assets/Emissive_Platform_Ressources/Emissive_Platforms_Alpha_Maps/Alpha_Plane_Hexa_Platform_V1 1.png
  artifactKey: Guid(d1645be32eb83144aa5567609f90a113) Importer(815301076,1909f56bfc062723c751e8b465ee728b)
Start importing Assets/Emissive_Platform_Ressources/Emissive_Platforms_Alpha_Maps/Alpha_Plane_Hexa_Platform_V1 1.png using Guid(d1645be32eb83144aa5567609f90a113) Importer(815301076,1909f56bfc062723c751e8b465ee728b)  -> (artifact id: 'e66f705c0c7eb7ef90afaecd6c3b94f3') in 0.011394 seconds
  Import took 0.017466 seconds .

========================================================================
Received Import Request.
  Time since last request: 3.484968 seconds.
  path: Assets/Emissive_Platform_Ressources/Emissive_Platforms_Alpha_Maps/Alpha_Plane_Hexa_Platform_V4.png
  artifactKey: Guid(d1645be32eb83144aa5567609f90a113) Importer(815301076,1909f56bfc062723c751e8b465ee728b)
Start importing Assets/Emissive_Platform_Ressources/Emissive_Platforms_Alpha_Maps/Alpha_Plane_Hexa_Platform_V4.png using Guid(d1645be32eb83144aa5567609f90a113) Importer(815301076,1909f56bfc062723c751e8b465ee728b)  -> (artifact id: '2af9756b05fc1991aece91177269a979') in 0.022044 seconds
  Import took 0.028510 seconds .

========================================================================
Received Import Request.
  Time since last request: 70.075939 seconds.
  path: Assets/Prefabs/Interactive Objects/Hexagonal Movable Platforms/P_Hexa_Platform_V2.prefab
  artifactKey: Guid(5738d86cdbeac53438e366676f283c30) Importer(815301076,1909f56bfc062723c751e8b465ee728b)
Start importing Assets/Prefabs/Interactive Objects/Hexagonal Movable Platforms/P_Hexa_Platform_V2.prefab using Guid(5738d86cdbeac53438e366676f283c30) Importer(815301076,1909f56bfc062723c751e8b465ee728b)  -> (artifact id: '5bd7e0f8ac3ae38bd1236ffb1d559afe') in 0.029988 seconds
  Import took 0.036238 seconds .

========================================================================
Received Import Request.
  Time since last request: 32.450465 seconds.
  path: Assets/Prefabs/Interactive Objects/Hexagonal Movable Platforms/P_Hexa_Platform_V1.prefab
  artifactKey: Guid(2d5697cc7597e0043a8522a10c74974e) Importer(815301076,1909f56bfc062723c751e8b465ee728b)
Start importing Assets/Prefabs/Interactive Objects/Hexagonal Movable Platforms/P_Hexa_Platform_V1.prefab using Guid(2d5697cc7597e0043a8522a10c74974e) Importer(815301076,1909f56bfc062723c751e8b465ee728b)  -> (artifact id: '2e48f2df7fe5cf4b8eca3979c94010db') in 0.124344 seconds
  Import took 0.129667 seconds .

========================================================================
Received Import Request.
  Time since last request: 44.115645 seconds.
  path: Assets/Emissive_Platform_Ressources/Emissive_Platforms_Alpha_Maps/Alpha_Plane_Hexa_Platform.png
  artifactKey: Guid(97318cf5b45780f438c050660e7763de) Importer(815301076,1909f56bfc062723c751e8b465ee728b)
Start importing Assets/Emissive_Platform_Ressources/Emissive_Platforms_Alpha_Maps/Alpha_Plane_Hexa_Platform.png using Guid(97318cf5b45780f438c050660e7763de) Importer(815301076,1909f56bfc062723c751e8b465ee728b)  -> (artifact id: 'ed0716d3f8e05e5dfe349114db4291f4') in 0.112696 seconds
  Import took 0.119894 seconds .

========================================================================
Received Import Request.
  Time since last request: 22.154841 seconds.
  path: Assets/Placeholder_Sources
  artifactKey: Guid(aefe64dbe964ec745ac504613b6f406e) Importer(815301076,1909f56bfc062723c751e8b465ee728b)
Start importing Assets/Placeholder_Sources using Guid(aefe64dbe964ec745ac504613b6f406e) Importer(815301076,1909f56bfc062723c751e8b465ee728b)  -> (artifact id: '9677c0705e8c768170bda85ba573e140') in 0.006255 seconds
  Import took 0.013478 seconds .

========================================================================
Received Import Request.
  Time since last request: 61.243550 seconds.
  path: Assets/Prefabs/Interactive Objects/Hexagonal Movable Platforms/P_Hexa_Platform_V3.prefab
  artifactKey: Guid(1b082ed968af49a45866f9849957d8c0) Importer(815301076,1909f56bfc062723c751e8b465ee728b)
Start importing Assets/Prefabs/Interactive Objects/Hexagonal Movable Platforms/P_Hexa_Platform_V3.prefab using Guid(1b082ed968af49a45866f9849957d8c0) Importer(815301076,1909f56bfc062723c751e8b465ee728b)  -> (artifact id: '6582722d635a2107f1de0e8ae897fcdc') in 0.016559 seconds
  Import took 0.022208 seconds .

========================================================================
Received Import Request.
  Time since last request: 49.409802 seconds.
  path: Assets/Prefabs/Interactive Objects/Hexagonal Movable Platforms/P_Hexa_Platform_V3.prefab
  artifactKey: Guid(1b082ed968af49a45866f9849957d8c0) Importer(815301076,1909f56bfc062723c751e8b465ee728b)
Start importing Assets/Prefabs/Interactive Objects/Hexagonal Movable Platforms/P_Hexa_Platform_V3.prefab using Guid(1b082ed968af49a45866f9849957d8c0) Importer(815301076,1909f56bfc062723c751e8b465ee728b)  -> (artifact id: '103b476fa1d6ec2d56a8509119206be5') in 0.014651 seconds
  Import took 0.021417 seconds .

========================================================================
Received Import Request.
  Time since last request: 39.035286 seconds.
  path: Assets/Prefabs/Interactive Objects/Hexagonal Movable Platforms/P_Hexa_Platform_V4.prefab
  artifactKey: Guid(d3fbfdcaded96e64ba37067dcc308621) Importer(815301076,1909f56bfc062723c751e8b465ee728b)
Start importing Assets/Prefabs/Interactive Objects/Hexagonal Movable Platforms/P_Hexa_Platform_V4.prefab using Guid(d3fbfdcaded96e64ba37067dcc308621) Importer(815301076,1909f56bfc062723c751e8b465ee728b)  -> (artifact id: 'a54d05f2f82f58415c9225dbd8408a49') in 0.025732 seconds
  Import took 0.033582 seconds .

========================================================================
Received Import Request.
  Time since last request: 0.002207 seconds.
  path: Assets/Prefabs/Interactive Objects/Hexagonal Movable Platforms/P_Hexa_Platform_V4.prefab
  artifactKey: Guid(d3fbfdcaded96e64ba37067dcc308621) Importer(815301076,1909f56bfc062723c751e8b465ee728b)
Start importing Assets/Prefabs/Interactive Objects/Hexagonal Movable Platforms/P_Hexa_Platform_V4.prefab using Guid(d3fbfdcaded96e64ba37067dcc308621) Importer(815301076,1909f56bfc062723c751e8b465ee728b)  -> (artifact id: 'a54d05f2f82f58415c9225dbd8408a49') in 0.016147 seconds
  Import took 0.022077 seconds .

========================================================================
Received Import Request.
  Time since last request: 67.824535 seconds.
  path: Assets/Prefabs/Interactive Objects/Hexagonal Movable Platforms/P_Hexa_Platform_V1.prefab
  artifactKey: Guid(2d5697cc7597e0043a8522a10c74974e) Importer(815301076,1909f56bfc062723c751e8b465ee728b)
Start importing Assets/Prefabs/Interactive Objects/Hexagonal Movable Platforms/P_Hexa_Platform_V1.prefab using Guid(2d5697cc7597e0043a8522a10c74974e) Importer(815301076,1909f56bfc062723c751e8b465ee728b)  -> (artifact id: 'cc037d494a6e608148a26f22d522e083') in 0.123947 seconds
  Import took 0.132270 seconds .

========================================================================
Received Import Request.
  Time since last request: 2.562489 seconds.
  path: Assets/Prefabs/Interactive Objects/Hexagonal Movable Platforms/P_Hexa_Platform_V3.prefab
  artifactKey: Guid(1b082ed968af49a45866f9849957d8c0) Importer(815301076,1909f56bfc062723c751e8b465ee728b)
Start importing Assets/Prefabs/Interactive Objects/Hexagonal Movable Platforms/P_Hexa_Platform_V3.prefab using Guid(1b082ed968af49a45866f9849957d8c0) Importer(815301076,1909f56bfc062723c751e8b465ee728b)  -> (artifact id: '3687b241fdfe1c9e53ad80fe59b09600') in 0.018522 seconds
  Import took 0.025146 seconds .

========================================================================
Received Import Request.
  Time since last request: 0.975181 seconds.
  path: Assets/Prefabs/Interactive Objects/Hexagonal Movable Platforms/P_Hexa_Platform_V4.prefab
  artifactKey: Guid(d3fbfdcaded96e64ba37067dcc308621) Importer(815301076,1909f56bfc062723c751e8b465ee728b)
Start importing Assets/Prefabs/Interactive Objects/Hexagonal Movable Platforms/P_Hexa_Platform_V4.prefab using Guid(d3fbfdcaded96e64ba37067dcc308621) Importer(815301076,1909f56bfc062723c751e8b465ee728b)  -> (artifact id: '7ef793c784922fc0feee46523e45c8dc') in 0.017049 seconds
  Import took 0.023709 seconds .

========================================================================
Received Import Request.
  Time since last request: 1.550990 seconds.
  path: Assets/Prefabs/Interactive Objects/Hexagonal Movable Platforms/P_Plane_Emissive_Hexagone.FBX
  artifactKey: Guid(f78cf674e08ac94478beae230759b86e) Importer(815301076,1909f56bfc062723c751e8b465ee728b)
Start importing Assets/Prefabs/Interactive Objects/Hexagonal Movable Platforms/P_Plane_Emissive_Hexagone.FBX using Guid(f78cf674e08ac94478beae230759b86e) Importer(815301076,1909f56bfc062723c751e8b465ee728b)  -> (artifact id: 'bbc1333e6b18b085f15614ad88ce93c5') in 0.017755 seconds
  Import took 0.024321 seconds .

========================================================================
Received Prepare
Registering precompiled user dll's ...
Registered in 0.002726 seconds.
Begin MonoManager ReloadAssembly
Native extension for WindowsStandalone target not found
Refreshing native plugins compatible for Editor in 0.63 ms, found 0 plugins.
Preloading 0 native plugins for Editor in 0.00 ms.
Warning: Annotation not found!
UnityEngine.StackTraceUtility:ExtractStackTrace ()
UnityEditor.ProBuilder.EditorUtility:SetGizmoIconEnabled (System.Type,bool) (at Library/PackageCache/com.unity.probuilder@4.5.0/Editor/EditorCore/EditorUtility.cs:593)
UnityEditor.ProBuilder.HierarchyListener:.cctor () (at Library/PackageCache/com.unity.probuilder@4.5.0/Editor/EditorCore/HierarchyListener.cs:21)
System.Runtime.CompilerServices.RuntimeHelpers:RunClassConstructor (System.RuntimeTypeHandle)
UnityEditor.EditorAssemblies:ProcessInitializeOnLoadAttributes (System.Type[])

[Library/PackageCache/com.unity.probuilder@4.5.0/Editor/EditorCore/EditorUtility.cs line 593]

Invoked RoslynAnalysisRunner static constructor.
RoslynAnalysisRunner will not be running.
RoslynAnalysisRunner has terminated.
Mono: successfully reloaded assembly
- Completed reload, in  1.489 seconds
Platform modules already initialized, skipping
Shader 'Universal Render Pipeline/Particles/Lit': fallback shader 'Universal Render Pipeline/Particles/SimpleLit' not found
Refreshing native plugins compatible for Editor in 0.92 ms, found 0 plugins.
Preloading 0 native plugins for Editor in 0.00 ms.
Unloading 2882 Unused Serialized files (Serialized files now loaded: 0)
System memory in use before: 156.1 MB.
System memory in use after: 156.3 MB.

Unloading 8 unused Assets to reduce memory usage. Loaded Objects now: 3585.
Total: 4.000300 ms (FindLiveObjects: 0.477200 ms CreateObjectMapping: 0.195300 ms MarkObjects: 3.303600 ms  DeleteObjects: 0.022200 ms)

