Using pre-set license
Built from '2020.3/release' branch; Version is '2020.3.2f1 (8fd9074bf66c) revision 9427207'; Using compiler version '192528614'; Build Type 'Release'
OS: 'Windows 10 Pro; OS build 19042.867; Version 2009; 64bit' Language: 'en' Physical Memory: 32697 MB
BatchMode: 1, IsHumanControllingUs: 0, StartBugReporterOnCrash: 0, Is64bit: 1, IsPro: 0

 COMMAND LINE ARGUMENTS:
C:\Program Files\Unity\Hub\Editor\2020.3.2f1\Editor\Unity.exe
-adb2
-batchMode
-noUpm
-name
AssetImportWorker0
-projectPath
C:/Users/Max-Martin Sherie/Documents/GitHub/Yuggoth/Yuggoth
-logFile
Logs/AssetImportWorker0.log
-srvPort
50762
Successfully changed project path to: C:/Users/Max-Martin Sherie/Documents/GitHub/Yuggoth/Yuggoth
C:/Users/Max-Martin Sherie/Documents/GitHub/Yuggoth/Yuggoth
Using Asset Import Pipeline V2.
Refreshing native plugins compatible for Editor in 34.32 ms, found 0 plugins.
Preloading 0 native plugins for Editor in 0.00 ms.
Initialize engine version: 2020.3.2f1 (8fd9074bf66c)
[Subsystems] Discovering subsystems at path C:/Program Files/Unity/Hub/Editor/2020.3.2f1/Editor/Data/Resources/UnitySubsystems
[Subsystems] Discovering subsystems at path C:/Users/Max-Martin Sherie/Documents/GitHub/Yuggoth/Yuggoth/Assets
GfxDevice: creating device client; threaded=0
Direct3D:
    Version:  Direct3D 11.0 [level 11.1]
    Renderer: NVIDIA GeForce RTX 3090 (ID=0x2204)
    Vendor:   
    VRAM:     24348 MB
    Driver:   27.21.14.6109
Shader 'Universal Render Pipeline/Particles/Lit': fallback shader 'Universal Render Pipeline/Particles/SimpleLit' not found
Initialize mono
Mono path[0] = 'C:/Program Files/Unity/Hub/Editor/2020.3.2f1/Editor/Data/Managed'
Mono path[1] = 'C:/Program Files/Unity/Hub/Editor/2020.3.2f1/Editor/Data/MonoBleedingEdge/lib/mono/unityjit'
Mono config path = 'C:/Program Files/Unity/Hub/Editor/2020.3.2f1/Editor/Data/MonoBleedingEdge/etc'
Using monoOptions --debugger-agent=transport=dt_socket,embedding=1,server=y,suspend=n,address=127.0.0.1:56592
Begin MonoManager ReloadAssembly
Registering precompiled unity dll's ...
Register platform support module: C:/Program Files/Unity/Hub/Editor/2020.3.2f1/Editor/Data/PlaybackEngines/WindowsStandaloneSupport/UnityEditor.WindowsStandalone.Extensions.dll
Registered in 0.001984 seconds.
Native extension for WindowsStandalone target not found
Refreshing native plugins compatible for Editor in 36.11 ms, found 0 plugins.
Preloading 0 native plugins for Editor in 0.00 ms.
Invoked RoslynAnalysisRunner static constructor.
RoslynAnalysisRunner will not be running.
RoslynAnalysisRunner has terminated.
Mono: successfully reloaded assembly
- Completed reload, in  0.951 seconds
Platform modules already initialized, skipping
Registering precompiled user dll's ...
Registered in 0.001353 seconds.
Begin MonoManager ReloadAssembly
Native extension for WindowsStandalone target not found
Refreshing native plugins compatible for Editor in 36.14 ms, found 0 plugins.
Preloading 0 native plugins for Editor in 0.00 ms.
Invoked RoslynAnalysisRunner static constructor.
RoslynAnalysisRunner will not be running.
RoslynAnalysisRunner has terminated.
Mono: successfully reloaded assembly
- Completed reload, in  0.808 seconds
Platform modules already initialized, skipping
========================================================================
Worker process is ready to serve import requests
Shader 'Universal Render Pipeline/Particles/Lit': fallback shader 'Universal Render Pipeline/Particles/SimpleLit' not found
Launched and connected shader compiler UnityShaderCompiler.exe after 0.05 seconds
Refreshing native plugins compatible for Editor in 0.45 ms, found 0 plugins.
Preloading 0 native plugins for Editor in 0.00 ms.
Unloading 2418 Unused Serialized files (Serialized files now loaded: 0)
System memory in use before: 115.7 MB.
System memory in use after: 115.8 MB.

Unloading 11 unused Assets to reduce memory usage. Loaded Objects now: 2868.
Total: 2.831100 ms (FindLiveObjects: 0.395600 ms CreateObjectMapping: 0.135900 ms MarkObjects: 2.210500 ms  DeleteObjects: 0.087800 ms)

========================================================================
Received Import Request.
  path: Assets/Graphics/Materials/Land_Texture.mat
  artifactKey: Guid(012055399b83e1b419bc69d816be295b) Importer(815301076,1909f56bfc062723c751e8b465ee728b)
Start importing Assets/Graphics/Materials/Land_Texture.mat using Guid(012055399b83e1b419bc69d816be295b) Importer(815301076,1909f56bfc062723c751e8b465ee728b)  -> (artifact id: 'cfcd29f3b7e03c94b99098057a3eab27') in 0.324132 seconds
  Import took 0.329334 seconds .

========================================================================
Received Import Request.
  Time since last request: 31.640491 seconds.
  path: Assets/Code/Pipeline Settings/UniversalRenderPipelineAsset.asset
  artifactKey: Guid(cd87af0d7a075e94dbdb68116c0d5708) Importer(815301076,1909f56bfc062723c751e8b465ee728b)
Start importing Assets/Code/Pipeline Settings/UniversalRenderPipelineAsset.asset using Guid(cd87af0d7a075e94dbdb68116c0d5708) Importer(815301076,1909f56bfc062723c751e8b465ee728b)  -> (artifact id: '5d5fbabf499295f4b16af83c22905b46') in 0.025745 seconds
  Import took 0.029125 seconds .

========================================================================
Received Import Request.
  Time since last request: 0.000320 seconds.
  path: Assets/Code/Pipeline Settings/UniversalRenderPipelineAsset_Renderer.asset
  artifactKey: Guid(2fa249e5f002c1a41b574abd424435d9) Importer(815301076,1909f56bfc062723c751e8b465ee728b)
Start importing Assets/Code/Pipeline Settings/UniversalRenderPipelineAsset_Renderer.asset using Guid(2fa249e5f002c1a41b574abd424435d9) Importer(815301076,1909f56bfc062723c751e8b465ee728b)  -> (artifact id: 'ef9692e8b069f55d2f0b0bf823a2daad') in 0.021983 seconds
  Import took 0.024901 seconds .

========================================================================
Received Import Request.
  Time since last request: 0.000286 seconds.
  path: Assets/Code/Pipeline Settings/UniversalRenderPipelineAsset.asset
  artifactKey: Guid(cd87af0d7a075e94dbdb68116c0d5708) Importer(815301076,1909f56bfc062723c751e8b465ee728b)
Start importing Assets/Code/Pipeline Settings/UniversalRenderPipelineAsset.asset using Guid(cd87af0d7a075e94dbdb68116c0d5708) Importer(815301076,1909f56bfc062723c751e8b465ee728b)  -> (artifact id: '5d5fbabf499295f4b16af83c22905b46') in 0.021077 seconds
  Import took 0.024028 seconds .

========================================================================
Received Import Request.
  Time since last request: 1481.338167 seconds.
  path: Packages/com.unity.render-pipelines.universal/Runtime/Materials/Lit.mat
  artifactKey: Guid(31321ba15b8f8eb4c954353edc038b1d) Importer(815301076,1909f56bfc062723c751e8b465ee728b)
Start importing Packages/com.unity.render-pipelines.universal/Runtime/Materials/Lit.mat using Guid(31321ba15b8f8eb4c954353edc038b1d) Importer(815301076,1909f56bfc062723c751e8b465ee728b)  -> (artifact id: '388791d6282f2296a07fccc319ed1397') in 0.024352 seconds
  Import took 0.028132 seconds .

========================================================================
Received Import Request.
  Time since last request: 0.000278 seconds.
  path: Packages/com.unity.render-pipelines.universal/Runtime/Materials/ParticlesUnlit.mat
  artifactKey: Guid(e823cd5b5d27c0f4b8256e7c12ee3e6d) Importer(815301076,1909f56bfc062723c751e8b465ee728b)
Start importing Packages/com.unity.render-pipelines.universal/Runtime/Materials/ParticlesUnlit.mat using Guid(e823cd5b5d27c0f4b8256e7c12ee3e6d) Importer(815301076,1909f56bfc062723c751e8b465ee728b)  -> (artifact id: 'd639c098b233076a18be4a4421cab58f') in 0.033873 seconds
  Import took 0.036748 seconds .

========================================================================
Received Import Request.
  Time since last request: 0.000256 seconds.
  path: Packages/com.unity.render-pipelines.universal/Runtime/Materials/TerrainLit.mat
  artifactKey: Guid(594ea882c5a793440b60ff72d896021e) Importer(815301076,1909f56bfc062723c751e8b465ee728b)
Start importing Packages/com.unity.render-pipelines.universal/Runtime/Materials/TerrainLit.mat using Guid(594ea882c5a793440b60ff72d896021e) Importer(815301076,1909f56bfc062723c751e8b465ee728b)  -> (artifact id: '20cf777a73642e0df97333940447cc38') in 0.041015 seconds
  Import took 0.044199 seconds .

========================================================================
Received Import Request.
  Time since last request: 0.000274 seconds.
  path: Packages/com.unity.render-pipelines.universal/Runtime/Materials/ParticlesUnlit.mat
  artifactKey: Guid(e823cd5b5d27c0f4b8256e7c12ee3e6d) Importer(815301076,1909f56bfc062723c751e8b465ee728b)
Start importing Packages/com.unity.render-pipelines.universal/Runtime/Materials/ParticlesUnlit.mat using Guid(e823cd5b5d27c0f4b8256e7c12ee3e6d) Importer(815301076,1909f56bfc062723c751e8b465ee728b)  -> (artifact id: 'd639c098b233076a18be4a4421cab58f') in 0.023856 seconds
  Import took 0.026790 seconds .

========================================================================
Received Import Request.
  Time since last request: 0.000281 seconds.
  path: Packages/com.unity.render-pipelines.universal/Runtime/Materials/Sprite-Unlit-Default.mat
  artifactKey: Guid(9dfc825aed78fcd4ba02077103263b40) Importer(815301076,1909f56bfc062723c751e8b465ee728b)
Start importing Packages/com.unity.render-pipelines.universal/Runtime/Materials/Sprite-Unlit-Default.mat using Guid(9dfc825aed78fcd4ba02077103263b40) Importer(815301076,1909f56bfc062723c751e8b465ee728b)  -> (artifact id: '32a6039fae7454991b9d2b22944bcb5c') in 0.054157 seconds
  Import took 0.057050 seconds .

========================================================================
Received Import Request.
  Time since last request: 0.000244 seconds.
  path: Packages/com.unity.render-pipelines.universal/Runtime/Materials/SimpleLit.mat
  artifactKey: Guid(6a1143ee683302f4aa628c052723efc1) Importer(815301076,1909f56bfc062723c751e8b465ee728b)
Start importing Packages/com.unity.render-pipelines.universal/Runtime/Materials/SimpleLit.mat using Guid(6a1143ee683302f4aa628c052723efc1) Importer(815301076,1909f56bfc062723c751e8b465ee728b)  -> (artifact id: 'd0cb083d2f17f3627872746becc56ec3') in 0.343799 seconds
  Import took 0.346711 seconds .

========================================================================
Received Import Request.
  Time since last request: 0.000270 seconds.
  path: Packages/com.unity.render-pipelines.universal/Runtime/Materials/Sprite-Lit-Default.mat
  artifactKey: Guid(a97c105638bdf8b4a8650670310a4cd3) Importer(815301076,1909f56bfc062723c751e8b465ee728b)
Start importing Packages/com.unity.render-pipelines.universal/Runtime/Materials/Sprite-Lit-Default.mat using Guid(a97c105638bdf8b4a8650670310a4cd3) Importer(815301076,1909f56bfc062723c751e8b465ee728b)  -> (artifact id: 'ac395039393c15b1d290bacbcf796973') in 0.032848 seconds
  Import took 0.035820 seconds .

========================================================================
Received Import Request.
  Time since last request: 0.000177 seconds.
  path: Packages/com.unity.render-pipelines.universal/Runtime/Materials/Lit.mat
  artifactKey: Guid(31321ba15b8f8eb4c954353edc038b1d) Importer(815301076,1909f56bfc062723c751e8b465ee728b)
Start importing Packages/com.unity.render-pipelines.universal/Runtime/Materials/Lit.mat using Guid(31321ba15b8f8eb4c954353edc038b1d) Importer(815301076,1909f56bfc062723c751e8b465ee728b)  -> (artifact id: '388791d6282f2296a07fccc319ed1397') in 0.007782 seconds
  Import took 0.010828 seconds .

========================================================================
Received Import Request.
  Time since last request: 0.000157 seconds.
  path: Packages/com.unity.render-pipelines.universal/Runtime/Materials/Sprite-Lit-Default.mat
  artifactKey: Guid(a97c105638bdf8b4a8650670310a4cd3) Importer(815301076,1909f56bfc062723c751e8b465ee728b)
Start importing Packages/com.unity.render-pipelines.universal/Runtime/Materials/Sprite-Lit-Default.mat using Guid(a97c105638bdf8b4a8650670310a4cd3) Importer(815301076,1909f56bfc062723c751e8b465ee728b)  -> (artifact id: 'ac395039393c15b1d290bacbcf796973') in 0.024137 seconds
  Import took 0.027241 seconds .

========================================================================
Received Import Request.
  Time since last request: 34.087315 seconds.
  path: Packages/com.unity.render-pipelines.universal/Shaders/Terrain/TerrainLit.shader
  artifactKey: Guid(69c1f799e772cb6438f56c23efccb782) Importer(815301076,1909f56bfc062723c751e8b465ee728b)
Start importing Packages/com.unity.render-pipelines.universal/Shaders/Terrain/TerrainLit.shader using Guid(69c1f799e772cb6438f56c23efccb782) Importer(815301076,1909f56bfc062723c751e8b465ee728b)  -> (artifact id: 'de9faf9ee6640f7c4bc5ab8198f5e3c2') in 0.022319 seconds
  Import took 0.025566 seconds .

========================================================================
Received Import Request.
  Time since last request: 209.794558 seconds.
  path: Assets/Graphics/Terrains/TerrainData_5b128845-c919-429a-a306-dba4dca90aaf.asset
  artifactKey: Guid(e55076448905aa4489693a403288ff84) Importer(815301076,1909f56bfc062723c751e8b465ee728b)
Start importing Assets/Graphics/Terrains/TerrainData_5b128845-c919-429a-a306-dba4dca90aaf.asset using Guid(e55076448905aa4489693a403288ff84) Importer(815301076,1909f56bfc062723c751e8b465ee728b)  -> (artifact id: 'feb3e752e63acf98ffeace398670fd86') in 0.032189 seconds
  Import took 0.036622 seconds .

========================================================================
Received Import Request.
  Time since last request: 0.000231 seconds.
  path: Assets/Graphics/Terrains/TerrainData_cf44bde7-3c2b-4069-ba27-7b2f01572423.asset
  artifactKey: Guid(ad1c6a3bf59a89e4f85beded5f1567aa) Importer(815301076,1909f56bfc062723c751e8b465ee728b)
Start importing Assets/Graphics/Terrains/TerrainData_cf44bde7-3c2b-4069-ba27-7b2f01572423.asset using Guid(ad1c6a3bf59a89e4f85beded5f1567aa) Importer(815301076,1909f56bfc062723c751e8b465ee728b)  -> (artifact id: 'dde1d9fb48814dacb25a6b3335920e9c') in 0.025319 seconds
  Import took 0.028257 seconds .

========================================================================
Received Import Request.
  Time since last request: 0.000233 seconds.
  path: Assets/Graphics/Terrains/Test Scene Terrain.asset
  artifactKey: Guid(72489b692e31ebc4c9cef35b7143a122) Importer(815301076,1909f56bfc062723c751e8b465ee728b)
Start importing Assets/Graphics/Terrains/Test Scene Terrain.asset using Guid(72489b692e31ebc4c9cef35b7143a122) Importer(815301076,1909f56bfc062723c751e8b465ee728b)  -> (artifact id: '3038912405e308efd3672b42d259304d') in 0.025928 seconds
  Import took 0.029044 seconds .

========================================================================
Received Import Request.
  Time since last request: 0.000262 seconds.
  path: Assets/Graphics/Terrains/TerrainData_17c68838-f954-4c07-90fc-a2ea3b6aec07.asset
  artifactKey: Guid(f94104c5e64e52441b14d4dd11cdcb5c) Importer(815301076,1909f56bfc062723c751e8b465ee728b)
Start importing Assets/Graphics/Terrains/TerrainData_17c68838-f954-4c07-90fc-a2ea3b6aec07.asset using Guid(f94104c5e64e52441b14d4dd11cdcb5c) Importer(815301076,1909f56bfc062723c751e8b465ee728b)  -> (artifact id: 'fc85d1c46af068cae0c01d8096c253d2') in 0.024304 seconds
  Import took 0.027224 seconds .

========================================================================
Received Import Request.
  Time since last request: 0.000186 seconds.
  path: Assets/Graphics/Terrains/TerrainData_7d2efae7-488e-4ca4-a49f-022f60c862cf.asset
  artifactKey: Guid(45ae545344626f54b93abe38bd57f3da) Importer(815301076,1909f56bfc062723c751e8b465ee728b)
Start importing Assets/Graphics/Terrains/TerrainData_7d2efae7-488e-4ca4-a49f-022f60c862cf.asset using Guid(45ae545344626f54b93abe38bd57f3da) Importer(815301076,1909f56bfc062723c751e8b465ee728b)  -> (artifact id: 'eb1458a5f6bbccf0a42bf9c356f22270') in 0.034576 seconds
  Import took 0.037605 seconds .

========================================================================
Received Import Request.
  Time since last request: 0.000265 seconds.
  path: Assets/Graphics/Terrains/TerrainData_17c68838-f954-4c07-90fc-a2ea3b6aec07.asset
  artifactKey: Guid(f94104c5e64e52441b14d4dd11cdcb5c) Importer(815301076,1909f56bfc062723c751e8b465ee728b)
Start importing Assets/Graphics/Terrains/TerrainData_17c68838-f954-4c07-90fc-a2ea3b6aec07.asset using Guid(f94104c5e64e52441b14d4dd11cdcb5c) Importer(815301076,1909f56bfc062723c751e8b465ee728b)  -> (artifact id: 'fc85d1c46af068cae0c01d8096c253d2') in 0.023988 seconds
  Import took 0.027079 seconds .

========================================================================
Received Import Request.
  Time since last request: 0.000265 seconds.
  path: Assets/Graphics/Terrains/TerrainData_7ae8851a-3f35-447c-bd54-ce1228382cee.asset
  artifactKey: Guid(9545a38aa5bb3e248ab4635c2e694b7e) Importer(815301076,1909f56bfc062723c751e8b465ee728b)
Start importing Assets/Graphics/Terrains/TerrainData_7ae8851a-3f35-447c-bd54-ce1228382cee.asset using Guid(9545a38aa5bb3e248ab4635c2e694b7e) Importer(815301076,1909f56bfc062723c751e8b465ee728b)  -> (artifact id: 'e1dee9b347a8970aa60aa2de9a8e9ece') in 0.025047 seconds
  Import took 0.028134 seconds .

========================================================================
Received Import Request.
  Time since last request: 0.000650 seconds.
  path: Assets/Graphics/Terrains/TerrainData_7ae8851a-3f35-447c-bd54-ce1228382cee.asset
  artifactKey: Guid(9545a38aa5bb3e248ab4635c2e694b7e) Importer(815301076,1909f56bfc062723c751e8b465ee728b)
Start importing Assets/Graphics/Terrains/TerrainData_7ae8851a-3f35-447c-bd54-ce1228382cee.asset using Guid(9545a38aa5bb3e248ab4635c2e694b7e) Importer(815301076,1909f56bfc062723c751e8b465ee728b)  -> (artifact id: 'e1dee9b347a8970aa60aa2de9a8e9ece') in 0.023897 seconds
  Import took 0.026776 seconds .

========================================================================
Received Import Request.
  Time since last request: 2326.730344 seconds.
  path: Assets/Graphics/Materials/Shaders/ShaderGraphEnvironment_V01.shadergraph
  artifactKey: Guid(23a4345a595f6da4289baab525b7904e) Importer(815301076,1909f56bfc062723c751e8b465ee728b)
Start importing Assets/Graphics/Materials/Shaders/ShaderGraphEnvironment_V01.shadergraph using Guid(23a4345a595f6da4289baab525b7904e) Importer(815301076,1909f56bfc062723c751e8b465ee728b)  -> (artifact id: '48225d1d36e2487bba9ed8e6edac4c8e') in 0.023186 seconds
  Import took 0.026948 seconds .

========================================================================
Received Import Request.
  Time since last request: 0.048969 seconds.
  path: Assets/Graphics/Materials/Shaders/ShaderGraphEnvironment_V01.shadergraph
  artifactKey: Guid(23a4345a595f6da4289baab525b7904e) Importer(815301076,1909f56bfc062723c751e8b465ee728b)
Start importing Assets/Graphics/Materials/Shaders/ShaderGraphEnvironment_V01.shadergraph using Guid(23a4345a595f6da4289baab525b7904e) Importer(815301076,1909f56bfc062723c751e8b465ee728b)  -> (artifact id: '48225d1d36e2487bba9ed8e6edac4c8e') in 0.020077 seconds
  Import took 0.023317 seconds .

========================================================================
Received Import Request.
  Time since last request: 1646.817806 seconds.
  path: Assets/Graphics/Materials/Textures/two_normal_maps_combined.jpg
  artifactKey: Guid(8cf88cccadb5be844b7ad2398c79d14a) Importer(815301076,1909f56bfc062723c751e8b465ee728b)
Start importing Assets/Graphics/Materials/Textures/two_normal_maps_combined.jpg using Guid(8cf88cccadb5be844b7ad2398c79d14a) Importer(815301076,1909f56bfc062723c751e8b465ee728b)  -> (artifact id: '042cf3e59b5c385eed8d99c9a3e79670') in 0.064437 seconds
  Import took 0.068275 seconds .

========================================================================
Received Import Request.
  Time since last request: 8.354015 seconds.
  path: Assets/Graphics/Materials/Textures/two_normal_maps_combined.jpg
  artifactKey: Guid(8cf88cccadb5be844b7ad2398c79d14a) Importer(815301076,1909f56bfc062723c751e8b465ee728b)
Start importing Assets/Graphics/Materials/Textures/two_normal_maps_combined.jpg using Guid(8cf88cccadb5be844b7ad2398c79d14a) Importer(815301076,1909f56bfc062723c751e8b465ee728b)  -> (artifact id: '8ab7aaa9565ee60c1de70b05de482c41') in 0.032798 seconds
  Import took 0.036093 seconds .

========================================================================
Received Import Request.
  Time since last request: 3222.221519 seconds.
  path: Assets/14582-normal.jpg
  artifactKey: Guid(12dee0697122d58489e50428c20f186c) Importer(815301076,1909f56bfc062723c751e8b465ee728b)
Start importing Assets/14582-normal.jpg using Guid(12dee0697122d58489e50428c20f186c) Importer(815301076,1909f56bfc062723c751e8b465ee728b)  -> (artifact id: 'f1a121347969afb7a999b3c1d5060def') in 0.036259 seconds
  Import took 0.040077 seconds .

========================================================================
Received Import Request.
  Time since last request: 0.000258 seconds.
  path: Assets/59691e0fb7189_hexNORMALS2.png.dae826bedf99d2b7988725da3bcfecd1.png
  artifactKey: Guid(a86bd2323444dc44db295e5ff0ed280e) Importer(815301076,1909f56bfc062723c751e8b465ee728b)
Start importing Assets/59691e0fb7189_hexNORMALS2.png.dae826bedf99d2b7988725da3bcfecd1.png using Guid(a86bd2323444dc44db295e5ff0ed280e) Importer(815301076,1909f56bfc062723c751e8b465ee728b)  -> (artifact id: '175fbf9ed31585142389131b15158eb2') in 0.029273 seconds
  Import took 0.032157 seconds .

========================================================================
Received Import Request.
  Time since last request: 1.443864 seconds.
  path: Assets/Graphics
  artifactKey: Guid(526e15fb42e566c42bb19ddfb88d7dc4) Importer(815301076,1909f56bfc062723c751e8b465ee728b)
Start importing Assets/Graphics using Guid(526e15fb42e566c42bb19ddfb88d7dc4) Importer(815301076,1909f56bfc062723c751e8b465ee728b)  -> (artifact id: '60e4fead3b373d7fcb7dcf22e4eb033f') in 0.021790 seconds
  Import took 0.024881 seconds .

========================================================================
Received Import Request.
  Time since last request: 16.541650 seconds.
  path: Assets/Graphics/Terrains/TerrainData_a6c477b9-1d78-42dc-9c9b-8dc91abbd848.asset
  artifactKey: Guid(e8f6a1db7f7a35b4a8b5cce13fe0e9e7) Importer(815301076,1909f56bfc062723c751e8b465ee728b)
Start importing Assets/Graphics/Terrains/TerrainData_a6c477b9-1d78-42dc-9c9b-8dc91abbd848.asset using Guid(e8f6a1db7f7a35b4a8b5cce13fe0e9e7) Importer(815301076,1909f56bfc062723c751e8b465ee728b)  -> (artifact id: '76472e352d3dc1680fb2787616e46527') in 0.029640 seconds
  Import took 0.032930 seconds .

========================================================================
Received Import Request.
  Time since last request: 0.000605 seconds.
  path: Assets/Graphics/Terrains/TerrainData_a6c477b9-1d78-42dc-9c9b-8dc91abbd848.asset
  artifactKey: Guid(e8f6a1db7f7a35b4a8b5cce13fe0e9e7) Importer(815301076,1909f56bfc062723c751e8b465ee728b)
Start importing Assets/Graphics/Terrains/TerrainData_a6c477b9-1d78-42dc-9c9b-8dc91abbd848.asset using Guid(e8f6a1db7f7a35b4a8b5cce13fe0e9e7) Importer(815301076,1909f56bfc062723c751e8b465ee728b)  -> (artifact id: '76472e352d3dc1680fb2787616e46527') in 0.033655 seconds
  Import took 0.036618 seconds .

========================================================================
Received Import Request.
  Time since last request: 18.404866 seconds.
  path: Assets/Graphics/Materials/Textures/NewLayer.terrainlayer
  artifactKey: Guid(d236ad8b51c89064c82c67e1cb86d65c) Importer(815301076,1909f56bfc062723c751e8b465ee728b)
Start importing Assets/Graphics/Materials/Textures/NewLayer.terrainlayer using Guid(d236ad8b51c89064c82c67e1cb86d65c) Importer(815301076,1909f56bfc062723c751e8b465ee728b)  -> (artifact id: '928a8d10ee4b16e95e5350dc5bcc6080') in 0.027818 seconds
  Import took 0.031024 seconds .

========================================================================
Received Import Request.
  Time since last request: 32.941986 seconds.
  path: Assets/Graphics/Materials/Textures/59691e0fb7189_hexNORMALS2.png.dae826bedf99d2b7988725da3bcfecd1.png
  artifactKey: Guid(a86bd2323444dc44db295e5ff0ed280e) Importer(815301076,1909f56bfc062723c751e8b465ee728b)
Start importing Assets/Graphics/Materials/Textures/59691e0fb7189_hexNORMALS2.png.dae826bedf99d2b7988725da3bcfecd1.png using Guid(a86bd2323444dc44db295e5ff0ed280e) Importer(815301076,1909f56bfc062723c751e8b465ee728b)  -> (artifact id: '480a9d43a1276b18137879104737d715') in 0.029671 seconds
  Import took 0.032986 seconds .

========================================================================
Received Import Request.
  Time since last request: 16.276699 seconds.
  path: Assets/Graphics/Materials/Textures/59691e0fb7189_hexNORMALS2.png.dae826bedf99d2b7988725da3bcfecd1 1.png
  artifactKey: Guid(ac831ebff91a5644c9b24df944795b87) Importer(815301076,1909f56bfc062723c751e8b465ee728b)
Start importing Assets/Graphics/Materials/Textures/59691e0fb7189_hexNORMALS2.png.dae826bedf99d2b7988725da3bcfecd1 1.png using Guid(ac831ebff91a5644c9b24df944795b87) Importer(815301076,1909f56bfc062723c751e8b465ee728b)  -> (artifact id: '3ee138d29ad1f345d60c65ec6457644b') in 0.027145 seconds
  Import took 0.030987 seconds .

========================================================================
Received Import Request.
  Time since last request: 7.110281 seconds.
  path: Assets/Graphics/Materials/Textures/14582-normal.jpg
  artifactKey: Guid(12dee0697122d58489e50428c20f186c) Importer(815301076,1909f56bfc062723c751e8b465ee728b)
Start importing Assets/Graphics/Materials/Textures/14582-normal.jpg using Guid(12dee0697122d58489e50428c20f186c) Importer(815301076,1909f56bfc062723c751e8b465ee728b)  -> (artifact id: 'e1ace6cd7e79fdde3b14dfa2fbbc8a3d') in 0.029874 seconds
  Import took 0.033180 seconds .

========================================================================
Received Import Request.
  Time since last request: 36.584764 seconds.
  path: Assets/Graphics/Materials/Textures/NewLayer 1.terrainlayer
  artifactKey: Guid(027bf6cf2cf1f7a4bb2f78ec379f99a6) Importer(815301076,1909f56bfc062723c751e8b465ee728b)
Start importing Assets/Graphics/Materials/Textures/NewLayer 1.terrainlayer using Guid(027bf6cf2cf1f7a4bb2f78ec379f99a6) Importer(815301076,1909f56bfc062723c751e8b465ee728b)  -> (artifact id: '36ffc48410f8eb95c50271326fd46df4') in 0.026835 seconds
  Import took 0.030318 seconds .

========================================================================
Received Import Request.
  Time since last request: 0.000201 seconds.
  path: Assets/Graphics/Materials/Textures/NewLayer.terrainlayer
  artifactKey: Guid(d236ad8b51c89064c82c67e1cb86d65c) Importer(815301076,1909f56bfc062723c751e8b465ee728b)
Start importing Assets/Graphics/Materials/Textures/NewLayer.terrainlayer using Guid(d236ad8b51c89064c82c67e1cb86d65c) Importer(815301076,1909f56bfc062723c751e8b465ee728b)  -> (artifact id: 'af963e32b575e2f145b1dd694503cccd') in 0.025236 seconds
  Import took 0.028507 seconds .

========================================================================
Received Import Request.
  Time since last request: 0.000165 seconds.
  path: Assets/Graphics/Materials/NewLayer 1.terrainlayer
  artifactKey: Guid(bfb53338182a71b478b9c73914aedbb2) Importer(815301076,1909f56bfc062723c751e8b465ee728b)
Start importing Assets/Graphics/Materials/NewLayer 1.terrainlayer using Guid(bfb53338182a71b478b9c73914aedbb2) Importer(815301076,1909f56bfc062723c751e8b465ee728b)  -> (artifact id: '2b823d49235dcb9f60e3650439b95afa') in 0.025464 seconds
  Import took 0.028671 seconds .

========================================================================
Received Import Request.
  Time since last request: 30.614092 seconds.
  path: Assets/Graphics/Materials/NewLayer 2.terrainlayer
  artifactKey: Guid(db185561f3ecdac41921e38eb2dde707) Importer(815301076,1909f56bfc062723c751e8b465ee728b)
Start importing Assets/Graphics/Materials/NewLayer 2.terrainlayer using Guid(db185561f3ecdac41921e38eb2dde707) Importer(815301076,1909f56bfc062723c751e8b465ee728b)  -> (artifact id: '863fb1bd5ed0a5be0739b9afb92b1187') in 0.027017 seconds
  Import took 0.030315 seconds .

========================================================================
Received Prepare
Registering precompiled user dll's ...
Registered in 0.001343 seconds.
Begin MonoManager ReloadAssembly
Native extension for WindowsStandalone target not found
Refreshing native plugins compatible for Editor in 0.35 ms, found 0 plugins.
Preloading 0 native plugins for Editor in 0.00 ms.
Invoked RoslynAnalysisRunner static constructor.
RoslynAnalysisRunner will not be running.
RoslynAnalysisRunner has terminated.
Mono: successfully reloaded assembly
- Completed reload, in  0.764 seconds
Platform modules already initialized, skipping
Shader 'Universal Render Pipeline/Particles/Lit': fallback shader 'Universal Render Pipeline/Particles/SimpleLit' not found
Refreshing native plugins compatible for Editor in 0.37 ms, found 0 plugins.
Preloading 0 native plugins for Editor in 0.00 ms.
Unloading 2322 Unused Serialized files (Serialized files now loaded: 0)
System memory in use before: 116.4 MB.
System memory in use after: 116.6 MB.

Unloading 6 unused Assets to reduce memory usage. Loaded Objects now: 2969.
Total: 2.283000 ms (FindLiveObjects: 0.350500 ms CreateObjectMapping: 0.148800 ms MarkObjects: 1.723000 ms  DeleteObjects: 0.059300 ms)

========================================================================
Received Prepare
Registering precompiled user dll's ...
Registered in 0.001365 seconds.
Begin MonoManager ReloadAssembly
Native extension for WindowsStandalone target not found
Refreshing native plugins compatible for Editor in 0.34 ms, found 0 plugins.
Preloading 0 native plugins for Editor in 0.00 ms.
Invoked RoslynAnalysisRunner static constructor.
RoslynAnalysisRunner will not be running.
RoslynAnalysisRunner has terminated.
Mono: successfully reloaded assembly
- Completed reload, in  0.736 seconds
Platform modules already initialized, skipping
Shader 'Universal Render Pipeline/Particles/Lit': fallback shader 'Universal Render Pipeline/Particles/SimpleLit' not found
Refreshing native plugins compatible for Editor in 0.35 ms, found 0 plugins.
Preloading 0 native plugins for Editor in 0.00 ms.
Unloading 2323 Unused Serialized files (Serialized files now loaded: 0)
System memory in use before: 116.3 MB.
System memory in use after: 116.5 MB.

Unloading 6 unused Assets to reduce memory usage. Loaded Objects now: 2986.
Total: 2.174700 ms (FindLiveObjects: 0.372800 ms CreateObjectMapping: 0.146100 ms MarkObjects: 1.594400 ms  DeleteObjects: 0.060500 ms)

========================================================================
Received Import Request.
  Time since last request: 119.640605 seconds.
  path: Assets/Graphics/Materials/Land_Texture.mat
  artifactKey: Guid(012055399b83e1b419bc69d816be295b) Importer(815301076,1909f56bfc062723c751e8b465ee728b)
Start importing Assets/Graphics/Materials/Land_Texture.mat using Guid(012055399b83e1b419bc69d816be295b) Importer(815301076,1909f56bfc062723c751e8b465ee728b)  -> (artifact id: 'fff4e8785ff5038f6345b77092e313ab') in 0.154538 seconds
  Import took 0.158113 seconds .

========================================================================
Received Import Request.
  Time since last request: 0.000219 seconds.
  path: Assets/Graphics/Materials/NewLayer.terrainlayer
  artifactKey: Guid(dd7ad86d669930d4bacd7baef434b08b) Importer(815301076,1909f56bfc062723c751e8b465ee728b)
Start importing Assets/Graphics/Materials/NewLayer.terrainlayer using Guid(dd7ad86d669930d4bacd7baef434b08b) Importer(815301076,1909f56bfc062723c751e8b465ee728b)  -> (artifact id: '41ba555fcbb3aaf5732bfb120df89cf7') in 0.033151 seconds
  Import took 0.036627 seconds .

AssetImportWorkerClient::OnTransportError - code=2 error=End of file
