Using pre-set license
Built from '2020.3/release' branch; Version is '2020.3.2f1 (8fd9074bf66c) revision 9427207'; Using compiler version '192528614'; Build Type 'Release'
OS: 'Windows 10 Pro; OS build 19042.867; Version 2009; 64bit' Language: 'en' Physical Memory: 32697 MB
BatchMode: 1, IsHumanControllingUs: 0, StartBugReporterOnCrash: 0, Is64bit: 1, IsPro: 0

 COMMAND LINE ARGUMENTS:
C:\Program Files\Unity\Hub\Editor\2020.3.2f1\Editor\Unity.exe
-adb2
-batchMode
-noUpm
-name
AssetImportWorker0
-projectPath
C:/Users/Max-Martin Sherie/Documents/GitHub/Yuggoth/Yuggoth
-logFile
Logs/AssetImportWorker0.log
-srvPort
51978
Successfully changed project path to: C:/Users/Max-Martin Sherie/Documents/GitHub/Yuggoth/Yuggoth
C:/Users/Max-Martin Sherie/Documents/GitHub/Yuggoth/Yuggoth
Using Asset Import Pipeline V2.
Refreshing native plugins compatible for Editor in 36.10 ms, found 0 plugins.
Preloading 0 native plugins for Editor in 0.00 ms.
Initialize engine version: 2020.3.2f1 (8fd9074bf66c)
[Subsystems] Discovering subsystems at path C:/Program Files/Unity/Hub/Editor/2020.3.2f1/Editor/Data/Resources/UnitySubsystems
[Subsystems] Discovering subsystems at path C:/Users/Max-Martin Sherie/Documents/GitHub/Yuggoth/Yuggoth/Assets
GfxDevice: creating device client; threaded=0
Direct3D:
    Version:  Direct3D 11.0 [level 11.1]
    Renderer: NVIDIA GeForce RTX 3090 (ID=0x2204)
    Vendor:   
    VRAM:     24348 MB
    Driver:   27.21.14.6109
Shader 'Universal Render Pipeline/Particles/Lit': fallback shader 'Universal Render Pipeline/Particles/SimpleLit' not found
Initialize mono
Mono path[0] = 'C:/Program Files/Unity/Hub/Editor/2020.3.2f1/Editor/Data/Managed'
Mono path[1] = 'C:/Program Files/Unity/Hub/Editor/2020.3.2f1/Editor/Data/MonoBleedingEdge/lib/mono/unityjit'
Mono config path = 'C:/Program Files/Unity/Hub/Editor/2020.3.2f1/Editor/Data/MonoBleedingEdge/etc'
Using monoOptions --debugger-agent=transport=dt_socket,embedding=1,server=y,suspend=n,address=127.0.0.1:56496
Begin MonoManager ReloadAssembly
Registering precompiled unity dll's ...
Register platform support module: C:/Program Files/Unity/Hub/Editor/2020.3.2f1/Editor/Data/PlaybackEngines/WindowsStandaloneSupport/UnityEditor.WindowsStandalone.Extensions.dll
Registered in 0.002121 seconds.
Native extension for WindowsStandalone target not found
Refreshing native plugins compatible for Editor in 37.65 ms, found 0 plugins.
Preloading 0 native plugins for Editor in 0.00 ms.
Invoked RoslynAnalysisRunner static constructor.
RoslynAnalysisRunner will not be running.
RoslynAnalysisRunner has terminated.
Mono: successfully reloaded assembly
- Completed reload, in  1.010 seconds
Platform modules already initialized, skipping
Registering precompiled user dll's ...
Registered in 0.001454 seconds.
Begin MonoManager ReloadAssembly
Native extension for WindowsStandalone target not found
Refreshing native plugins compatible for Editor in 37.31 ms, found 0 plugins.
Preloading 0 native plugins for Editor in 0.00 ms.
Invoked RoslynAnalysisRunner static constructor.
RoslynAnalysisRunner will not be running.
RoslynAnalysisRunner has terminated.
Mono: successfully reloaded assembly
- Completed reload, in  0.790 seconds
Platform modules already initialized, skipping
========================================================================
Worker process is ready to serve import requests
Shader 'Universal Render Pipeline/Particles/Lit': fallback shader 'Universal Render Pipeline/Particles/SimpleLit' not found
Launched and connected shader compiler UnityShaderCompiler.exe after 0.05 seconds
Refreshing native plugins compatible for Editor in 0.35 ms, found 0 plugins.
Preloading 0 native plugins for Editor in 0.00 ms.
Unloading 2432 Unused Serialized files (Serialized files now loaded: 0)
System memory in use before: 116.3 MB.
System memory in use after: 116.5 MB.

Unloading 11 unused Assets to reduce memory usage. Loaded Objects now: 2883.
Total: 1.762000 ms (FindLiveObjects: 0.215300 ms CreateObjectMapping: 0.098400 ms MarkObjects: 1.368800 ms  DeleteObjects: 0.078700 ms)

========================================================================
Received Import Request.
  path: Assets/Graphics/Materials/Land_Texture.mat
  artifactKey: Guid(012055399b83e1b419bc69d816be295b) Importer(815301076,1909f56bfc062723c751e8b465ee728b)
Start importing Assets/Graphics/Materials/Land_Texture.mat using Guid(012055399b83e1b419bc69d816be295b) Importer(815301076,1909f56bfc062723c751e8b465ee728b)  -> (artifact id: '54259e868af6de4325931b8c45bdd67f') in 0.297248 seconds
  Import took 0.300627 seconds .

========================================================================
Received Prepare
Registering precompiled user dll's ...
Registered in 0.001303 seconds.
Begin MonoManager ReloadAssembly
Native extension for WindowsStandalone target not found
Refreshing native plugins compatible for Editor in 0.36 ms, found 0 plugins.
Preloading 0 native plugins for Editor in 0.00 ms.
Invoked RoslynAnalysisRunner static constructor.
RoslynAnalysisRunner will not be running.
RoslynAnalysisRunner has terminated.
Mono: successfully reloaded assembly
- Completed reload, in  0.764 seconds
Platform modules already initialized, skipping
Shader 'Universal Render Pipeline/Particles/Lit': fallback shader 'Universal Render Pipeline/Particles/SimpleLit' not found
Refreshing native plugins compatible for Editor in 0.37 ms, found 0 plugins.
Preloading 0 native plugins for Editor in 0.00 ms.
Unloading 2323 Unused Serialized files (Serialized files now loaded: 0)
System memory in use before: 114.8 MB.
System memory in use after: 115.0 MB.

Unloading 6 unused Assets to reduce memory usage. Loaded Objects now: 2964.
Total: 1.975200 ms (FindLiveObjects: 0.231100 ms CreateObjectMapping: 0.101300 ms MarkObjects: 1.582500 ms  DeleteObjects: 0.059300 ms)

========================================================================
Received Prepare
Registering precompiled user dll's ...
Registered in 0.001797 seconds.
Begin MonoManager ReloadAssembly
Native extension for WindowsStandalone target not found
Refreshing native plugins compatible for Editor in 0.36 ms, found 0 plugins.
Preloading 0 native plugins for Editor in 0.00 ms.
Invoked RoslynAnalysisRunner static constructor.
RoslynAnalysisRunner will not be running.
RoslynAnalysisRunner has terminated.
Mono: successfully reloaded assembly
- Completed reload, in  0.744 seconds
Platform modules already initialized, skipping
Shader 'Universal Render Pipeline/Particles/Lit': fallback shader 'Universal Render Pipeline/Particles/SimpleLit' not found
Refreshing native plugins compatible for Editor in 0.35 ms, found 0 plugins.
Preloading 0 native plugins for Editor in 0.00 ms.
Unloading 2323 Unused Serialized files (Serialized files now loaded: 0)
System memory in use before: 114.8 MB.
System memory in use after: 115.0 MB.

Unloading 6 unused Assets to reduce memory usage. Loaded Objects now: 2967.
Total: 2.318000 ms (FindLiveObjects: 0.250500 ms CreateObjectMapping: 0.107000 ms MarkObjects: 1.894700 ms  DeleteObjects: 0.065100 ms)

========================================================================
Received Import Request.
  Time since last request: 396.807102 seconds.
  path: Assets/Graphics/Terrains/TerrainData_7d2efae7-488e-4ca4-a49f-022f60c862cf.asset
  artifactKey: Guid(45ae545344626f54b93abe38bd57f3da) Importer(815301076,1909f56bfc062723c751e8b465ee728b)
Start importing Assets/Graphics/Terrains/TerrainData_7d2efae7-488e-4ca4-a49f-022f60c862cf.asset using Guid(45ae545344626f54b93abe38bd57f3da) Importer(815301076,1909f56bfc062723c751e8b465ee728b)  -> (artifact id: '65590ec7589011fe0b99a87c8b01be0a') in 0.071613 seconds
  Import took 0.076281 seconds .

========================================================================
Received Import Request.
  Time since last request: 0.000227 seconds.
  path: Assets/Graphics/Terrains/TerrainData_a6c477b9-1d78-42dc-9c9b-8dc91abbd848.asset
  artifactKey: Guid(e8f6a1db7f7a35b4a8b5cce13fe0e9e7) Importer(815301076,1909f56bfc062723c751e8b465ee728b)
Start importing Assets/Graphics/Terrains/TerrainData_a6c477b9-1d78-42dc-9c9b-8dc91abbd848.asset using Guid(e8f6a1db7f7a35b4a8b5cce13fe0e9e7) Importer(815301076,1909f56bfc062723c751e8b465ee728b)  -> (artifact id: '7d22d43aa553a21f28ad7e8b3887fa14') in 0.037936 seconds
  Import took 0.041008 seconds .

========================================================================
Received Import Request.
  Time since last request: 0.000194 seconds.
  path: Assets/Graphics/Terrains/Test Scene Terrain.asset
  artifactKey: Guid(72489b692e31ebc4c9cef35b7143a122) Importer(815301076,1909f56bfc062723c751e8b465ee728b)
Start importing Assets/Graphics/Terrains/Test Scene Terrain.asset using Guid(72489b692e31ebc4c9cef35b7143a122) Importer(815301076,1909f56bfc062723c751e8b465ee728b)  -> (artifact id: 'fd9946eb5af7d246698aed9a5eea5fce') in 0.049071 seconds
  Import took 0.052138 seconds .

========================================================================
Received Import Request.
  Time since last request: 0.000233 seconds.
  path: Assets/Graphics/Terrains/TerrainData_a6c477b9-1d78-42dc-9c9b-8dc91abbd848.asset
  artifactKey: Guid(e8f6a1db7f7a35b4a8b5cce13fe0e9e7) Importer(815301076,1909f56bfc062723c751e8b465ee728b)
Start importing Assets/Graphics/Terrains/TerrainData_a6c477b9-1d78-42dc-9c9b-8dc91abbd848.asset using Guid(e8f6a1db7f7a35b4a8b5cce13fe0e9e7) Importer(815301076,1909f56bfc062723c751e8b465ee728b)  -> (artifact id: '7d22d43aa553a21f28ad7e8b3887fa14') in 0.028915 seconds
  Import took 0.031990 seconds .

========================================================================
Received Import Request.
  Time since last request: 0.000285 seconds.
  path: Assets/Graphics/Terrains/Test Scene Terrain.asset
  artifactKey: Guid(72489b692e31ebc4c9cef35b7143a122) Importer(815301076,1909f56bfc062723c751e8b465ee728b)
Start importing Assets/Graphics/Terrains/Test Scene Terrain.asset using Guid(72489b692e31ebc4c9cef35b7143a122) Importer(815301076,1909f56bfc062723c751e8b465ee728b)  -> (artifact id: 'fd9946eb5af7d246698aed9a5eea5fce') in 0.028657 seconds
  Import took 0.031694 seconds .

========================================================================
Received Import Request.
  Time since last request: 0.000262 seconds.
  path: Assets/Graphics/Terrains/TerrainData_7d2efae7-488e-4ca4-a49f-022f60c862cf.asset
  artifactKey: Guid(45ae545344626f54b93abe38bd57f3da) Importer(815301076,1909f56bfc062723c751e8b465ee728b)
Start importing Assets/Graphics/Terrains/TerrainData_7d2efae7-488e-4ca4-a49f-022f60c862cf.asset using Guid(45ae545344626f54b93abe38bd57f3da) Importer(815301076,1909f56bfc062723c751e8b465ee728b)  -> (artifact id: '65590ec7589011fe0b99a87c8b01be0a') in 0.040280 seconds
  Import took 0.043357 seconds .

========================================================================
Received Import Request.
  Time since last request: 179.142275 seconds.
  path: Assets/Graphics/Materials/Textures/Layer
  artifactKey: Guid(e292c84a669e5814c946d16d934d50f7) Importer(815301076,1909f56bfc062723c751e8b465ee728b)
Start importing Assets/Graphics/Materials/Textures/Layer using Guid(e292c84a669e5814c946d16d934d50f7) Importer(815301076,1909f56bfc062723c751e8b465ee728b)  -> (artifact id: '95c5cc1174f7d3260418899cdf341ae9') in 0.021788 seconds
  Import took 0.025043 seconds .

========================================================================
Received Import Request.
  Time since last request: 2.461844 seconds.
  path: Assets/Graphics/Materials/Textures/Layers
  artifactKey: Guid(e292c84a669e5814c946d16d934d50f7) Importer(815301076,1909f56bfc062723c751e8b465ee728b)
Start importing Assets/Graphics/Materials/Textures/Layers using Guid(e292c84a669e5814c946d16d934d50f7) Importer(815301076,1909f56bfc062723c751e8b465ee728b)  -> (artifact id: 'b0c58b07dc36586db5158c5231d353e6') in 0.021271 seconds
  Import took 0.024707 seconds .

========================================================================
Received Import Request.
  Time since last request: 6.671315 seconds.
  path: Assets/Graphics/Materials/Textures/Environment Layers
  artifactKey: Guid(e292c84a669e5814c946d16d934d50f7) Importer(815301076,1909f56bfc062723c751e8b465ee728b)
Start importing Assets/Graphics/Materials/Textures/Environment Layers using Guid(e292c84a669e5814c946d16d934d50f7) Importer(815301076,1909f56bfc062723c751e8b465ee728b)  -> (artifact id: '7afcf7da4c6471c478a591815ed3032a') in 0.021841 seconds
  Import took 0.025024 seconds .

========================================================================
Received Import Request.
  Time since last request: 5.078669 seconds.
  path: Assets/Graphics/Materials/Land_Texture.mat
  artifactKey: Guid(012055399b83e1b419bc69d816be295b) Importer(815301076,1909f56bfc062723c751e8b465ee728b)
Start importing Assets/Graphics/Materials/Land_Texture.mat using Guid(012055399b83e1b419bc69d816be295b) Importer(815301076,1909f56bfc062723c751e8b465ee728b)  -> (artifact id: 'caab763eae62b038af61da581c398e1b') in 0.136551 seconds
  Import took 0.140063 seconds .

========================================================================
Received Import Request.
  Time since last request: 9.469831 seconds.
  path: Assets/Graphics/Terrains/Test Scene Terrain.asset
  artifactKey: Guid(72489b692e31ebc4c9cef35b7143a122) Importer(815301076,1909f56bfc062723c751e8b465ee728b)
Start importing Assets/Graphics/Terrains/Test Scene Terrain.asset using Guid(72489b692e31ebc4c9cef35b7143a122) Importer(815301076,1909f56bfc062723c751e8b465ee728b)  -> (artifact id: 'dd5d28cc8c7e78f947a6efa1d27821e0') in 0.033428 seconds
  Import took 0.036783 seconds .

========================================================================
Received Import Request.
  Time since last request: 0.001376 seconds.
  path: Assets/Graphics/Terrains/Test Scene Terrain.asset
  artifactKey: Guid(72489b692e31ebc4c9cef35b7143a122) Importer(815301076,1909f56bfc062723c751e8b465ee728b)
Start importing Assets/Graphics/Terrains/Test Scene Terrain.asset using Guid(72489b692e31ebc4c9cef35b7143a122) Importer(815301076,1909f56bfc062723c751e8b465ee728b)  -> (artifact id: 'dd5d28cc8c7e78f947a6efa1d27821e0') in 0.030396 seconds
  Import took 0.033559 seconds .

========================================================================
Received Import Request.
  Time since last request: 21.767385 seconds.
  path: Assets/Graphics/Terrains/NewLayer.terrainlayer
  artifactKey: Guid(b6982dd9d0d7c664eb9a73aab3a9b8db) Importer(815301076,1909f56bfc062723c751e8b465ee728b)
Start importing Assets/Graphics/Terrains/NewLayer.terrainlayer using Guid(b6982dd9d0d7c664eb9a73aab3a9b8db) Importer(815301076,1909f56bfc062723c751e8b465ee728b)  -> (artifact id: '2c009fa530d009b65a0cae26d005a22e') in 0.039142 seconds
  Import took 0.042385 seconds .

========================================================================
Received Import Request.
  Time since last request: 0.000240 seconds.
  path: Assets/Graphics/Terrains/TerrainData_cf44bde7-3c2b-4069-ba27-7b2f01572423.asset
  artifactKey: Guid(ad1c6a3bf59a89e4f85beded5f1567aa) Importer(815301076,1909f56bfc062723c751e8b465ee728b)
Start importing Assets/Graphics/Terrains/TerrainData_cf44bde7-3c2b-4069-ba27-7b2f01572423.asset using Guid(ad1c6a3bf59a89e4f85beded5f1567aa) Importer(815301076,1909f56bfc062723c751e8b465ee728b)  -> (artifact id: '9a1e50100e1390f7237bc28cba255943') in 0.025444 seconds
  Import took 0.028397 seconds .

========================================================================
Received Import Request.
  Time since last request: 1.622596 seconds.
  path: Assets/Graphics/Materials/Shaders/GetNoramlMapsFromMask.shadersubgraph
  artifactKey: Guid(4fdc06b26958eeb43b589e99fb43b665) Importer(815301076,1909f56bfc062723c751e8b465ee728b)
Start importing Assets/Graphics/Materials/Shaders/GetNoramlMapsFromMask.shadersubgraph using Guid(4fdc06b26958eeb43b589e99fb43b665) Importer(815301076,1909f56bfc062723c751e8b465ee728b)  -> (artifact id: '1261ef3729da9e0fd8124c9b28c1d2d5') in 0.024438 seconds
  Import took 0.027643 seconds .

========================================================================
Received Import Request.
  Time since last request: 197.708212 seconds.
  path: Assets/Graphics/Materials/Textures/59691e0fb7189_hexNORMALS2.png.dae826bedf99d2b7988725da3bcfecd1 1.png
  artifactKey: Guid(ac831ebff91a5644c9b24df944795b87) Importer(815301076,1909f56bfc062723c751e8b465ee728b)
Start importing Assets/Graphics/Materials/Textures/59691e0fb7189_hexNORMALS2.png.dae826bedf99d2b7988725da3bcfecd1 1.png using Guid(ac831ebff91a5644c9b24df944795b87) Importer(815301076,1909f56bfc062723c751e8b465ee728b)  -> (artifact id: '8145094a418c4250c98b0e6885bad07e') in 0.071285 seconds
  Import took 0.074581 seconds .

========================================================================
Received Import Request.
  Time since last request: 28.959470 seconds.
  path: Assets/Graphics/Materials/Environment Layers/Layer_0_R.terrainlayer
  artifactKey: Guid(d236ad8b51c89064c82c67e1cb86d65c) Importer(815301076,1909f56bfc062723c751e8b465ee728b)
Start importing Assets/Graphics/Materials/Environment Layers/Layer_0_R.terrainlayer using Guid(d236ad8b51c89064c82c67e1cb86d65c) Importer(815301076,1909f56bfc062723c751e8b465ee728b)  -> (artifact id: '862caa00ca9c8a924346e25e0688b632') in 0.026410 seconds
  Import took 0.029703 seconds .

========================================================================
Received Import Request.
  Time since last request: 0.000229 seconds.
  path: Assets/Graphics/Materials/Environment Layers/Layer_1_G.terrainlayer
  artifactKey: Guid(027bf6cf2cf1f7a4bb2f78ec379f99a6) Importer(815301076,1909f56bfc062723c751e8b465ee728b)
Start importing Assets/Graphics/Materials/Environment Layers/Layer_1_G.terrainlayer using Guid(027bf6cf2cf1f7a4bb2f78ec379f99a6) Importer(815301076,1909f56bfc062723c751e8b465ee728b)  -> (artifact id: 'f4e0e3120848741418902f965d035fb8') in 0.026662 seconds
  Import took 0.029622 seconds .

========================================================================
Received Import Request.
  Time since last request: 0.000255 seconds.
  path: Assets/Graphics/Materials/Environment Layers/Layer_2_B.terrainlayer
  artifactKey: Guid(24b811207bf9054418579a61b8ef41fc) Importer(815301076,1909f56bfc062723c751e8b465ee728b)
Start importing Assets/Graphics/Materials/Environment Layers/Layer_2_B.terrainlayer using Guid(24b811207bf9054418579a61b8ef41fc) Importer(815301076,1909f56bfc062723c751e8b465ee728b)  -> (artifact id: 'f6004292940b35318279ec4325ab9c5e') in 0.032544 seconds
  Import took 0.035413 seconds .

========================================================================
Received Import Request.
  Time since last request: 0.000262 seconds.
  path: Assets/Graphics/Materials/Environment Layers/Layer_3_A.terrainlayer
  artifactKey: Guid(63aca63729a2a9b499d46785a1e0f1eb) Importer(815301076,1909f56bfc062723c751e8b465ee728b)
Start importing Assets/Graphics/Materials/Environment Layers/Layer_3_A.terrainlayer using Guid(63aca63729a2a9b499d46785a1e0f1eb) Importer(815301076,1909f56bfc062723c751e8b465ee728b)  -> (artifact id: 'cdfccc66047bffc7b71a12fcde287559') in 0.026058 seconds
  Import took 0.029061 seconds .

========================================================================
Received Import Request.
  Time since last request: 1120.627450 seconds.
  path: Assets/Graphics/Materials/Land_Texture.mat
  artifactKey: Guid(012055399b83e1b419bc69d816be295b) Importer(815301076,1909f56bfc062723c751e8b465ee728b)
Start importing Assets/Graphics/Materials/Land_Texture.mat using Guid(012055399b83e1b419bc69d816be295b) Importer(815301076,1909f56bfc062723c751e8b465ee728b)  -> (artifact id: '64c8b432cfc89556a3bf0cf347a26ff1') in 0.025930 seconds
  Import took 0.029717 seconds .

========================================================================
Received Import Request.
  Time since last request: 304.454422 seconds.
  path: Assets/Graphics/Terrains/Test Scene Terrain.asset
  artifactKey: Guid(72489b692e31ebc4c9cef35b7143a122) Importer(815301076,1909f56bfc062723c751e8b465ee728b)
Start importing Assets/Graphics/Terrains/Test Scene Terrain.asset using Guid(72489b692e31ebc4c9cef35b7143a122) Importer(815301076,1909f56bfc062723c751e8b465ee728b)  -> (artifact id: '38df85e2b000c03304fdc5ef1c3b7372') in 0.036525 seconds
  Import took 0.040701 seconds .

========================================================================
Received Import Request.
  Time since last request: 0.002271 seconds.
  path: Assets/Graphics/Terrains/Test Scene Terrain.asset
  artifactKey: Guid(72489b692e31ebc4c9cef35b7143a122) Importer(815301076,1909f56bfc062723c751e8b465ee728b)
Start importing Assets/Graphics/Terrains/Test Scene Terrain.asset using Guid(72489b692e31ebc4c9cef35b7143a122) Importer(815301076,1909f56bfc062723c751e8b465ee728b)  -> (artifact id: '38df85e2b000c03304fdc5ef1c3b7372') in 0.034844 seconds
  Import took 0.038169 seconds .

AssetImportWorkerClient::OnTransportError - code=2 error=End of file
